[    16.970] (--) Log file renamed from "/home/luke/.local/share/xorg/Xorg.pid-856.log" to "/home/luke/.local/share/xorg/Xorg.0.log"
[    16.976] 
X.Org X Server 1.20.9
X Protocol Version 11, Revision 0
[    16.976] Build Operating System: Linux 4.15.0-140-generic x86_64 Ubuntu
[    16.976] Current Operating System: Linux luke-VirtualBox 5.8.0-53-generic #60~20.04.1-Ubuntu SMP Thu May 6 09:52:46 UTC 2021 x86_64
[    16.976] Kernel command line: BOOT_IMAGE=/boot/vmlinuz-5.8.0-53-generic root=UUID=7cd6bfab-55ef-43c8-a1de-3fcdc0e50d95 ro quiet splash
[    16.976] Build Date: 08 April 2021  12:29:22PM
[    16.977] xorg-server 2:1.20.9-2ubuntu1.2~20.04.2 (For technical support please see http://www.ubuntu.com/support) 
[    16.977] Current version of pixman: 0.38.4
[    16.977] 	Before reporting problems, check http://wiki.x.org
	to make sure that you have the latest version.
[    16.977] Markers: (--) probed, (**) from config file, (==) default setting,
	(++) from command line, (!!) notice, (II) informational,
	(WW) warning, (EE) error, (NI) not implemented, (??) unknown.
[    16.978] (==) Log file: "/home/luke/.local/share/xorg/Xorg.0.log", Time: Fri May 21 15:16:40 2021
[    16.981] (==) Using system config directory "/usr/share/X11/xorg.conf.d"
[    16.988] (==) No Layout section.  Using the first Screen section.
[    16.988] (==) No screen section available. Using defaults.
[    16.988] (**) |-->Screen "Default Screen Section" (0)
[    16.988] (**) |   |-->Monitor "<default monitor>"
[    16.991] (==) No monitor specified for screen "Default Screen Section".
	Using a default monitor configuration.
[    16.991] (==) Automatically adding devices
[    16.991] (==) Automatically enabling devices
[    16.991] (==) Automatically adding GPU devices
[    16.991] (==) Automatically binding GPU devices
[    16.991] (==) Max clients allowed: 256, resource mask: 0x1fffff
[    17.016] (WW) The directory "/usr/share/fonts/X11/cyrillic" does not exist.
[    17.016] 	Entry deleted from font path.
[    17.016] (WW) The directory "/usr/share/fonts/X11/100dpi/" does not exist.
[    17.016] 	Entry deleted from font path.
[    17.016] (WW) The directory "/usr/share/fonts/X11/75dpi/" does not exist.
[    17.016] 	Entry deleted from font path.
[    17.020] (WW) The directory "/usr/share/fonts/X11/100dpi" does not exist.
[    17.020] 	Entry deleted from font path.
[    17.020] (WW) The directory "/usr/share/fonts/X11/75dpi" does not exist.
[    17.020] 	Entry deleted from font path.
[    17.020] (==) FontPath set to:
	/usr/share/fonts/X11/misc,
	/usr/share/fonts/X11/Type1,
	built-ins
[    17.020] (==) ModulePath set to "/usr/lib/xorg/modules"
[    17.020] (II) The server relies on udev to provide the list of input devices.
	If no devices become available, reconfigure udev or disable AutoAddDevices.
[    17.020] (II) Loader magic: 0x55a17633f020
[    17.020] (II) Module ABI versions:
[    17.020] 	X.Org ANSI C Emulation: 0.4
[    17.020] 	X.Org Video Driver: 24.1
[    17.020] 	X.Org XInput driver : 24.1
[    17.020] 	X.Org Server Extension : 10.0
[    17.022] (++) using VT number 2

[    17.024] (II) systemd-logind: took control of session /org/freedesktop/login1/session/_31
[    17.026] (II) xfree86: Adding drm device (/dev/dri/card0)
[    17.028] (II) systemd-logind: got fd for /dev/dri/card0 226:0 fd 12 paused 0
[    17.055] (--) PCI:*(0@0:2:0) 15ad:0405:15ad:0405 rev 0, Mem @ 0xe0000000/16777216, 0xf0000000/2097152, I/O @ 0x0000d010/16, BIOS @ 0x????????/131072
[    17.062] (II) LoadModule: "glx"
[    17.068] (II) Loading /usr/lib/xorg/modules/extensions/libglx.so
[    17.198] (II) Module glx: vendor="X.Org Foundation"
[    17.198] 	compiled for 1.20.9, module version = 1.0.0
[    17.202] 	ABI class: X.Org Server Extension, version 10.0
[    17.203] (==) Matched vmware as autoconfigured driver 0
[    17.203] (==) Matched modesetting as autoconfigured driver 1
[    17.203] (==) Matched fbdev as autoconfigured driver 2
[    17.203] (==) Matched vesa as autoconfigured driver 3
[    17.204] (==) Assigned the driver to the xf86ConfigLayout
[    17.204] (II) LoadModule: "vmware"
[    17.206] (II) Loading /usr/lib/xorg/modules/drivers/vmware_drv.so
[    18.731] (II) Module vmware: vendor="X.Org Foundation"
[    18.731] 	compiled for 1.20.8, module version = 13.3.0
[    18.731] 	Module class: X.Org Video Driver
[    18.731] 	ABI class: X.Org Video Driver, version 24.1
[    18.731] (II) LoadModule: "modesetting"
[    18.734] (II) Loading /usr/lib/xorg/modules/drivers/modesetting_drv.so
[    18.739] (II) Module modesetting: vendor="X.Org Foundation"
[    18.739] 	compiled for 1.20.9, module version = 1.20.9
[    18.739] 	Module class: X.Org Video Driver
[    18.739] 	ABI class: X.Org Video Driver, version 24.1
[    18.739] (II) LoadModule: "fbdev"
[    18.740] (II) Loading /usr/lib/xorg/modules/drivers/fbdev_drv.so
[    18.758] (II) Module fbdev: vendor="X.Org Foundation"
[    18.758] 	compiled for 1.20.1, module version = 0.5.0
[    18.758] 	Module class: X.Org Video Driver
[    18.758] 	ABI class: X.Org Video Driver, version 24.0
[    18.758] (II) LoadModule: "vesa"
[    18.759] (II) Loading /usr/lib/xorg/modules/drivers/vesa_drv.so
[    18.761] (II) Module vesa: vendor="X.Org Foundation"
[    18.761] 	compiled for 1.20.4, module version = 2.4.0
[    18.761] 	Module class: X.Org Video Driver
[    18.761] 	ABI class: X.Org Video Driver, version 24.0
[    18.761] (II) vmware: driver for VMware SVGA: vmware0405, vmware0710
[    18.762] (II) modesetting: Driver for Modesetting Kernel Drivers: kms
[    18.762] (II) FBDEV: driver for framebuffer: fbdev
[    18.762] (II) VESA: driver for VESA chipsets: vesa
[    18.762] xf86EnableIOPorts: failed to set IOPL for I/O (Operation not permitted)
[    18.762] (WW) Falling back to old probe method for modesetting
[    18.763] (WW) Falling back to old probe method for fbdev
[    18.763] (II) Loading sub module "fbdevhw"
[    18.763] (II) LoadModule: "fbdevhw"
[    18.763] (II) Loading /usr/lib/xorg/modules/libfbdevhw.so
[    18.769] (II) Module fbdevhw: vendor="X.Org Foundation"
[    18.769] 	compiled for 1.20.9, module version = 0.0.2
[    18.769] 	ABI class: X.Org Video Driver, version 24.1
[    18.770] (EE) open /dev/fb0: Permission denied
[    18.770] (WW) VGA arbiter: cannot open kernel arbiter, no multi-card support
[    18.770] (II) vmware(0): Creating default Display subsection in Screen section
	"Default Screen Section" for depth/fbbpp 24/32
[    18.770] (--) vmware(0): DRM driver version is 2.18.0
[    18.770] (==) vmware(0): Depth 24, (--) framebuffer bpp 32
[    18.770] (==) vmware(0): RGB weight 888
[    18.770] (==) vmware(0): Default visual is TrueColor
[    18.770] (--) vmware(0): Min width 1, Max Width 8192.
[    18.770] (--) vmware(0): Min height 1, Max Height 8192.
[    18.776] (II) vmware(0): Output Virtual1 has no monitor section
[    18.778] (II) vmware(0): Output Virtual2 has no monitor section
[    18.779] (II) vmware(0): Output Virtual3 has no monitor section
[    18.779] (II) vmware(0): Output Virtual4 has no monitor section
[    18.781] (II) vmware(0): Output Virtual5 has no monitor section
[    18.782] (II) vmware(0): Output Virtual6 has no monitor section
[    18.782] (II) vmware(0): Output Virtual7 has no monitor section
[    18.782] (II) vmware(0): Output Virtual8 has no monitor section
[    18.782] (II) vmware(0): Printing probed modes for output Virtual1
[    18.782] (II) vmware(0): Modeline "800x600"x60.0   42.75  800 850 900 950  600 650 700 750 -hsync +vsync (45.0 kHz eP)
[    18.782] (II) vmware(0): Modeline "2560x1600"x60.0  348.50  2560 2752 3032 3504  1600 1603 1609 1658 -hsync +vsync (99.5 kHz e)
[    18.782] (II) vmware(0): Modeline "1920x1440"x60.0  234.00  1920 2048 2256 2600  1440 1441 1444 1500 -hsync +vsync (90.0 kHz e)
[    18.782] (II) vmware(0): Modeline "1856x1392"x60.0  218.25  1856 1952 2176 2528  1392 1393 1396 1439 -hsync +vsync (86.3 kHz e)
[    18.783] (II) vmware(0): Modeline "1792x1344"x60.0  204.75  1792 1920 2120 2448  1344 1345 1348 1394 -hsync +vsync (83.6 kHz e)
[    18.783] (II) vmware(0): Modeline "1920x1200"x59.9  193.25  1920 2056 2256 2592  1200 1203 1209 1245 -hsync +vsync (74.6 kHz e)
[    18.783] (II) vmware(0): Modeline "1600x1200"x60.0  162.00  1600 1664 1856 2160  1200 1201 1204 1250 +hsync +vsync (75.0 kHz e)
[    18.783] (II) vmware(0): Modeline "1680x1050"x60.0  146.25  1680 1784 1960 2240  1050 1053 1059 1089 -hsync +vsync (65.3 kHz e)
[    18.783] (II) vmware(0): Modeline "1400x1050"x60.0  121.75  1400 1488 1632 1864  1050 1053 1057 1089 -hsync +vsync (65.3 kHz e)
[    18.783] (II) vmware(0): Modeline "1280x1024"x60.0  108.00  1280 1328 1440 1688  1024 1025 1028 1066 +hsync +vsync (64.0 kHz e)
[    18.783] (II) vmware(0): Modeline "1440x900"x59.9  106.50  1440 1520 1672 1904  900 903 909 934 -hsync +vsync (55.9 kHz e)
[    18.783] (II) vmware(0): Modeline "1280x960"x60.0  108.00  1280 1376 1488 1800  960 961 964 1000 +hsync +vsync (60.0 kHz e)
[    18.783] (II) vmware(0): Modeline "1360x768"x60.0   85.50  1360 1424 1536 1792  768 771 777 795 +hsync +vsync (47.7 kHz e)
[    18.783] (II) vmware(0): Modeline "1280x800"x59.8   83.50  1280 1352 1480 1680  800 803 809 831 +hsync -vsync (49.7 kHz e)
[    18.783] (II) vmware(0): Modeline "1152x864"x75.0  108.00  1152 1216 1344 1600  864 865 868 900 +hsync +vsync (67.5 kHz e)
[    18.783] (II) vmware(0): Modeline "1280x768"x59.9   79.50  1280 1344 1472 1664  768 771 778 798 -hsync +vsync (47.8 kHz e)
[    18.783] (II) vmware(0): Modeline "1024x768"x60.0   65.00  1024 1048 1184 1344  768 771 777 806 -hsync -vsync (48.4 kHz e)
[    18.783] (II) vmware(0): Modeline "800x600"x60.3   40.00  800 840 968 1056  600 601 605 628 +hsync +vsync (37.9 kHz e)
[    18.783] (II) vmware(0): Modeline "640x480"x59.9   25.18  640 656 752 800  480 489 492 525 -hsync -vsync (31.5 kHz e)
[    18.783] (II) vmware(0): EDID for output Virtual2
[    18.783] (II) vmware(0): EDID for output Virtual3
[    18.783] (II) vmware(0): EDID for output Virtual4
[    18.783] (II) vmware(0): EDID for output Virtual5
[    18.783] (II) vmware(0): EDID for output Virtual6
[    18.783] (II) vmware(0): EDID for output Virtual7
[    18.783] (II) vmware(0): EDID for output Virtual8
[    18.783] (II) vmware(0): Output Virtual1 connected
[    18.783] (II) vmware(0): Output Virtual2 disconnected
[    18.783] (II) vmware(0): Output Virtual3 disconnected
[    18.783] (II) vmware(0): Output Virtual4 disconnected
[    18.783] (II) vmware(0): Output Virtual5 disconnected
[    18.783] (II) vmware(0): Output Virtual6 disconnected
[    18.783] (II) vmware(0): Output Virtual7 disconnected
[    18.783] (II) vmware(0): Output Virtual8 disconnected
[    18.783] (II) vmware(0): Using exact sizes for initial modes
[    18.783] (II) vmware(0): Output Virtual1 using initial mode 800x600 +0+0
[    18.783] (==) vmware(0): DPI set to (96, 96)
[    18.783] (==) vmware(0): Using gamma correction (1.0, 1.0, 1.0)
[    18.783] (II) Loading sub module "fb"
[    18.783] (II) LoadModule: "fb"
[    18.783] (II) Loading /usr/lib/xorg/modules/libfb.so
[    18.810] (II) Module fb: vendor="X.Org Foundation"
[    18.810] 	compiled for 1.20.9, module version = 1.0.0
[    18.810] 	ABI class: X.Org ANSI C Emulation, version 0.4
[    18.810] (II) Loading sub module "dri2"
[    18.810] (II) LoadModule: "dri2"
[    18.811] (II) Module "dri2" already built-in
[    18.811] (II) Loading sub module "dri3"
[    18.811] (II) LoadModule: "dri3"
[    18.811] (II) Module "dri3" already built-in
[    18.811] (II) UnloadModule: "modesetting"
[    18.812] (II) Unloading modesetting
[    18.812] (II) UnloadModule: "fbdev"
[    18.812] (II) Unloading fbdev
[    18.813] (II) UnloadSubModule: "fbdevhw"
[    18.813] (II) Unloading fbdevhw
[    18.813] (II) UnloadModule: "vesa"
[    18.813] (II) Unloading vesa
[    18.833] (II) vmware(0): Initialized VMWARE_CTRL extension version 0.2
[    18.862] (WW) vmware(0): Failed to initialize Gallium3D Xa. No render acceleration available.
[    18.862] (WW) vmware(0): Skipped initialization of direct rendering due to lack of render acceleration.
[    18.862] (--) vmware(0): Render acceleration is disabled.
[    18.862] (==) vmware(0): Rendercheck mode is disabled.
[    18.862] (--) vmware(0): Direct rendering (DRI2 3D) is disabled.
[    18.862] (--) vmware(0): Direct rendering (DRI3 3D) is disabled.
[    18.862] (==) vmware(0): Backing store enabled
[    18.862] (==) vmware(0): Silken mouse enabled
[    18.866] (==) vmware(0): DPMS enabled
[    18.866] (II) vmware(0): No 3D acceleration. Not setting up textured video.
[    18.866] (WW) vmware(0): Disabling Xv because no adaptors could be initialized.
[    18.866] (II) Initializing extension Generic Event Extension
[    18.867] (II) Initializing extension SHAPE
[    18.867] (II) Initializing extension MIT-SHM
[    18.867] (II) Initializing extension XInputExtension
[    18.869] (II) Initializing extension XTEST
[    18.869] (II) Initializing extension BIG-REQUESTS
[    18.870] (II) Initializing extension SYNC
[    18.870] (II) Initializing extension XKEYBOARD
[    18.870] (II) Initializing extension XC-MISC
[    18.871] (II) Initializing extension SECURITY
[    18.871] (II) Initializing extension XFIXES
[    18.871] (II) Initializing extension RENDER
[    18.872] (II) Initializing extension RANDR
[    18.874] (II) Initializing extension COMPOSITE
[    18.874] (II) Initializing extension DAMAGE
[    18.874] (II) Initializing extension MIT-SCREEN-SAVER
[    18.875] (II) Initializing extension DOUBLE-BUFFER
[    18.875] (II) Initializing extension RECORD
[    18.875] (II) Initializing extension DPMS
[    18.878] (II) Initializing extension Present
[    18.884] (II) Initializing extension DRI3
[    18.884] (II) Initializing extension X-Resource
[    18.885] (II) Initializing extension XVideo
[    18.885] (II) Initializing extension XVideo-MotionCompensation
[    18.885] (II) Initializing extension SELinux
[    18.885] (II) SELinux: Disabled on system
[    18.885] (II) Initializing extension GLX
[    18.888] (II) AIGLX: Screen 0 is not DRI2 capable
[    19.404] (II) IGLX: Loaded and initialized swrast
[    19.404] (II) GLX: Initialized DRISWRAST GL provider for screen 0
[    19.404] (II) Initializing extension XFree86-VidModeExtension
[    19.404] (II) Initializing extension XFree86-DGA
[    19.405] (II) Initializing extension XFree86-DRI
[    19.405] (II) Initializing extension DRI2
[    19.458] (II) vmware(0): Setting screen physical size to 211 x 158
[    19.652] (II) config/udev: Adding input device Power Button (/dev/input/event0)
[    19.652] (**) Power Button: Applying InputClass "libinput keyboard catchall"
[    19.652] (II) LoadModule: "libinput"
[    19.652] (II) Loading /usr/lib/xorg/modules/input/libinput_drv.so
[    19.682] (II) Module libinput: vendor="X.Org Foundation"
[    19.682] 	compiled for 1.20.4, module version = 0.29.0
[    19.682] 	Module class: X.Org XInput Driver
[    19.682] 	ABI class: X.Org XInput driver, version 24.1
[    19.682] (II) Using input driver 'libinput' for 'Power Button'
[    19.714] (II) systemd-logind: got fd for /dev/input/event0 13:64 fd 20 paused 0
[    19.714] (**) Power Button: always reports core events
[    19.714] (**) Option "Device" "/dev/input/event0"
[    19.714] (**) Option "_source" "server/udev"
[    19.762] (II) event0  - Power Button: is tagged by udev as: Keyboard
[    19.762] (II) event0  - Power Button: device is a keyboard
[    19.762] (II) event0  - Power Button: device removed
[    19.762] (**) Option "config_info" "udev:/sys/devices/LNXSYSTM:00/LNXPWRBN:00/input/input0/event0"
[    19.763] (II) XINPUT: Adding extended input device "Power Button" (type: KEYBOARD, id 6)
[    19.763] (**) Option "xkb_model" "pc105"
[    19.763] (**) Option "xkb_layout" "us"
[    19.765] (II) event0  - Power Button: is tagged by udev as: Keyboard
[    19.765] (II) event0  - Power Button: device is a keyboard
[    19.769] (II) config/udev: Adding input device Sleep Button (/dev/input/event1)
[    19.769] (**) Sleep Button: Applying InputClass "libinput keyboard catchall"
[    19.770] (II) Using input driver 'libinput' for 'Sleep Button'
[    19.772] (II) systemd-logind: got fd for /dev/input/event1 13:65 fd 23 paused 0
[    19.772] (**) Sleep Button: always reports core events
[    19.772] (**) Option "Device" "/dev/input/event1"
[    19.772] (**) Option "_source" "server/udev"
[    19.774] (II) event1  - Sleep Button: is tagged by udev as: Keyboard
[    19.774] (II) event1  - Sleep Button: device is a keyboard
[    19.774] (II) event1  - Sleep Button: device removed
[    19.774] (**) Option "config_info" "udev:/sys/devices/LNXSYSTM:00/LNXSLPBN:00/input/input1/event1"
[    19.775] (II) XINPUT: Adding extended input device "Sleep Button" (type: KEYBOARD, id 7)
[    19.775] (**) Option "xkb_model" "pc105"
[    19.775] (**) Option "xkb_layout" "us"
[    19.777] (II) event1  - Sleep Button: is tagged by udev as: Keyboard
[    19.777] (II) event1  - Sleep Button: device is a keyboard
[    19.786] (II) config/udev: Adding input device Video Bus (/dev/input/event3)
[    19.786] (**) Video Bus: Applying InputClass "libinput keyboard catchall"
[    19.786] (II) Using input driver 'libinput' for 'Video Bus'
[    19.787] (II) systemd-logind: got fd for /dev/input/event3 13:67 fd 24 paused 0
[    19.787] (**) Video Bus: always reports core events
[    19.787] (**) Option "Device" "/dev/input/event3"
[    19.787] (**) Option "_source" "server/udev"
[    19.792] (II) event3  - Video Bus: is tagged by udev as: Keyboard
[    19.792] (II) event3  - Video Bus: device is a keyboard
[    19.792] (II) event3  - Video Bus: device removed
[    19.792] (**) Option "config_info" "udev:/sys/devices/LNXSYSTM:00/LNXSYBUS:00/PNP0A03:00/LNXVIDEO:00/input/input4/event3"
[    19.792] (II) XINPUT: Adding extended input device "Video Bus" (type: KEYBOARD, id 8)
[    19.792] (**) Option "xkb_model" "pc105"
[    19.792] (**) Option "xkb_layout" "us"
[    19.797] (II) event3  - Video Bus: is tagged by udev as: Keyboard
[    19.797] (II) event3  - Video Bus: device is a keyboard
[    19.799] (II) config/udev: Adding input device VirtualBox mouse integration (/dev/input/event6)
[    19.799] (**) VirtualBox mouse integration: Applying InputClass "libinput pointer catchall"
[    19.799] (II) Using input driver 'libinput' for 'VirtualBox mouse integration'
[    19.801] (II) systemd-logind: got fd for /dev/input/event6 13:70 fd 25 paused 0
[    19.801] (**) VirtualBox mouse integration: always reports core events
[    19.801] (**) Option "Device" "/dev/input/event6"
[    19.802] (**) Option "_source" "server/udev"
[    19.807] (II) event6  - VirtualBox mouse integration: is tagged by udev as: Mouse
[    19.807] (II) event6  - VirtualBox mouse integration: device is a pointer
[    19.808] (II) event6  - VirtualBox mouse integration: device removed
[    19.808] (**) Option "config_info" "udev:/sys/devices/pci0000:00/0000:00:04.0/input/input7/event6"
[    19.808] (II) XINPUT: Adding extended input device "VirtualBox mouse integration" (type: MOUSE, id 9)
[    19.811] (**) Option "AccelerationScheme" "none"
[    19.812] (**) VirtualBox mouse integration: (accel) selected scheme none/0
[    19.812] (**) VirtualBox mouse integration: (accel) acceleration factor: 2.000
[    19.812] (**) VirtualBox mouse integration: (accel) acceleration threshold: 4
[    19.813] (II) event6  - VirtualBox mouse integration: is tagged by udev as: Mouse
[    19.814] (II) event6  - VirtualBox mouse integration: device is a pointer
[    19.820] (II) config/udev: Adding input device VirtualBox mouse integration (/dev/input/js1)
[    19.821] (II) No input driver specified, ignoring this device.
[    19.821] (II) This device may have been added with another device file.
[    19.830] (II) config/udev: Adding input device VirtualBox mouse integration (/dev/input/mouse2)
[    19.830] (II) No input driver specified, ignoring this device.
[    19.830] (II) This device may have been added with another device file.
[    19.833] (II) config/udev: Adding input device VirtualBox USB Tablet (/dev/input/event5)
[    19.833] (**) VirtualBox USB Tablet: Applying InputClass "libinput pointer catchall"
[    19.834] (II) Using input driver 'libinput' for 'VirtualBox USB Tablet'
[    19.894] (II) systemd-logind: got fd for /dev/input/event5 13:69 fd 26 paused 0
[    19.894] (**) VirtualBox USB Tablet: always reports core events
[    19.894] (**) Option "Device" "/dev/input/event5"
[    19.894] (**) Option "_source" "server/udev"
[    19.897] (II) event5  - VirtualBox USB Tablet: is tagged by udev as: Mouse
[    19.898] (II) event5  - VirtualBox USB Tablet: device is a pointer
[    19.898] (II) event5  - VirtualBox USB Tablet: device removed
[    19.898] (**) Option "config_info" "udev:/sys/devices/pci0000:00/0000:00:06.0/usb1/1-1/1-1:1.0/0003:80EE:0021.0001/input/input6/event5"
[    19.898] (II) XINPUT: Adding extended input device "VirtualBox USB Tablet" (type: MOUSE, id 10)
[    19.898] (**) Option "AccelerationScheme" "none"
[    19.898] (**) VirtualBox USB Tablet: (accel) selected scheme none/0
[    19.898] (**) VirtualBox USB Tablet: (accel) acceleration factor: 2.000
[    19.898] (**) VirtualBox USB Tablet: (accel) acceleration threshold: 4
[    19.901] (II) event5  - VirtualBox USB Tablet: is tagged by udev as: Mouse
[    19.903] (II) event5  - VirtualBox USB Tablet: device is a pointer
[    19.904] (II) config/udev: Adding input device VirtualBox USB Tablet (/dev/input/js0)
[    19.904] (II) No input driver specified, ignoring this device.
[    19.904] (II) This device may have been added with another device file.
[    19.906] (II) config/udev: Adding input device VirtualBox USB Tablet (/dev/input/mouse1)
[    19.907] (II) No input driver specified, ignoring this device.
[    19.907] (II) This device may have been added with another device file.
[    19.913] (II) config/udev: Adding input device AT Translated Set 2 keyboard (/dev/input/event2)
[    19.913] (**) AT Translated Set 2 keyboard: Applying InputClass "libinput keyboard catchall"
[    19.914] (II) Using input driver 'libinput' for 'AT Translated Set 2 keyboard'
[    19.915] (II) systemd-logind: got fd for /dev/input/event2 13:66 fd 27 paused 0
[    19.915] (**) AT Translated Set 2 keyboard: always reports core events
[    19.915] (**) Option "Device" "/dev/input/event2"
[    19.915] (**) Option "_source" "server/udev"
[    19.916] (II) event2  - AT Translated Set 2 keyboard: is tagged by udev as: Keyboard
[    19.918] (II) event2  - AT Translated Set 2 keyboard: device is a keyboard
[    19.918] (II) event2  - AT Translated Set 2 keyboard: device removed
[    19.918] (**) Option "config_info" "udev:/sys/devices/platform/i8042/serio0/input/input2/event2"
[    19.919] (II) XINPUT: Adding extended input device "AT Translated Set 2 keyboard" (type: KEYBOARD, id 11)
[    19.919] (**) Option "xkb_model" "pc105"
[    19.919] (**) Option "xkb_layout" "us"
[    19.920] (II) event2  - AT Translated Set 2 keyboard: is tagged by udev as: Keyboard
[    19.920] (II) event2  - AT Translated Set 2 keyboard: device is a keyboard
[    19.920] (II) config/udev: Adding input device ImExPS/2 Generic Explorer Mouse (/dev/input/event4)
[    19.920] (**) ImExPS/2 Generic Explorer Mouse: Applying InputClass "libinput pointer catchall"
[    19.920] (II) Using input driver 'libinput' for 'ImExPS/2 Generic Explorer Mouse'
[    19.922] (II) systemd-logind: got fd for /dev/input/event4 13:68 fd 28 paused 0
[    19.922] (**) ImExPS/2 Generic Explorer Mouse: always reports core events
[    19.922] (**) Option "Device" "/dev/input/event4"
[    19.923] (**) Option "_source" "server/udev"
[    19.929] (II) event4  - ImExPS/2 Generic Explorer Mouse: is tagged by udev as: Mouse
[    19.929] (II) event4  - ImExPS/2 Generic Explorer Mouse: device is a pointer
[    19.929] (II) event4  - ImExPS/2 Generic Explorer Mouse: device removed
[    19.929] (**) Option "config_info" "udev:/sys/devices/platform/i8042/serio1/input/input5/event4"
[    19.929] (II) XINPUT: Adding extended input device "ImExPS/2 Generic Explorer Mouse" (type: MOUSE, id 12)
[    19.929] (**) Option "AccelerationScheme" "none"
[    19.929] (**) ImExPS/2 Generic Explorer Mouse: (accel) selected scheme none/0
[    19.929] (**) ImExPS/2 Generic Explorer Mouse: (accel) acceleration factor: 2.000
[    19.929] (**) ImExPS/2 Generic Explorer Mouse: (accel) acceleration threshold: 4
[    19.935] (II) event4  - ImExPS/2 Generic Explorer Mouse: is tagged by udev as: Mouse
[    19.935] (II) event4  - ImExPS/2 Generic Explorer Mouse: device is a pointer
[    19.936] (II) config/udev: Adding input device ImExPS/2 Generic Explorer Mouse (/dev/input/mouse0)
[    19.936] (II) No input driver specified, ignoring this device.
[    19.936] (II) This device may have been added with another device file.
