[2021-04-02 11:22:06.990] [renderer1] [error] Failed to execute git
[2021-04-02 11:22:16.533] [renderer1] [error] Failed to execute git
[2021-04-02 11:22:38.592] [renderer1] [error] Failed to execute git
[2021-04-02 12:03:29.636] [renderer1] [warning] {}
[2021-04-02 12:12:45.107] [renderer1] [error] Unable to find matching pair for [ at char 81: Error: Unable to find matching pair for [ at char 81
	at t.a.error (/snap/code/60/usr/share/code/resources/app/extensions/emmet/dist/node/emmetNodeMain.js:1:14574)
	at f (/snap/code/60/usr/share/code/resources/app/extensions/emmet/dist/node/emmetNodeMain.js:1:3423)
	at c (/snap/code/60/usr/share/code/resources/app/extensions/emmet/dist/node/emmetNodeMain.js:1:46845)
	at l (/snap/code/60/usr/share/code/resources/app/extensions/emmet/dist/node/emmetNodeMain.js:1:46943)
	at /snap/code/60/usr/share/code/resources/app/extensions/emmet/dist/node/emmetNodeMain.js:1:47569
	at h (/snap/code/60/usr/share/code/resources/app/extensions/emmet/dist/node/emmetNodeMain.js:1:47676)
	at C (/snap/code/60/usr/share/code/resources/app/extensions/emmet/dist/node/emmetNodeMain.js:1:48607)
	at t.default (/snap/code/60/usr/share/code/resources/app/extensions/emmet/dist/node/emmetNodeMain.js:1:49017)
	at t.getRootNode (/snap/code/60/usr/share/code/resources/app/extensions/emmet/dist/node/emmetNodeMain.js:1:13697)
	at t.DefaultCompletionItemProvider.provideCompletionItemsInternal (/snap/code/60/usr/share/code/resources/app/extensions/emmet/dist/node/emmetNodeMain.js:1:60648)
	at t.DefaultCompletionItemProvider.provideCompletionItems (/snap/code/60/usr/share/code/resources/app/extensions/emmet/dist/node/emmetNodeMain.js:1:59521)
	at /snap/code/60/usr/share/code/resources/app/out/vs/workbench/services/extensions/node/extensionHostProcess.js:86:170887
	at /snap/code/60/usr/share/code/resources/app/out/vs/workbench/services/extensions/node/extensionHostProcess.js:64:12046
	at new Promise (<anonymous>)
	at g (/snap/code/60/usr/share/code/resources/app/out/vs/workbench/services/extensions/node/extensionHostProcess.js:64:12018)
	at M.provideCompletionItems (/snap/code/60/usr/share/code/resources/app/out/vs/workbench/services/extensions/node/extensionHostProcess.js:86:170867)
	at /snap/code/60/usr/share/code/resources/app/out/vs/workbench/services/extensions/node/extensionHostProcess.js:86:189350
	at Ie._withAdapter (/snap/code/60/usr/share/code/resources/app/out/vs/workbench/services/extensions/node/extensionHostProcess.js:86:179343)
	at Ie.$provideCompletionItems (/snap/code/60/usr/share/code/resources/app/out/vs/workbench/services/extensions/node/extensionHostProcess.js:86:189326)
	at u._doInvokeHandler (/snap/code/60/usr/share/code/resources/app/out/vs/workbench/services/extensions/node/extensionHostProcess.js:90:12794)
	at u._invokeHandler (/snap/code/60/usr/share/code/resources/app/out/vs/workbench/services/extensions/node/extensionHostProcess.js:90:12478)
	at u._receiveRequest (/snap/code/60/usr/share/code/resources/app/out/vs/workbench/services/extensions/node/extensionHostProcess.js:90:11094)
	at u._receiveOneMessage (/snap/code/60/usr/share/code/resources/app/out/vs/workbench/services/extensions/node/extensionHostProcess.js:90:9931)
	at /snap/code/60/usr/share/code/resources/app/out/vs/workbench/services/extensions/node/extensionHostProcess.js:90:8032
	at _.fire (/snap/code/60/usr/share/code/resources/app/out/vs/workbench/services/extensions/node/extensionHostProcess.js:57:1836)
	at E.fire (/snap/code/60/usr/share/code/resources/app/out/vs/workbench/services/extensions/node/extensionHostProcess.js:65:15496)
	at /snap/code/60/usr/share/code/resources/app/out/vs/workbench/services/extensions/node/extensionHostProcess.js:105:30083
	at _.fire (/snap/code/60/usr/share/code/resources/app/out/vs/workbench/services/extensions/node/extensionHostProcess.js:57:1836)
	at E.fire (/snap/code/60/usr/share/code/resources/app/out/vs/workbench/services/extensions/node/extensionHostProcess.js:65:15496)
	at t._receiveMessage (/snap/code/60/usr/share/code/resources/app/out/vs/workbench/services/extensions/node/extensionHostProcess.js:65:20754)
	at /snap/code/60/usr/share/code/resources/app/out/vs/workbench/services/extensions/node/extensionHostProcess.js:65:17640
	at _.fire (/snap/code/60/usr/share/code/resources/app/out/vs/workbench/services/extensions/node/extensionHostProcess.js:57:1836)
	at acceptChunk (/snap/code/60/usr/share/code/resources/app/out/vs/workbench/services/extensions/node/extensionHostProcess.js:65:12861)
	at /snap/code/60/usr/share/code/resources/app/out/vs/workbench/services/extensions/node/extensionHostProcess.js:65:12209
	at Socket.w (/snap/code/60/usr/share/code/resources/app/out/vs/workbench/services/extensions/node/extensionHostProcess.js:105:13173)
	at Socket.emit (events.js:315:20)
	at addChunk (_stream_readable.js:295:12)
	at readableAddChunk (_stream_readable.js:271:9)
	at Socket.Readable.push (_stream_readable.js:212:10)
	at Pipe.onStreamRead (internal/stream_base_commons.js:186:23)
