Looking for git in: git
Using git 2.25.1 from git
> git rev-parse --git-dir
Open repository: /home/luke
> git status -z -u
> git check-ignore -v -z --stdin
> git symbolic-ref --short HEAD
> git for-each-ref --format=%(refname)%00%(upstream:short)%00%(upstream:track)%00%(objectname) refs/heads/master refs/remotes/master
> git for-each-ref --sort -committerdate --format %(refname) %(objectname) %(*objectname)
> git remote --verbose
> git config --get commit.template
> git show --textconv :dev/NewProg/src/app/order/order-create/order-create.component.css
> git ls-files --stage -- /home/luke/dev/NewProg/src/app/order/order-create/order-create.component.css
> git show --textconv :dev/NewProg/src/app/order/order-create/order-create.component.html
> git ls-files --stage -- /home/luke/dev/NewProg/src/app/order/order-create/order-create.component.html
> git show --textconv :dev/NewProg/src/app/order/order-create/order-create.component.html
> git ls-files --stage -- /home/luke/dev/NewProg/src/app/order/order-create/order-create.component.html
> git show --textconv :dev/NewProg/src/app/app.component.html
> git ls-files --stage -- /home/luke/dev/NewProg/src/app/app.component.html
> git show --textconv :dev/NewProg/src/app/app.component.spec.ts
> git ls-files --stage -- /home/luke/dev/NewProg/src/app/app.component.spec.ts
> git show --textconv :dev/NewProg/src/app/app.component.ts
> git ls-files --stage -- /home/luke/dev/NewProg/src/app/app.component.ts
> git show --textconv :dev/NewProg/src/app/app.module.ts
> git ls-files --stage -- /home/luke/dev/NewProg/src/app/app.module.ts
> git show --textconv :dev/NewProg/src/app/app.component.ts
> git ls-files --stage -- /home/luke/dev/NewProg/src/app/app.component.ts
> git show --textconv :dev/NewProg/src/app/app.component.spec.ts
> git ls-files --stage -- /home/luke/dev/NewProg/src/app/app.component.spec.ts
> git show --textconv :dev/NewProg/src/app/app.component.html
> git ls-files --stage -- /home/luke/dev/NewProg/src/app/app.component.html
> git show --textconv :dev/NewProg/src/app/app.component.css
> git ls-files --stage -- /home/luke/dev/NewProg/src/app/app.component.css
> git show --textconv :dev/NewProg/src/app/app.component.html
> git ls-files --stage -- /home/luke/dev/NewProg/src/app/app.component.html
> git show --textconv :dev/NewProg/src/app/app.component.spec.ts
> git ls-files --stage -- /home/luke/dev/NewProg/src/app/app.component.spec.ts
> git show --textconv :dev/NewProg/src/app/app.component.ts
> git ls-files --stage -- /home/luke/dev/NewProg/src/app/app.component.ts
> git show --textconv :dev/NewProg/src/app/app.component.spec.ts
> git ls-files --stage -- /home/luke/dev/NewProg/src/app/app.component.spec.ts
> git show --textconv :dev/NewProg/src/app/app.component.html
> git ls-files --stage -- /home/luke/dev/NewProg/src/app/app.component.html
> git show --textconv :dev/NewProg/src/app/app.component.css
> git ls-files --stage -- /home/luke/dev/NewProg/src/app/app.component.css
> git show --textconv :dev/NewProg/src/app/order/order-create/order-create.component.ts
> git ls-files --stage -- /home/luke/dev/NewProg/src/app/order/order-create/order-create.component.ts
> git show --textconv :dev/NewProg/src/app/order/order-create/order-create.component.css
> git ls-files --stage -- /home/luke/dev/NewProg/src/app/order/order-create/order-create.component.css
> git show --textconv :dev/NewProg/src/app/order/order-create/order-create.component.ts
> git ls-files --stage -- /home/luke/dev/NewProg/src/app/order/order-create/order-create.component.ts
> git show --textconv :dev/NewProg/src/app/order/order-create/order-create.component.spec.ts
> git ls-files --stage -- /home/luke/dev/NewProg/src/app/order/order-create/order-create.component.spec.ts
> git show --textconv :dev/NewProg/src/app/order/order-create/order-create.component.ts
> git ls-files --stage -- /home/luke/dev/NewProg/src/app/order/order-create/order-create.component.ts
> git check-ignore -v -z --stdin
> git show --textconv :dev/NewProg/src/app/app.component.html
> git ls-files --stage -- /home/luke/dev/NewProg/src/app/app.component.html
> git show --textconv :dev/NewProg/src/app/order/order-create/order-create.component.ts
> git ls-files --stage -- /home/luke/dev/NewProg/src/app/order/order-create/order-create.component.ts
> git show --textconv :dev/NewProg/src/app/order/order-create/order-create.component.spec.ts
> git ls-files --stage -- /home/luke/dev/NewProg/src/app/order/order-create/order-create.component.spec.ts
> git show --textconv :dev/NewProg/src/app/order/order-create/order-create.component.ts
> git ls-files --stage -- /home/luke/dev/NewProg/src/app/order/order-create/order-create.component.ts
