Initializing document watcher...
NewProg/backend/app.js: {"insertSpaces":true,"tabSize":2}
NewProg/server.js: {"insertSpaces":true,"tabSize":2}
NewProg/backend/app.js: {"insertSpaces":true,"tabSize":2}
NewProg/backend/app.js: Using EditorConfig core...
backend/app.js: editor.action.trimTrailingWhitespace
NewProg/backend/app.js: Using EditorConfig core...
backend/app.js: editor.action.trimTrailingWhitespace
NewProg/backend/app.js: Using EditorConfig core...
backend/app.js: editor.action.trimTrailingWhitespace
NewProg/backend/app.js: Using EditorConfig core...
backend/app.js: editor.action.trimTrailingWhitespace
NewProg/backend/app.js: Using EditorConfig core...
backend/app.js: editor.action.trimTrailingWhitespace
NewProg/backend/app.js: Using EditorConfig core...
backend/app.js: editor.action.trimTrailingWhitespace
NewProg/backend/app.js: Using EditorConfig core...
backend/app.js: editor.action.trimTrailingWhitespace
NewProg/backend/app.js: Using EditorConfig core...
backend/app.js: editor.action.trimTrailingWhitespace
NewProg/backend/app.js: Using EditorConfig core...
backend/app.js: editor.action.trimTrailingWhitespace
NewProg/backend/app.js: Using EditorConfig core...
backend/app.js: editor.action.trimTrailingWhitespace
NewProg/backend/app.js: Using EditorConfig core...
backend/app.js: editor.action.trimTrailingWhitespace
NewProg/backend/app.js: Using EditorConfig core...
backend/app.js: editor.action.trimTrailingWhitespace
NewProg/backend/app.js: Using EditorConfig core...
backend/app.js: editor.action.trimTrailingWhitespace
NewProg/backend/app.js: Using EditorConfig core...
backend/app.js: editor.action.trimTrailingWhitespace
NewProg/backend/app.js: Using EditorConfig core...
backend/app.js: editor.action.trimTrailingWhitespace
NewProg/backend/app.js: Using EditorConfig core...
backend/app.js: editor.action.trimTrailingWhitespace
NewProg/backend/app.js: Using EditorConfig core...
backend/app.js: editor.action.trimTrailingWhitespace
NewProg/backend/app.js: Using EditorConfig core...
backend/app.js: editor.action.trimTrailingWhitespace
NewProg/backend/app.js: Using EditorConfig core...
backend/app.js: editor.action.trimTrailingWhitespace
NewProg/backend/app.js: Using EditorConfig core...
backend/app.js: editor.action.trimTrailingWhitespace
NewProg/backend/app.js: Using EditorConfig core...
backend/app.js: editor.action.trimTrailingWhitespace
NewProg/backend/app.js: Using EditorConfig core...
backend/app.js: editor.action.trimTrailingWhitespace
NewProg/backend/app.js: Using EditorConfig core...
backend/app.js: editor.action.trimTrailingWhitespace
NewProg/backend/app.js: Using EditorConfig core...
backend/app.js: editor.action.trimTrailingWhitespace
NewProg/backend/app.js: Using EditorConfig core...
backend/app.js: editor.action.trimTrailingWhitespace
NewProg/backend/app.js: Using EditorConfig core...
backend/app.js: editor.action.trimTrailingWhitespace
NewProg/backend/app.js: Using EditorConfig core...
backend/app.js: editor.action.trimTrailingWhitespace
NewProg/backend/app.js: Using EditorConfig core...
backend/app.js: editor.action.trimTrailingWhitespace
NewProg/backend/app.js: Using EditorConfig core...
backend/app.js: editor.action.trimTrailingWhitespace
NewProg/backend/app.js: Using EditorConfig core...
backend/app.js: editor.action.trimTrailingWhitespace
NewProg/backend/app.js: Using EditorConfig core...
backend/app.js: editor.action.trimTrailingWhitespace
NewProg/backend/app.js: Using EditorConfig core...
backend/app.js: editor.action.trimTrailingWhitespace
NewProg/backend/app.js: Using EditorConfig core...
backend/app.js: editor.action.trimTrailingWhitespace
NewProg/backend/app.js: Using EditorConfig core...
backend/app.js: editor.action.trimTrailingWhitespace
NewProg/backend/app.js: Using EditorConfig core...
backend/app.js: editor.action.trimTrailingWhitespace
NewProg/backend/app.js: Using EditorConfig core...
backend/app.js: editor.action.trimTrailingWhitespace
NewProg/backend/app.js: Using EditorConfig core...
backend/app.js: editor.action.trimTrailingWhitespace
NewProg/backend/app.js: Using EditorConfig core...
backend/app.js: editor.action.trimTrailingWhitespace
NewProg/backend/app.js: Using EditorConfig core...
backend/app.js: editor.action.trimTrailingWhitespace
NewProg/backend/app.js: Using EditorConfig core...
backend/app.js: editor.action.trimTrailingWhitespace
NewProg/backend/app.js: Using EditorConfig core...
backend/app.js: editor.action.trimTrailingWhitespace
NewProg/backend/app.js: Using EditorConfig core...
backend/app.js: editor.action.trimTrailingWhitespace
NewProg/backend/app.js: Using EditorConfig core...
backend/app.js: editor.action.trimTrailingWhitespace
NewProg/backend/app.js: Using EditorConfig core...
backend/app.js: editor.action.trimTrailingWhitespace
NewProg/backend/app.js: Using EditorConfig core...
backend/app.js: editor.action.trimTrailingWhitespace
NewProg/backend/app.js: Using EditorConfig core...
backend/app.js: editor.action.trimTrailingWhitespace
NewProg/backend/app.js: Using EditorConfig core...
backend/app.js: editor.action.trimTrailingWhitespace
NewProg/backend/app.js: Using EditorConfig core...
backend/app.js: editor.action.trimTrailingWhitespace
NewProg/backend/app.js: Using EditorConfig core...
backend/app.js: editor.action.trimTrailingWhitespace
NewProg/backend/app.js: Using EditorConfig core...
backend/app.js: editor.action.trimTrailingWhitespace
NewProg/backend/app.js: Using EditorConfig core...
backend/app.js: editor.action.trimTrailingWhitespace
NewProg/backend/app.js: Using EditorConfig core...
backend/app.js: editor.action.trimTrailingWhitespace
NewProg/backend/app.js: Using EditorConfig core...
backend/app.js: editor.action.trimTrailingWhitespace
NewProg/backend/app.js: Using EditorConfig core...
backend/app.js: editor.action.trimTrailingWhitespace
NewProg/backend/app.js: Using EditorConfig core...
backend/app.js: editor.action.trimTrailingWhitespace
NewProg/backend/app.js: Using EditorConfig core...
backend/app.js: editor.action.trimTrailingWhitespace
NewProg/backend/app.js: Using EditorConfig core...
backend/app.js: editor.action.trimTrailingWhitespace
NewProg/backend/app.js: Using EditorConfig core...
backend/app.js: editor.action.trimTrailingWhitespace
NewProg/backend/app.js: Using EditorConfig core...
backend/app.js: editor.action.trimTrailingWhitespace
NewProg/backend/app.js: Using EditorConfig core...
backend/app.js: editor.action.trimTrailingWhitespace
NewProg/backend/app.js: Using EditorConfig core...
backend/app.js: editor.action.trimTrailingWhitespace
NewProg/backend/app.js: Using EditorConfig core...
backend/app.js: editor.action.trimTrailingWhitespace
NewProg/backend/app.js: Using EditorConfig core...
backend/app.js: editor.action.trimTrailingWhitespace
NewProg/backend/app.js: Using EditorConfig core...
backend/app.js: editor.action.trimTrailingWhitespace
NewProg/backend/app.js: Using EditorConfig core...
backend/app.js: editor.action.trimTrailingWhitespace
NewProg/backend/app.js: Using EditorConfig core...
backend/app.js: editor.action.trimTrailingWhitespace
NewProg/backend/app.js: Using EditorConfig core...
backend/app.js: editor.action.trimTrailingWhitespace
NewProg/backend/app.js: Using EditorConfig core...
backend/app.js: editor.action.trimTrailingWhitespace
NewProg/backend/app.js: Using EditorConfig core...
backend/app.js: editor.action.trimTrailingWhitespace
NewProg/backend/app.js: Using EditorConfig core...
backend/app.js: editor.action.trimTrailingWhitespace
NewProg/backend/app.js: Using EditorConfig core...
backend/app.js: editor.action.trimTrailingWhitespace
NewProg/backend/app.js: Using EditorConfig core...
backend/app.js: editor.action.trimTrailingWhitespace
NewProg/backend/app.js: Using EditorConfig core...
backend/app.js: editor.action.trimTrailingWhitespace
NewProg/backend/app.js: Using EditorConfig core...
backend/app.js: editor.action.trimTrailingWhitespace
NewProg/backend/app.js: Using EditorConfig core...
backend/app.js: editor.action.trimTrailingWhitespace
NewProg/backend/app.js: Using EditorConfig core...
backend/app.js: editor.action.trimTrailingWhitespace
NewProg/backend/app.js: Using EditorConfig core...
backend/app.js: editor.action.trimTrailingWhitespace
NewProg/backend/app.js: Using EditorConfig core...
backend/app.js: editor.action.trimTrailingWhitespace
NewProg/backend/app.js: Using EditorConfig core...
backend/app.js: editor.action.trimTrailingWhitespace
NewProg/backend/app.js: Using EditorConfig core...
backend/app.js: editor.action.trimTrailingWhitespace
NewProg/backend/app.js: Using EditorConfig core...
backend/app.js: editor.action.trimTrailingWhitespace
NewProg/backend/app.js: Using EditorConfig core...
backend/app.js: editor.action.trimTrailingWhitespace
NewProg/backend/app.js: Using EditorConfig core...
backend/app.js: editor.action.trimTrailingWhitespace
NewProg/backend/app.js: Using EditorConfig core...
backend/app.js: editor.action.trimTrailingWhitespace
NewProg/backend/app.js: Using EditorConfig core...
backend/app.js: editor.action.trimTrailingWhitespace
NewProg/backend/app.js: Using EditorConfig core...
backend/app.js: editor.action.trimTrailingWhitespace
NewProg/backend/app.js: Using EditorConfig core...
backend/app.js: editor.action.trimTrailingWhitespace
NewProg/backend/app.js: {"insertSpaces":true,"tabSize":2}
NewProg/backend/app.js: {"insertSpaces":true,"tabSize":2}
NewProg/server.js: {"insertSpaces":true,"tabSize":2}
NewProg/src/app/order/order.service.ts: {"insertSpaces":true,"tabSize":2}
NewProg/src/app/order/order.service.ts: {"insertSpaces":true,"tabSize":2}
No more open editors.
No more open editors.
No more open editors.
