[2021-04-05 16:32:51.437] [exthost] [info] extension host started
[2021-04-05 16:32:52.030] [exthost] [info] ExtensionService#_doActivateExtension vscode.microsoft-authentication {"startup":false,"extensionId":{"value":"vscode.microsoft-authentication","_lower":"vscode.microsoft-authentication"},"activationEvent":"onAuthenticationRequest:microsoft"}
[2021-04-05 16:32:52.030] [exthost] [info] ExtensionService#loadCommonJSModule file:///snap/code/60/usr/share/code/resources/app/extensions/microsoft-authentication/dist/extension.js
[2021-04-05 16:32:52.063] [exthost] [info] ExtensionService#_doActivateExtension vscode.emmet {"startup":false,"extensionId":{"value":"vscode.emmet","_lower":"vscode.emmet"},"activationEvent":"onLanguage:html"}
[2021-04-05 16:32:52.064] [exthost] [info] ExtensionService#loadCommonJSModule file:///snap/code/60/usr/share/code/resources/app/extensions/emmet/dist/node/emmetNodeMain
[2021-04-05 16:32:52.075] [exthost] [info] ExtensionService#_doActivateExtension vscode.html-language-features {"startup":false,"extensionId":{"value":"vscode.html-language-features","_lower":"vscode.html-language-features"},"activationEvent":"onLanguage:html"}
[2021-04-05 16:32:52.089] [exthost] [info] ExtensionService#loadCommonJSModule file:///snap/code/60/usr/share/code/resources/app/extensions/html-language-features/client/dist/node/htmlClientMain
[2021-04-05 16:32:52.142] [exthost] [info] ExtensionService#_doActivateExtension Angular.ng-template {"startup":false,"extensionId":{"value":"Angular.ng-template","_lower":"angular.ng-template"},"activationEvent":"onLanguage:html"}
[2021-04-05 16:32:52.143] [exthost] [info] ExtensionService#loadCommonJSModule file:///home/luke/.vscode/extensions/angular.ng-template-11.2.9/index
[2021-04-05 16:32:52.622] [exthost] [info] ExtensionService#_doActivateExtension vscode.debug-auto-launch {"startup":true,"extensionId":{"value":"vscode.debug-auto-launch","_lower":"vscode.debug-auto-launch"},"activationEvent":"*"}
[2021-04-05 16:32:52.622] [exthost] [info] ExtensionService#loadCommonJSModule file:///snap/code/60/usr/share/code/resources/app/extensions/debug-auto-launch/dist/extension
[2021-04-05 16:32:52.624] [exthost] [info] ExtensionService#_doActivateExtension vscode.git {"startup":true,"extensionId":{"value":"vscode.github","_lower":"vscode.github"},"activationEvent":"*"}
[2021-04-05 16:32:52.624] [exthost] [info] ExtensionService#loadCommonJSModule file:///snap/code/60/usr/share/code/resources/app/extensions/git/dist/main
[2021-04-05 16:32:52.644] [exthost] [info] ExtensionService#_doActivateExtension EditorConfig.EditorConfig {"startup":true,"extensionId":{"value":"EditorConfig.EditorConfig","_lower":"editorconfig.editorconfig"},"activationEvent":"*"}
[2021-04-05 16:32:52.660] [exthost] [info] ExtensionService#loadCommonJSModule file:///home/luke/.vscode/extensions/editorconfig.editorconfig-0.16.4/out/editorConfigMain.js
[2021-04-05 16:32:52.675] [exthost] [info] ExtensionService#_doActivateExtension johnpapa.vscode-peacock {"startup":true,"extensionId":{"value":"johnpapa.vscode-peacock","_lower":"johnpapa.vscode-peacock"},"activationEvent":"*"}
[2021-04-05 16:32:52.685] [exthost] [info] ExtensionService#loadCommonJSModule file:///home/luke/.vscode/extensions/johnpapa.vscode-peacock-3.9.1/dist/extension
[2021-04-05 16:32:52.694] [exthost] [info] ExtensionService#_doActivateExtension nrwl.angular-console {"startup":true,"extensionId":{"value":"nrwl.angular-console","_lower":"nrwl.angular-console"},"activationEvent":"*"}
[2021-04-05 16:32:52.694] [exthost] [info] ExtensionService#loadCommonJSModule file:///home/luke/.vscode/extensions/nrwl.angular-console-17.1.0/main.js
[2021-04-05 16:32:53.046] [exthost] [info] ExtensionService#_doActivateExtension PKief.material-icon-theme {"startup":true,"extensionId":{"value":"PKief.material-icon-theme","_lower":"pkief.material-icon-theme"},"activationEvent":"*"}
[2021-04-05 16:32:53.046] [exthost] [info] ExtensionService#loadCommonJSModule file:///home/luke/.vscode/extensions/pkief.material-icon-theme-4.6.0/dist/extension
[2021-04-05 16:32:53.051] [exthost] [info] ExtensionService#_doActivateExtension vscode.npm {"startup":true,"extensionId":{"value":"vscode.npm","_lower":"vscode.npm"},"activationEvent":"workspaceContains:package.json"}
[2021-04-05 16:32:53.051] [exthost] [info] ExtensionService#loadCommonJSModule file:///snap/code/60/usr/share/code/resources/app/extensions/npm/dist/npmMain
[2021-04-05 16:32:54.067] [exthost] [info] ExtensionService#_doActivateExtension vscode.github {"startup":true,"extensionId":{"value":"vscode.github","_lower":"vscode.github"},"activationEvent":"*"}
[2021-04-05 16:32:54.080] [exthost] [info] ExtensionService#loadCommonJSModule file:///snap/code/60/usr/share/code/resources/app/extensions/github/dist/extension.js
[2021-04-05 16:32:54.218] [exthost] [info] ExtensionService#_doActivateExtension ms-vscode.js-debug {"startup":false,"extensionId":{"value":"ms-vscode.js-debug","_lower":"ms-vscode.js-debug"},"activationEvent":"onCommand:extension.js-debug.clearAutoAttachVariables"}
[2021-04-05 16:32:54.233] [exthost] [info] ExtensionService#loadCommonJSModule file:///snap/code/60/usr/share/code/resources/app/extensions/ms-vscode.js-debug/src/extension.js
[2021-04-05 16:32:54.669] [exthost] [info] eager extensions activated
[2021-04-05 16:32:55.048] [exthost] [info] ExtensionService#_doActivateExtension vscode.merge-conflict {"startup":false,"extensionId":{"value":"vscode.merge-conflict","_lower":"vscode.merge-conflict"},"activationEvent":"onStartupFinished"}
[2021-04-05 16:32:55.048] [exthost] [info] ExtensionService#loadCommonJSModule file:///snap/code/60/usr/share/code/resources/app/extensions/merge-conflict/dist/mergeConflictMain
[2021-04-05 16:32:55.049] [exthost] [info] ExtensionService#_doActivateExtension vscode.testing-editor-contributions {"startup":false,"extensionId":{"value":"vscode.testing-editor-contributions","_lower":"vscode.testing-editor-contributions"},"activationEvent":"onStartupFinished"}
[2021-04-05 16:32:55.062] [exthost] [info] ExtensionService#loadCommonJSModule file:///snap/code/60/usr/share/code/resources/app/extensions/testing-editor-contributions/dist/extension.js
[2021-04-05 16:32:55.063] [exthost] [info] ExtensionService#_doActivateExtension dbaeumer.vscode-eslint {"startup":false,"extensionId":{"value":"dbaeumer.vscode-eslint","_lower":"dbaeumer.vscode-eslint"},"activationEvent":"onStartupFinished"}
[2021-04-05 16:32:55.064] [exthost] [info] ExtensionService#loadCommonJSModule file:///home/luke/.vscode/extensions/dbaeumer.vscode-eslint-2.1.19/client/out/extension
[2021-04-05 16:32:55.090] [exthost] [info] ExtensionService#_doActivateExtension esbenp.prettier-vscode {"startup":false,"extensionId":{"value":"esbenp.prettier-vscode","_lower":"esbenp.prettier-vscode"},"activationEvent":"onStartupFinished"}
[2021-04-05 16:32:55.094] [exthost] [info] ExtensionService#loadCommonJSModule file:///home/luke/.vscode/extensions/esbenp.prettier-vscode-6.3.1/dist/extension
[2021-04-05 16:32:55.338] [exthost] [info] ExtensionService#_doActivateExtension vscode.github-authentication {"startup":false,"extensionId":{"value":"vscode.github-authentication","_lower":"vscode.github-authentication"},"activationEvent":"onAuthenticationRequest:github"}
[2021-04-05 16:32:55.338] [exthost] [info] ExtensionService#loadCommonJSModule file:///snap/code/60/usr/share/code/resources/app/extensions/github-authentication/dist/extension.js
[2021-04-05 16:32:57.205] [exthost] [warning] [Decorations] CAPPING events from decorations provider vscode.git 5000
[2021-04-05 16:33:35.727] [exthost] [info] ExtensionService#_doActivateExtension vscode.extension-editing {"startup":false,"extensionId":{"value":"vscode.extension-editing","_lower":"vscode.extension-editing"},"activationEvent":"onLanguage:typescript"}
[2021-04-05 16:33:35.727] [exthost] [info] ExtensionService#loadCommonJSModule file:///snap/code/60/usr/share/code/resources/app/extensions/extension-editing/dist/extensionEditingMain
[2021-04-05 16:33:35.730] [exthost] [info] ExtensionService#_doActivateExtension vscode.typescript-language-features {"startup":false,"extensionId":{"value":"vscode.typescript-language-features","_lower":"vscode.typescript-language-features"},"activationEvent":"onLanguage:typescript"}
[2021-04-05 16:33:35.730] [exthost] [info] ExtensionService#loadCommonJSModule file:///snap/code/60/usr/share/code/resources/app/extensions/typescript-language-features/dist/extension
[2021-04-05 16:34:11.720] [exthost] [info] ExtensionService#_doActivateExtension vscode.configuration-editing {"startup":false,"extensionId":{"value":"vscode.configuration-editing","_lower":"vscode.configuration-editing"},"activationEvent":"onLanguage:jsonc"}
[2021-04-05 16:34:11.720] [exthost] [info] ExtensionService#loadCommonJSModule file:///snap/code/60/usr/share/code/resources/app/extensions/configuration-editing/dist/configurationEditingMain
[2021-04-05 16:34:11.722] [exthost] [info] ExtensionService#_doActivateExtension vscode.json-language-features {"startup":false,"extensionId":{"value":"vscode.json-language-features","_lower":"vscode.json-language-features"},"activationEvent":"onLanguage:jsonc"}
[2021-04-05 16:34:11.722] [exthost] [info] ExtensionService#loadCommonJSModule file:///snap/code/60/usr/share/code/resources/app/extensions/json-language-features/client/dist/node/jsonClientMain
[2021-04-05 17:14:55.606] [exthost] [info] ExtensionService#_doActivateExtension vscode.css-language-features {"startup":false,"extensionId":{"value":"vscode.css-language-features","_lower":"vscode.css-language-features"},"activationEvent":"onLanguage:css"}
[2021-04-05 17:14:55.606] [exthost] [info] ExtensionService#loadCommonJSModule file:///snap/code/60/usr/share/code/resources/app/extensions/css-language-features/client/dist/node/cssClientMain
[2021-04-05 17:19:07.697] [exthost] [error] [Angular.ng-template] provider FAILED
[2021-04-05 17:19:07.708] [exthost] [error] Canceled: Canceled
	at LanguageClient.makeCancelError (/home/luke/.vscode/extensions/angular.ng-template-11.2.9/node_modules/vscode-languageclient/lib/common/client.js:2666:24)
	at LanguageClient.handleFailedRequest (/home/luke/.vscode/extensions/angular.ng-template-11.2.9/node_modules/vscode-languageclient/lib/common/client.js:2656:28)
	at /home/luke/.vscode/extensions/angular.ng-template-11.2.9/node_modules/vscode-languageclient/lib/common/client.js:858:39
	at async M.provideCompletionItems (/snap/code/60/usr/share/code/resources/app/out/vs/workbench/services/extensions/node/extensionHostProcess.js:86:170847)
[2021-04-05 17:51:02.043] [exthost] [error] [Angular.ng-template] provider FAILED
[2021-04-05 17:51:02.043] [exthost] [error] Canceled: Canceled
	at LanguageClient.makeCancelError (/home/luke/.vscode/extensions/angular.ng-template-11.2.9/node_modules/vscode-languageclient/lib/common/client.js:2666:24)
	at LanguageClient.handleFailedRequest (/home/luke/.vscode/extensions/angular.ng-template-11.2.9/node_modules/vscode-languageclient/lib/common/client.js:2656:28)
	at /home/luke/.vscode/extensions/angular.ng-template-11.2.9/node_modules/vscode-languageclient/lib/common/client.js:871:43
	at async M.resolveCompletionItem (/snap/code/60/usr/share/code/resources/app/out/vs/workbench/services/extensions/node/extensionHostProcess.js:86:171572)
[2021-04-05 22:00:04.828] [exthost] [info] extension host terminating: received terminate message from renderer
[2021-04-05 22:00:06.035] [exthost] [info] exiting with code 0
