Initializing document watcher...
NewProg/src/app/order/order-create/order-create.component.html: {"insertSpaces":true,"tabSize":2}
NewProg/src/app/order/order-create/order-create.component.html: {"insertSpaces":true,"tabSize":2}
NewProg/src/app/order/order-create/order-create.component.spec.ts: {"insertSpaces":true,"tabSize":2}
NewProg/src/app/order/order-create/order-create.component.html: {"insertSpaces":true,"tabSize":2}
NewProg/src/app/order/order-create/order-create.component.html: Using EditorConfig core...
src/app/order/order-create/order-create.component.html: editor.action.trimTrailingWhitespace
NewProg/src/app/order/order-create/order-create.component.html: Using EditorConfig core...
src/app/order/order-create/order-create.component.html: editor.action.trimTrailingWhitespace
NewProg/src/app/order/order-create/order-create.component.html: Using EditorConfig core...
src/app/order/order-create/order-create.component.html: editor.action.trimTrailingWhitespace
NewProg/src/app/order/order-create/order-create.component.html: Using EditorConfig core...
src/app/order/order-create/order-create.component.html: editor.action.trimTrailingWhitespace
NewProg/src/app/app.component.spec.ts: {"insertSpaces":true,"tabSize":2}
NewProg/src/app/app.component.ts: {"insertSpaces":true,"tabSize":2}
NewProg/src/app/app.component.ts: Using EditorConfig core...
src/app/app.component.ts: editor.action.trimTrailingWhitespace
NewProg/src/app/app.component.html: {"insertSpaces":true,"tabSize":2}
NewProg/src/app/app.component.spec.ts: {"insertSpaces":true,"tabSize":2}
NewProg/src/app/app.component.html: {"insertSpaces":true,"tabSize":2}
NewProg/src/app/app.component.css: {"insertSpaces":true,"tabSize":2}
NewProg/src/app/app.component.css: {"insertSpaces":true,"tabSize":2}
NewProg/src/app/app.component.html: {"insertSpaces":true,"tabSize":2}
NewProg/src/app/app.component.html: Using EditorConfig core...
src/app/app.component.html: editor.action.trimTrailingWhitespace
NewProg/src/app/app.component.html: Using EditorConfig core...
src/app/app.component.html: editor.action.trimTrailingWhitespace
src/app/app.component.html: insertFinalNewline(LF)
NewProg/src/app/app.component.html: Using EditorConfig core...
src/app/app.component.html: editor.action.trimTrailingWhitespace
src/app/app.component.html: insertFinalNewline(LF)
NewProg/src/app/app.component.html: Using EditorConfig core...
src/app/app.component.html: editor.action.trimTrailingWhitespace
src/app/app.component.html: insertFinalNewline(LF)
NewProg/src/app/app.component.html: Using EditorConfig core...
src/app/app.component.html: editor.action.trimTrailingWhitespace
NewProg/src/app/app.component.html: Using EditorConfig core...
src/app/app.component.html: editor.action.trimTrailingWhitespace
NewProg/src/app/app.component.html: Using EditorConfig core...
src/app/app.component.html: editor.action.trimTrailingWhitespace
NewProg/src/app/app.component.html: Using EditorConfig core...
src/app/app.component.html: editor.action.trimTrailingWhitespace
NewProg/src/app/app.component.html: Using EditorConfig core...
src/app/app.component.html: editor.action.trimTrailingWhitespace
NewProg/src/app/app.component.html: Using EditorConfig core...
src/app/app.component.html: editor.action.trimTrailingWhitespace
NewProg/src/app/app.component.html: Using EditorConfig core...
src/app/app.component.html: editor.action.trimTrailingWhitespace
NewProg/src/app/app.component.html: Using EditorConfig core...
src/app/app.component.html: editor.action.trimTrailingWhitespace
NewProg/src/app/app.component.html: Using EditorConfig core...
src/app/app.component.html: editor.action.trimTrailingWhitespace
NewProg/src/app/app.component.html: {"insertSpaces":true,"tabSize":2}
NewProg/src/app/app.component.html: {"insertSpaces":true,"tabSize":2}
NewProg/src/app/app.component.html: {"insertSpaces":true,"tabSize":2}
NewProg/src/app/app.component.html: {"insertSpaces":true,"tabSize":2}
NewProg/src/app/app.component.html: Using EditorConfig core...
src/app/app.component.html: editor.action.trimTrailingWhitespace
src/app/app.component.html: insertFinalNewline(LF)
NewProg/src/app/app.component.html: Using EditorConfig core...
src/app/app.component.html: editor.action.trimTrailingWhitespace
src/app/app.component.html: insertFinalNewline(LF)
NewProg/src/app/app.component.html: Using EditorConfig core...
src/app/app.component.html: editor.action.trimTrailingWhitespace
NewProg/src/app/app.component.ts: {"insertSpaces":true,"tabSize":2}
NewProg/src/app/app.component.html: {"insertSpaces":true,"tabSize":2}
NewProg/src/app/app.component.html: Using EditorConfig core...
src/app/app.component.html: editor.action.trimTrailingWhitespace
src/app/app.component.html: insertFinalNewline(LF)
NewProg/src/app/app.component.html: Using EditorConfig core...
src/app/app.component.html: editor.action.trimTrailingWhitespace
src/app/app.component.html: insertFinalNewline(LF)
NewProg/src/app/app.component.html: Using EditorConfig core...
src/app/app.component.html: editor.action.trimTrailingWhitespace
src/app/app.component.html: insertFinalNewline(LF)
NewProg/src/app/app.component.html: Using EditorConfig core...
src/app/app.component.html: editor.action.trimTrailingWhitespace
src/app/app.component.html: insertFinalNewline(LF)
NewProg/src/app/app.component.html: Using EditorConfig core...
src/app/app.component.html: editor.action.trimTrailingWhitespace
src/app/app.component.html: insertFinalNewline(LF)
NewProg/src/app/app.component.html: Using EditorConfig core...
src/app/app.component.html: editor.action.trimTrailingWhitespace
NewProg/src/app/app.component.html: Using EditorConfig core...
src/app/app.component.html: editor.action.trimTrailingWhitespace
NewProg/src/app/app.component.html: Using EditorConfig core...
src/app/app.component.html: editor.action.trimTrailingWhitespace
NewProg/src/app/app.component.html: {"insertSpaces":true,"tabSize":2}
NewProg/src/app/order/order-create/order-create.component.css: {"insertSpaces":true,"tabSize":2}
NewProg/src/app/order/order-create/order-create.component.html: {"insertSpaces":true,"tabSize":2}
NewProg/src/app/order/order-create/order-create.component.html: Using EditorConfig core...
src/app/order/order-create/order-create.component.html: editor.action.trimTrailingWhitespace
NewProg/src/app/order/order-create/order-create.component.html: Using EditorConfig core...
src/app/order/order-create/order-create.component.html: editor.action.trimTrailingWhitespace
NewProg/src/app/order/order-create/order-create.component.html: Using EditorConfig core...
src/app/order/order-create/order-create.component.html: editor.action.trimTrailingWhitespace
NewProg/src/app/order/order-create/order-create.component.html: Using EditorConfig core...
src/app/order/order-create/order-create.component.html: editor.action.trimTrailingWhitespace
NewProg/src/app/order/order-create/order-create.component.html: Using EditorConfig core...
src/app/order/order-create/order-create.component.html: editor.action.trimTrailingWhitespace
NewProg/src/app/order/order-create/order-create.component.html: Using EditorConfig core...
src/app/order/order-create/order-create.component.html: editor.action.trimTrailingWhitespace
NewProg/src/app/order/order-create/order-create.component.html: Using EditorConfig core...
src/app/order/order-create/order-create.component.html: editor.action.trimTrailingWhitespace
NewProg/src/app/order/order-create/order-create.component.html: Using EditorConfig core...
src/app/order/order-create/order-create.component.html: editor.action.trimTrailingWhitespace
NewProg/src/app/order/order-create/order-create.component.html: {"insertSpaces":true,"tabSize":2}
NewProg/src/app/order/order-create/order-create.component.html: Using EditorConfig core...
src/app/order/order-create/order-create.component.html: editor.action.trimTrailingWhitespace
NewProg/src/app/order/order-create/order-create.component.html: Using EditorConfig core...
src/app/order/order-create/order-create.component.html: editor.action.trimTrailingWhitespace
NewProg/src/app/order/order-create/order-create.component.html: Using EditorConfig core...
src/app/order/order-create/order-create.component.html: editor.action.trimTrailingWhitespace
src/app/order/order-create/order-create.component.html: insertFinalNewline(LF)
NewProg/src/app/order/order-create/order-create.component.html: Using EditorConfig core...
src/app/order/order-create/order-create.component.html: editor.action.trimTrailingWhitespace
src/app/order/order-create/order-create.component.html: insertFinalNewline(LF)
NewProg/src/app/order/order-create/order-create.component.html: Using EditorConfig core...
src/app/order/order-create/order-create.component.html: editor.action.trimTrailingWhitespace
src/app/order/order-create/order-create.component.html: insertFinalNewline(LF)
NewProg/src/app/order/order-create/order-create.component.html: Using EditorConfig core...
src/app/order/order-create/order-create.component.html: editor.action.trimTrailingWhitespace
src/app/order/order-create/order-create.component.html: insertFinalNewline(LF)
NewProg/src/app/order/order-create/order-create.component.html: Using EditorConfig core...
src/app/order/order-create/order-create.component.html: editor.action.trimTrailingWhitespace
src/app/order/order-create/order-create.component.html: insertFinalNewline(LF)
NewProg/src/app/order/order-create/order-create.component.html: Using EditorConfig core...
src/app/order/order-create/order-create.component.html: editor.action.trimTrailingWhitespace
NewProg/src/app/order/order-create/order-create.component.html: Using EditorConfig core...
src/app/order/order-create/order-create.component.html: editor.action.trimTrailingWhitespace
src/app/order/order-create/order-create.component.html: insertFinalNewline(LF)
NewProg/src/app/order/order-create/order-create.component.html: Using EditorConfig core...
src/app/order/order-create/order-create.component.html: editor.action.trimTrailingWhitespace
src/app/order/order-create/order-create.component.html: insertFinalNewline(LF)
NewProg/src/app/order/order-create/order-create.component.html: Using EditorConfig core...
src/app/order/order-create/order-create.component.html: editor.action.trimTrailingWhitespace
src/app/order/order-create/order-create.component.html: insertFinalNewline(LF)
NewProg/src/app/order/order-create/order-create.component.html: Using EditorConfig core...
src/app/order/order-create/order-create.component.html: editor.action.trimTrailingWhitespace
src/app/order/order-create/order-create.component.html: insertFinalNewline(LF)
NewProg/src/app/order/order-create/order-create.component.html: Using EditorConfig core...
src/app/order/order-create/order-create.component.html: editor.action.trimTrailingWhitespace
src/app/order/order-create/order-create.component.html: insertFinalNewline(LF)
NewProg/src/app/order/order-create/order-create.component.html: Using EditorConfig core...
src/app/order/order-create/order-create.component.html: editor.action.trimTrailingWhitespace
NewProg/src/app/order/order-create/order-create.component.html: Using EditorConfig core...
src/app/order/order-create/order-create.component.html: editor.action.trimTrailingWhitespace
src/app/order/order-create/order-create.component.html: insertFinalNewline(LF)
NewProg/src/app/order/order-create/order-create.component.html: Using EditorConfig core...
src/app/order/order-create/order-create.component.html: editor.action.trimTrailingWhitespace
src/app/order/order-create/order-create.component.html: insertFinalNewline(LF)
NewProg/src/app/order/order-create/order-create.component.html: Using EditorConfig core...
src/app/order/order-create/order-create.component.html: editor.action.trimTrailingWhitespace
src/app/order/order-create/order-create.component.html: insertFinalNewline(LF)
NewProg/src/app/order/order-create/order-create.component.html: Using EditorConfig core...
src/app/order/order-create/order-create.component.html: editor.action.trimTrailingWhitespace
NewProg/src/app/order/order-create/order-create.component.html: Using EditorConfig core...
src/app/order/order-create/order-create.component.html: editor.action.trimTrailingWhitespace
NewProg/src/app/order/order-create/order-create.component.html: Using EditorConfig core...
src/app/order/order-create/order-create.component.html: editor.action.trimTrailingWhitespace
src/app/order/order-create/order-create.component.html: insertFinalNewline(LF)
NewProg/src/app/order/order-create/order-create.component.html: Using EditorConfig core...
src/app/order/order-create/order-create.component.html: editor.action.trimTrailingWhitespace
src/app/order/order-create/order-create.component.html: insertFinalNewline(LF)
NewProg/src/app/order/order-create/order-create.component.html: Using EditorConfig core...
src/app/order/order-create/order-create.component.html: editor.action.trimTrailingWhitespace
NewProg/src/app/order/order-create/order-create.component.html: Using EditorConfig core...
src/app/order/order-create/order-create.component.html: editor.action.trimTrailingWhitespace
NewProg/src/app/order/order-create/order-create.component.html: Using EditorConfig core...
src/app/order/order-create/order-create.component.html: editor.action.trimTrailingWhitespace
NewProg/src/app/order/order-create/order-create.component.html: Using EditorConfig core...
src/app/order/order-create/order-create.component.html: editor.action.trimTrailingWhitespace
NewProg/src/app/order/order-create/order-create.component.html: Using EditorConfig core...
src/app/order/order-create/order-create.component.html: editor.action.trimTrailingWhitespace
NewProg/src/app/order/order-create/order-create.component.html: Using EditorConfig core...
src/app/order/order-create/order-create.component.html: editor.action.trimTrailingWhitespace
NewProg/src/app/order/order-create/order-create.component.html: Using EditorConfig core...
src/app/order/order-create/order-create.component.html: editor.action.trimTrailingWhitespace
NewProg/src/app/order/order-create/order-create.component.html: Using EditorConfig core...
src/app/order/order-create/order-create.component.html: editor.action.trimTrailingWhitespace
NewProg/src/app/order/order-create/order-create.component.html: Using EditorConfig core...
src/app/order/order-create/order-create.component.html: editor.action.trimTrailingWhitespace
NewProg/src/app/order/order-create/order-create.component.html: Using EditorConfig core...
src/app/order/order-create/order-create.component.html: editor.action.trimTrailingWhitespace
NewProg/src/app/order/order-create/order-create.component.html: Using EditorConfig core...
src/app/order/order-create/order-create.component.html: editor.action.trimTrailingWhitespace
NewProg/src/app/order/order-create/order-create.component.html: Using EditorConfig core...
src/app/order/order-create/order-create.component.html: editor.action.trimTrailingWhitespace
NewProg/src/app/order/order-create/order-create.component.html: Using EditorConfig core...
src/app/order/order-create/order-create.component.html: editor.action.trimTrailingWhitespace
NewProg/src/app/order/order-create/order-create.component.html: Using EditorConfig core...
src/app/order/order-create/order-create.component.html: editor.action.trimTrailingWhitespace
NewProg/src/app/order/order-create/order-create.component.html: Using EditorConfig core...
src/app/order/order-create/order-create.component.html: editor.action.trimTrailingWhitespace
NewProg/src/app/order/order-create/order-create.component.html: Using EditorConfig core...
src/app/order/order-create/order-create.component.html: editor.action.trimTrailingWhitespace
NewProg/src/app/order/order-create/order-create.component.html: Using EditorConfig core...
src/app/order/order-create/order-create.component.html: editor.action.trimTrailingWhitespace
NewProg/src/app/order/order-create/order-create.component.html: Using EditorConfig core...
src/app/order/order-create/order-create.component.html: editor.action.trimTrailingWhitespace
NewProg/src/app/order/order-create/order-create.component.html: Using EditorConfig core...
src/app/order/order-create/order-create.component.html: editor.action.trimTrailingWhitespace
NewProg/src/app/order/order-create/order-create.component.html: Using EditorConfig core...
src/app/order/order-create/order-create.component.html: editor.action.trimTrailingWhitespace
NewProg/src/app/order/order-create/order-create.component.html: Using EditorConfig core...
src/app/order/order-create/order-create.component.html: editor.action.trimTrailingWhitespace
NewProg/src/app/order/order-create/order-create.component.html: Using EditorConfig core...
src/app/order/order-create/order-create.component.html: editor.action.trimTrailingWhitespace
NewProg/src/app/order/order-create/order-create.component.html: Using EditorConfig core...
src/app/order/order-create/order-create.component.html: editor.action.trimTrailingWhitespace
NewProg/src/app/order/order-create/order-create.component.html: Using EditorConfig core...
src/app/order/order-create/order-create.component.html: editor.action.trimTrailingWhitespace
NewProg/src/app/order/order-create/order-create.component.html: Using EditorConfig core...
src/app/order/order-create/order-create.component.html: editor.action.trimTrailingWhitespace
NewProg/src/app/order/order-create/order-create.component.html: Using EditorConfig core...
src/app/order/order-create/order-create.component.html: editor.action.trimTrailingWhitespace
NewProg/src/app/order/order-create/order-create.component.html: Using EditorConfig core...
src/app/order/order-create/order-create.component.html: editor.action.trimTrailingWhitespace
NewProg/src/app/order/order-create/order-create.component.html: Using EditorConfig core...
src/app/order/order-create/order-create.component.html: editor.action.trimTrailingWhitespace
NewProg/src/app/order/order-create/order-create.component.html: Using EditorConfig core...
src/app/order/order-create/order-create.component.html: editor.action.trimTrailingWhitespace
NewProg/src/app/order/order-create/order-create.component.html: Using EditorConfig core...
src/app/order/order-create/order-create.component.html: editor.action.trimTrailingWhitespace
NewProg/src/app/order/order-create/order-create.component.html: Using EditorConfig core...
src/app/order/order-create/order-create.component.html: editor.action.trimTrailingWhitespace
NewProg/src/app/order/order-create/order-create.component.html: Using EditorConfig core...
src/app/order/order-create/order-create.component.html: editor.action.trimTrailingWhitespace
NewProg/src/app/order/order-create/order-create.component.html: Using EditorConfig core...
src/app/order/order-create/order-create.component.html: editor.action.trimTrailingWhitespace
NewProg/src/app/order/order-create/order-create.component.html: Using EditorConfig core...
src/app/order/order-create/order-create.component.html: editor.action.trimTrailingWhitespace
NewProg/src/app/order/order-create/order-create.component.html: Using EditorConfig core...
src/app/order/order-create/order-create.component.html: editor.action.trimTrailingWhitespace
NewProg/src/app/order/order-create/order-create.component.html: Using EditorConfig core...
src/app/order/order-create/order-create.component.html: editor.action.trimTrailingWhitespace
NewProg/src/app/order/order-create/order-create.component.html: Using EditorConfig core...
src/app/order/order-create/order-create.component.html: editor.action.trimTrailingWhitespace
NewProg/src/app/order/order-create/order-create.component.html: Using EditorConfig core...
src/app/order/order-create/order-create.component.html: editor.action.trimTrailingWhitespace
NewProg/src/app/order/order-create/order-create.component.html: Using EditorConfig core...
src/app/order/order-create/order-create.component.html: editor.action.trimTrailingWhitespace
NewProg/src/app/order/order-create/order-create.component.html: Using EditorConfig core...
src/app/order/order-create/order-create.component.html: editor.action.trimTrailingWhitespace
NewProg/src/app/order/order-create/order-create.component.html: Using EditorConfig core...
src/app/order/order-create/order-create.component.html: editor.action.trimTrailingWhitespace
NewProg/src/app/order/order-create/order-create.component.html: Using EditorConfig core...
src/app/order/order-create/order-create.component.html: editor.action.trimTrailingWhitespace
NewProg/src/app/order/order-create/order-create.component.html: Using EditorConfig core...
src/app/order/order-create/order-create.component.html: editor.action.trimTrailingWhitespace
NewProg/src/app/order/order-create/order-create.component.html: Using EditorConfig core...
src/app/order/order-create/order-create.component.html: editor.action.trimTrailingWhitespace
NewProg/src/app/order/order-create/order-create.component.html: Using EditorConfig core...
src/app/order/order-create/order-create.component.html: editor.action.trimTrailingWhitespace
NewProg/src/app/order/order-create/order-create.component.html: Using EditorConfig core...
src/app/order/order-create/order-create.component.html: editor.action.trimTrailingWhitespace
NewProg/src/app/order/order-create/order-create.component.html: Using EditorConfig core...
src/app/order/order-create/order-create.component.html: editor.action.trimTrailingWhitespace
NewProg/src/app/order/order-create/order-create.component.html: Using EditorConfig core...
src/app/order/order-create/order-create.component.html: editor.action.trimTrailingWhitespace
NewProg/src/app/order/order-create/order-create.component.html: Using EditorConfig core...
src/app/order/order-create/order-create.component.html: editor.action.trimTrailingWhitespace
NewProg/src/app/order/order-create/order-create.component.html: Using EditorConfig core...
src/app/order/order-create/order-create.component.html: editor.action.trimTrailingWhitespace
NewProg/src/app/order/order-create/order-create.component.html: Using EditorConfig core...
src/app/order/order-create/order-create.component.html: editor.action.trimTrailingWhitespace
NewProg/src/app/order/order-create/order-create.component.html: Using EditorConfig core...
src/app/order/order-create/order-create.component.html: editor.action.trimTrailingWhitespace
NewProg/src/app/order/order-create/order-create.component.html: Using EditorConfig core...
src/app/order/order-create/order-create.component.html: editor.action.trimTrailingWhitespace
NewProg/src/app/order/order-create/order-create.component.html: Using EditorConfig core...
src/app/order/order-create/order-create.component.html: editor.action.trimTrailingWhitespace
NewProg/src/app/order/order-create/order-create.component.html: Using EditorConfig core...
src/app/order/order-create/order-create.component.html: editor.action.trimTrailingWhitespace
NewProg/src/app/order/order-create/order-create.component.html: Using EditorConfig core...
src/app/order/order-create/order-create.component.html: editor.action.trimTrailingWhitespace
NewProg/src/app/order/order-create/order-create.component.html: Using EditorConfig core...
src/app/order/order-create/order-create.component.html: editor.action.trimTrailingWhitespace
NewProg/src/app/order/order-create/order-create.component.html: Using EditorConfig core...
src/app/order/order-create/order-create.component.html: editor.action.trimTrailingWhitespace
NewProg/src/app/order/order-create/order-create.component.html: Using EditorConfig core...
src/app/order/order-create/order-create.component.html: editor.action.trimTrailingWhitespace
NewProg/src/app/order/order-create/order-create.component.html: Using EditorConfig core...
src/app/order/order-create/order-create.component.html: editor.action.trimTrailingWhitespace
NewProg/src/app/order/order-create/order-create.component.html: Using EditorConfig core...
src/app/order/order-create/order-create.component.html: editor.action.trimTrailingWhitespace
NewProg/src/app/order/order-create/order-create.component.html: Using EditorConfig core...
src/app/order/order-create/order-create.component.html: editor.action.trimTrailingWhitespace
NewProg/src/app/order/order-create/order-create.component.html: Using EditorConfig core...
src/app/order/order-create/order-create.component.html: editor.action.trimTrailingWhitespace
NewProg/src/app/order/order-create/order-create.component.html: {"insertSpaces":true,"tabSize":2}
NewProg/src/app/order/order-create/order-create.component.html: Using EditorConfig core...
src/app/order/order-create/order-create.component.html: editor.action.trimTrailingWhitespace
NewProg/src/app/order/order-create/order-create.component.html: Using EditorConfig core...
src/app/order/order-create/order-create.component.html: editor.action.trimTrailingWhitespace
NewProg/src/app/order/order-create/order-create.component.html: Using EditorConfig core...
src/app/order/order-create/order-create.component.html: editor.action.trimTrailingWhitespace
NewProg/src/app/order/order-create/order-create.component.html: Using EditorConfig core...
src/app/order/order-create/order-create.component.html: editor.action.trimTrailingWhitespace
NewProg/src/app/order/order-create/order-create.component.html: Using EditorConfig core...
src/app/order/order-create/order-create.component.html: editor.action.trimTrailingWhitespace
NewProg/src/app/order/order-create/order-create.component.html: Using EditorConfig core...
src/app/order/order-create/order-create.component.html: editor.action.trimTrailingWhitespace
NewProg/src/app/order/order-create/order-create.component.html: Using EditorConfig core...
src/app/order/order-create/order-create.component.html: editor.action.trimTrailingWhitespace
NewProg/src/app/order/order-create/order-create.component.html: Using EditorConfig core...
src/app/order/order-create/order-create.component.html: editor.action.trimTrailingWhitespace
NewProg/src/app/order/order-create/order-create.component.html: Using EditorConfig core...
src/app/order/order-create/order-create.component.html: editor.action.trimTrailingWhitespace
NewProg/src/app/order/order-create/order-create.component.html: Using EditorConfig core...
src/app/order/order-create/order-create.component.html: editor.action.trimTrailingWhitespace
NewProg/src/app/order/order-create/order-create.component.html: Using EditorConfig core...
src/app/order/order-create/order-create.component.html: editor.action.trimTrailingWhitespace
NewProg/src/app/order/order-create/order-create.component.html: Using EditorConfig core...
src/app/order/order-create/order-create.component.html: editor.action.trimTrailingWhitespace
NewProg/src/app/order/order-create/order-create.component.html: Using EditorConfig core...
src/app/order/order-create/order-create.component.html: editor.action.trimTrailingWhitespace
NewProg/src/app/order/order-create/order-create.component.html: Using EditorConfig core...
src/app/order/order-create/order-create.component.html: editor.action.trimTrailingWhitespace
NewProg/src/app/order/order-create/order-create.component.html: Using EditorConfig core...
src/app/order/order-create/order-create.component.html: editor.action.trimTrailingWhitespace
NewProg/src/app/order/order-create/order-create.component.html: Using EditorConfig core...
src/app/order/order-create/order-create.component.html: editor.action.trimTrailingWhitespace
NewProg/src/app/order/order-create/order-create.component.html: Using EditorConfig core...
src/app/order/order-create/order-create.component.html: editor.action.trimTrailingWhitespace
NewProg/src/app/order/order-create/order-create.component.html: Using EditorConfig core...
src/app/order/order-create/order-create.component.html: editor.action.trimTrailingWhitespace
NewProg/src/main.ts: {"insertSpaces":true,"tabSize":2}
NewProg/src/app/order/order-create/order-create.component.html: {"insertSpaces":true,"tabSize":2}
NewProg/src/app/order/order-create/order-create.component.spec.ts: {"insertSpaces":true,"tabSize":2}
NewProg/src/app/order/order-create/order-create.component.ts: {"insertSpaces":true,"tabSize":2}
NewProg/src/app/order/order-create/order-create.component.html: {"insertSpaces":true,"tabSize":2}
NewProg/src/app/order/order-create/order-create.component.ts: {"insertSpaces":true,"tabSize":2}
NewProg/src/app/order/order-create/order-create.component.ts: Using EditorConfig core...
src/app/order/order-create/order-create.component.ts: editor.action.trimTrailingWhitespace
NewProg/src/app/order/order-create/order-create.component.ts: Using EditorConfig core...
src/app/order/order-create/order-create.component.ts: editor.action.trimTrailingWhitespace
NewProg/src/app/order/order-create/order-create.component.ts: Using EditorConfig core...
src/app/order/order-create/order-create.component.ts: editor.action.trimTrailingWhitespace
NewProg/src/app/order/order-create/order-create.component.ts: Using EditorConfig core...
src/app/order/order-create/order-create.component.ts: editor.action.trimTrailingWhitespace
NewProg/src/app/order/order-create/order-create.component.ts: Using EditorConfig core...
src/app/order/order-create/order-create.component.ts: editor.action.trimTrailingWhitespace
NewProg/src/app/order/order-create/order-create.component.ts: Using EditorConfig core...
src/app/order/order-create/order-create.component.ts: editor.action.trimTrailingWhitespace
NewProg/src/app/order/order-create/order-create.component.ts: Using EditorConfig core...
src/app/order/order-create/order-create.component.ts: editor.action.trimTrailingWhitespace
NewProg/src/app/order/order-create/order-create.component.ts: Using EditorConfig core...
src/app/order/order-create/order-create.component.ts: editor.action.trimTrailingWhitespace
NewProg/src/app/order/order-create/order-create.component.ts: Using EditorConfig core...
src/app/order/order-create/order-create.component.ts: editor.action.trimTrailingWhitespace
NewProg/src/app/order/order-create/order-create.component.ts: Using EditorConfig core...
src/app/order/order-create/order-create.component.ts: editor.action.trimTrailingWhitespace
NewProg/src/app/order/order-create/order-create.component.ts: {"insertSpaces":true,"tabSize":2}
NewProg/src/app/order/order-create/order-create.component.ts: Using EditorConfig core...
src/app/order/order-create/order-create.component.ts: editor.action.trimTrailingWhitespace
NewProg/src/app/order/order-create/order-create.component.ts: Using EditorConfig core...
src/app/order/order-create/order-create.component.ts: editor.action.trimTrailingWhitespace
NewProg/src/app/order/order-create/order-create.component.ts: Using EditorConfig core...
src/app/order/order-create/order-create.component.ts: editor.action.trimTrailingWhitespace
NewProg/src/app/order/order-create/order-create.component.ts: Using EditorConfig core...
src/app/order/order-create/order-create.component.ts: editor.action.trimTrailingWhitespace
NewProg/src/app/order/order-create/order-create.component.ts: Using EditorConfig core...
src/app/order/order-create/order-create.component.ts: editor.action.trimTrailingWhitespace
NewProg/src/app/order/order-create/order-create.component.ts: Using EditorConfig core...
src/app/order/order-create/order-create.component.ts: editor.action.trimTrailingWhitespace
NewProg/src/app/order/order-create/order-create.component.ts: Using EditorConfig core...
src/app/order/order-create/order-create.component.ts: editor.action.trimTrailingWhitespace
NewProg/src/app/order/order-create/order-create.component.ts: Using EditorConfig core...
src/app/order/order-create/order-create.component.ts: editor.action.trimTrailingWhitespace
NewProg/src/app/order/order-create/order-create.component.ts: Using EditorConfig core...
src/app/order/order-create/order-create.component.ts: editor.action.trimTrailingWhitespace
NewProg/src/app/order/order-create/order-create.component.html: {"insertSpaces":true,"tabSize":2}
NewProg/src/app/order/order-create/order-create.component.html: Using EditorConfig core...
src/app/order/order-create/order-create.component.html: editor.action.trimTrailingWhitespace
src/app/order/order-create/order-create.component.html: insertFinalNewline(LF)
NewProg/src/app/order/order-create/order-create.component.html: Using EditorConfig core...
src/app/order/order-create/order-create.component.html: editor.action.trimTrailingWhitespace
src/app/order/order-create/order-create.component.html: insertFinalNewline(LF)
NewProg/src/app/order/order-create/order-create.component.html: Using EditorConfig core...
src/app/order/order-create/order-create.component.html: editor.action.trimTrailingWhitespace
src/app/order/order-create/order-create.component.html: insertFinalNewline(LF)
NewProg/src/app/order/order-create/order-create.component.html: Using EditorConfig core...
src/app/order/order-create/order-create.component.html: editor.action.trimTrailingWhitespace
NewProg/src/app/order/order-create/order-create.component.html: Using EditorConfig core...
src/app/order/order-create/order-create.component.html: editor.action.trimTrailingWhitespace
NewProg/src/app/order/order-create/order-create.component.html: Using EditorConfig core...
src/app/order/order-create/order-create.component.html: editor.action.trimTrailingWhitespace
NewProg/src/app/order/order-create/order-create.component.html: {"insertSpaces":true,"tabSize":2}
NewProg/src/app/order/order-create/order-create.component.html: {"insertSpaces":true,"tabSize":2}
NewProg/src/app/app.module.ts: {"insertSpaces":true,"tabSize":2}
NewProg/src/app/app.module.ts: Using EditorConfig core...
src/app/app.module.ts: editor.action.trimTrailingWhitespace
NewProg/src/app/app.module.ts: Using EditorConfig core...
src/app/app.module.ts: editor.action.trimTrailingWhitespace
NewProg/src/app/app.module.ts: Using EditorConfig core...
src/app/app.module.ts: editor.action.trimTrailingWhitespace
NewProg/src/app/app.module.ts: Using EditorConfig core...
src/app/app.module.ts: editor.action.trimTrailingWhitespace
NewProg/src/app/app.module.ts: Using EditorConfig core...
src/app/app.module.ts: editor.action.trimTrailingWhitespace
NewProg/src/app/app.module.ts: Using EditorConfig core...
src/app/app.module.ts: editor.action.trimTrailingWhitespace
NewProg/src/app/app.module.ts: Using EditorConfig core...
src/app/app.module.ts: editor.action.trimTrailingWhitespace
NewProg/src/app/app.module.ts: Using EditorConfig core...
src/app/app.module.ts: editor.action.trimTrailingWhitespace
NewProg/src/app/app.module.ts: Using EditorConfig core...
src/app/app.module.ts: editor.action.trimTrailingWhitespace
NewProg/src/app/app.module.ts: Using EditorConfig core...
src/app/app.module.ts: editor.action.trimTrailingWhitespace
NewProg/src/app/app.module.ts: Using EditorConfig core...
src/app/app.module.ts: editor.action.trimTrailingWhitespace
NewProg/src/app/app.module.ts: Using EditorConfig core...
src/app/app.module.ts: editor.action.trimTrailingWhitespace
NewProg/src/app/app.module.ts: Using EditorConfig core...
src/app/app.module.ts: editor.action.trimTrailingWhitespace
NewProg/src/app/app.module.ts: Using EditorConfig core...
src/app/app.module.ts: editor.action.trimTrailingWhitespace
NewProg/src/app/app.module.ts: Using EditorConfig core...
src/app/app.module.ts: editor.action.trimTrailingWhitespace
NewProg/src/app/app.module.ts: Using EditorConfig core...
src/app/app.module.ts: editor.action.trimTrailingWhitespace
NewProg/src/app/app.module.ts: Using EditorConfig core...
src/app/app.module.ts: editor.action.trimTrailingWhitespace
NewProg/src/app/app.module.ts: Using EditorConfig core...
src/app/app.module.ts: editor.action.trimTrailingWhitespace
NewProg/src/app/app.module.ts: Using EditorConfig core...
src/app/app.module.ts: editor.action.trimTrailingWhitespace
NewProg/src/app/app.module.ts: Using EditorConfig core...
src/app/app.module.ts: editor.action.trimTrailingWhitespace
NewProg/src/app/app.module.ts: {"insertSpaces":true,"tabSize":2}
NewProg/src/app/order/order-create/order-create.component.html: {"insertSpaces":true,"tabSize":2}
NewProg/src/app/order/order-create/order-create.component.html: Using EditorConfig core...
src/app/order/order-create/order-create.component.html: editor.action.trimTrailingWhitespace
NewProg/src/app/order/order-create/order-create.component.html: Using EditorConfig core...
src/app/order/order-create/order-create.component.html: editor.action.trimTrailingWhitespace
NewProg/src/app/order/order-create/order-create.component.html: Using EditorConfig core...
src/app/order/order-create/order-create.component.html: editor.action.trimTrailingWhitespace
NewProg/src/app/order/order-create/order-create.component.html: Using EditorConfig core...
src/app/order/order-create/order-create.component.html: editor.action.trimTrailingWhitespace
NewProg/src/app/order/order-create/order-create.component.html: Using EditorConfig core...
src/app/order/order-create/order-create.component.html: editor.action.trimTrailingWhitespace
NewProg/src/app/order/order-create/order-create.component.html: Using EditorConfig core...
src/app/order/order-create/order-create.component.html: editor.action.trimTrailingWhitespace
NewProg/src/app/order/order-create/order-create.component.html: Using EditorConfig core...
src/app/order/order-create/order-create.component.html: editor.action.trimTrailingWhitespace
NewProg/src/app/order/order-create/order-create.component.html: Using EditorConfig core...
src/app/order/order-create/order-create.component.html: editor.action.trimTrailingWhitespace
NewProg/src/app/order/order-create/order-create.component.html: Using EditorConfig core...
src/app/order/order-create/order-create.component.html: editor.action.trimTrailingWhitespace
NewProg/src/app/order/order-create/order-create.component.html: Using EditorConfig core...
src/app/order/order-create/order-create.component.html: editor.action.trimTrailingWhitespace
NewProg/src/app/order/order-create/order-create.component.html: Using EditorConfig core...
src/app/order/order-create/order-create.component.html: editor.action.trimTrailingWhitespace
NewProg/src/app/order/order-create/order-create.component.html: Using EditorConfig core...
src/app/order/order-create/order-create.component.html: editor.action.trimTrailingWhitespace
NewProg/src/app/app.module.ts: {"insertSpaces":true,"tabSize":2}
NewProg/src/app/order/order-create/order-create.component.html: {"insertSpaces":true,"tabSize":2}
NewProg/src/app/order/order-create/order-create.component.ts: {"insertSpaces":true,"tabSize":2}
NewProg/src/app/order/order-create/order-create.component.ts: Using EditorConfig core...
src/app/order/order-create/order-create.component.ts: editor.action.trimTrailingWhitespace
NewProg/src/app/order/order-create/order-create.component.ts: Using EditorConfig core...
src/app/order/order-create/order-create.component.ts: editor.action.trimTrailingWhitespace
NewProg/src/app/order/order-create/order-create.component.ts: Using EditorConfig core...
src/app/order/order-create/order-create.component.ts: editor.action.trimTrailingWhitespace
NewProg/src/app/order/order-create/order-create.component.ts: Using EditorConfig core...
src/app/order/order-create/order-create.component.ts: editor.action.trimTrailingWhitespace
NewProg/src/app/order/order-create/order-create.component.ts: Using EditorConfig core...
src/app/order/order-create/order-create.component.ts: editor.action.trimTrailingWhitespace
NewProg/src/app/order/order-create/order-create.component.ts: Using EditorConfig core...
src/app/order/order-create/order-create.component.ts: editor.action.trimTrailingWhitespace
NewProg/src/app/order/order-create/order-create.component.ts: Using EditorConfig core...
src/app/order/order-create/order-create.component.ts: editor.action.trimTrailingWhitespace
NewProg/src/app/order/order-create/order-create.component.ts: Using EditorConfig core...
src/app/order/order-create/order-create.component.ts: editor.action.trimTrailingWhitespace
NewProg/src/app/order/order-create/order-create.component.ts: {"insertSpaces":true,"tabSize":2}
NewProg/src/app/order/order-create/order-create.component.ts: {"insertSpaces":true,"tabSize":2}
NewProg/src/app/app.component.spec.ts: {"insertSpaces":true,"tabSize":2}
NewProg/src/app/order/order-create/order-create.component.ts: {"insertSpaces":true,"tabSize":2}
NewProg/src/app/app.component.spec.ts: {"insertSpaces":true,"tabSize":2}
NewProg/src/app/app.component.ts: {"insertSpaces":true,"tabSize":2}
NewProg/src/app/app.module.ts: {"insertSpaces":true,"tabSize":2}
NewProg/src/app/app.module.ts: Using EditorConfig core...
src/app/app.module.ts: editor.action.trimTrailingWhitespace
NewProg/src/app/app.module.ts: Using EditorConfig core...
src/app/app.module.ts: editor.action.trimTrailingWhitespace
NewProg/src/app/app.module.ts: Using EditorConfig core...
src/app/app.module.ts: editor.action.trimTrailingWhitespace
NewProg/src/app/app.module.ts: Using EditorConfig core...
src/app/app.module.ts: editor.action.trimTrailingWhitespace
NewProg/src/app/app.module.ts: Using EditorConfig core...
src/app/app.module.ts: editor.action.trimTrailingWhitespace
NewProg/src/app/app.module.ts: Using EditorConfig core...
src/app/app.module.ts: editor.action.trimTrailingWhitespace
NewProg/src/app/app.module.ts: Using EditorConfig core...
src/app/app.module.ts: editor.action.trimTrailingWhitespace
NewProg/src/app/app.module.ts: Using EditorConfig core...
src/app/app.module.ts: editor.action.trimTrailingWhitespace
NewProg/src/app/app.module.ts: Using EditorConfig core...
src/app/app.module.ts: editor.action.trimTrailingWhitespace
NewProg/src/app/app.module.ts: Using EditorConfig core...
src/app/app.module.ts: editor.action.trimTrailingWhitespace
NewProg/src/app/app.module.ts: Using EditorConfig core...
src/app/app.module.ts: editor.action.trimTrailingWhitespace
NewProg/src/app/app.module.ts: Using EditorConfig core...
src/app/app.module.ts: editor.action.trimTrailingWhitespace
NewProg/src/app/app.module.ts: Using EditorConfig core...
src/app/app.module.ts: editor.action.trimTrailingWhitespace
NewProg/src/app/app.module.ts: Using EditorConfig core...
src/app/app.module.ts: editor.action.trimTrailingWhitespace
NewProg/src/app/app.module.ts: Using EditorConfig core...
src/app/app.module.ts: editor.action.trimTrailingWhitespace
NewProg/src/app/app.module.ts: Using EditorConfig core...
src/app/app.module.ts: editor.action.trimTrailingWhitespace
NewProg/src/app/app.module.ts: Using EditorConfig core...
src/app/app.module.ts: editor.action.trimTrailingWhitespace
NewProg/src/app/app.module.ts: Using EditorConfig core...
src/app/app.module.ts: editor.action.trimTrailingWhitespace
NewProg/src/app/app.module.ts: Using EditorConfig core...
src/app/app.module.ts: editor.action.trimTrailingWhitespace
NewProg/src/app/app.module.ts: Using EditorConfig core...
src/app/app.module.ts: editor.action.trimTrailingWhitespace
NewProg/src/app/app.module.ts: Using EditorConfig core...
src/app/app.module.ts: editor.action.trimTrailingWhitespace
NewProg/src/app/app.module.ts: Using EditorConfig core...
src/app/app.module.ts: editor.action.trimTrailingWhitespace
NewProg/src/app/app.module.ts: Using EditorConfig core...
src/app/app.module.ts: editor.action.trimTrailingWhitespace
NewProg/src/app/app.module.ts: Using EditorConfig core...
src/app/app.module.ts: editor.action.trimTrailingWhitespace
NewProg/src/app/app.module.ts: Using EditorConfig core...
src/app/app.module.ts: editor.action.trimTrailingWhitespace
NewProg/src/app/app.module.ts: Using EditorConfig core...
src/app/app.module.ts: editor.action.trimTrailingWhitespace
NewProg/src/app/app.module.ts: Using EditorConfig core...
src/app/app.module.ts: editor.action.trimTrailingWhitespace
NewProg/src/app/app.component.html: {"insertSpaces":true,"tabSize":2}
NewProg/src/app/app.component.html: Using EditorConfig core...
src/app/app.component.html: editor.action.trimTrailingWhitespace
NewProg/src/app/app.component.html: Using EditorConfig core...
src/app/app.component.html: editor.action.trimTrailingWhitespace
NewProg/src/app/app.component.html: Using EditorConfig core...
src/app/app.component.html: editor.action.trimTrailingWhitespace
NewProg/src/app/app.component.html: Using EditorConfig core...
src/app/app.component.html: editor.action.trimTrailingWhitespace
NewProg/src/app/app.component.html: Using EditorConfig core...
src/app/app.component.html: editor.action.trimTrailingWhitespace
NewProg/src/app/app.component.html: Using EditorConfig core...
src/app/app.component.html: editor.action.trimTrailingWhitespace
NewProg/src/app/app.component.html: Using EditorConfig core...
src/app/app.component.html: editor.action.trimTrailingWhitespace
NewProg/src/app/app.component.html: Using EditorConfig core...
src/app/app.component.html: editor.action.trimTrailingWhitespace
NewProg/src/app/app.component.html: Using EditorConfig core...
src/app/app.component.html: editor.action.trimTrailingWhitespace
NewProg/src/app/app.component.html: Using EditorConfig core...
src/app/app.component.html: editor.action.trimTrailingWhitespace
NewProg/src/app/app.component.html: Using EditorConfig core...
src/app/app.component.html: editor.action.trimTrailingWhitespace
NewProg/src/app/app.component.html: Using EditorConfig core...
src/app/app.component.html: editor.action.trimTrailingWhitespace
NewProg/src/app/app.component.html: Using EditorConfig core...
src/app/app.component.html: editor.action.trimTrailingWhitespace
NewProg/src/app/app.component.html: Using EditorConfig core...
src/app/app.component.html: editor.action.trimTrailingWhitespace
NewProg/src/app/app.component.html: Using EditorConfig core...
src/app/app.component.html: editor.action.trimTrailingWhitespace
NewProg/src/app/app.component.html: Using EditorConfig core...
src/app/app.component.html: editor.action.trimTrailingWhitespace
NewProg/src/app/app.component.html: Using EditorConfig core...
src/app/app.component.html: editor.action.trimTrailingWhitespace
NewProg/src/app/app.component.html: Using EditorConfig core...
src/app/app.component.html: editor.action.trimTrailingWhitespace
NewProg/src/app/app.component.html: Using EditorConfig core...
src/app/app.component.html: editor.action.trimTrailingWhitespace
NewProg/src/app/app.component.html: Using EditorConfig core...
src/app/app.component.html: editor.action.trimTrailingWhitespace
NewProg/src/app/app.component.html: Using EditorConfig core...
src/app/app.component.html: editor.action.trimTrailingWhitespace
NewProg/src/app/app.component.html: {"insertSpaces":true,"tabSize":2}
NewProg/src/app/order/order-create/order-create.component.html: {"insertSpaces":true,"tabSize":2}
NewProg/src/app/order/order-create/order-create.component.html: Using EditorConfig core...
src/app/order/order-create/order-create.component.html: editor.action.trimTrailingWhitespace
NewProg/src/app/order/order-create/order-create.component.html: Using EditorConfig core...
src/app/order/order-create/order-create.component.html: editor.action.trimTrailingWhitespace
NewProg/src/app/order/order-create/order-create.component.html: Using EditorConfig core...
src/app/order/order-create/order-create.component.html: editor.action.trimTrailingWhitespace
NewProg/src/app/order/order-create/order-create.component.html: Using EditorConfig core...
src/app/order/order-create/order-create.component.html: editor.action.trimTrailingWhitespace
NewProg/src/app/order/order-create/order-create.component.html: Using EditorConfig core...
src/app/order/order-create/order-create.component.html: editor.action.trimTrailingWhitespace
NewProg/src/app/order/order-create/order-create.component.html: Using EditorConfig core...
src/app/order/order-create/order-create.component.html: editor.action.trimTrailingWhitespace
NewProg/src/app/order/order-create/order-create.component.html: Using EditorConfig core...
src/app/order/order-create/order-create.component.html: editor.action.trimTrailingWhitespace
NewProg/src/app/order/order-create/order-create.component.html: Using EditorConfig core...
src/app/order/order-create/order-create.component.html: editor.action.trimTrailingWhitespace
NewProg/src/app/order/order-create/order-create.component.html: Using EditorConfig core...
src/app/order/order-create/order-create.component.html: editor.action.trimTrailingWhitespace
NewProg/src/app/order/order-create/order-create.component.html: Using EditorConfig core...
src/app/order/order-create/order-create.component.html: editor.action.trimTrailingWhitespace
NewProg/src/app/order/order-create/order-create.component.html: {"insertSpaces":true,"tabSize":2}
NewProg/src/app/order/order-create/order-create.component.html: Using EditorConfig core...
src/app/order/order-create/order-create.component.html: editor.action.trimTrailingWhitespace
NewProg/src/app/order/order-create/order-create.component.html: Using EditorConfig core...
src/app/order/order-create/order-create.component.html: editor.action.trimTrailingWhitespace
NewProg/src/app/order/order-create/order-create.component.html: Using EditorConfig core...
src/app/order/order-create/order-create.component.html: editor.action.trimTrailingWhitespace
NewProg/src/app/order/order-create/order-create.component.html: {"insertSpaces":true,"tabSize":2}
NewProg/src/app/order/order-create/order-create.component.html: {"insertSpaces":true,"tabSize":2}
NewProg/src/app/app.component.ts: {"insertSpaces":true,"tabSize":2}
NewProg/src/app/app.module.ts: {"insertSpaces":true,"tabSize":2}
NewProg/src/app/app.module.ts: Using EditorConfig core...
src/app/app.module.ts: editor.action.trimTrailingWhitespace
NewProg/src/app/app.module.ts: Using EditorConfig core...
src/app/app.module.ts: editor.action.trimTrailingWhitespace
NewProg/src/app/app.module.ts: Using EditorConfig core...
src/app/app.module.ts: editor.action.trimTrailingWhitespace
NewProg/src/app/app.module.ts: Using EditorConfig core...
src/app/app.module.ts: editor.action.trimTrailingWhitespace
NewProg/src/app/app.module.ts: Using EditorConfig core...
src/app/app.module.ts: editor.action.trimTrailingWhitespace
NewProg/src/app/app.module.ts: Using EditorConfig core...
src/app/app.module.ts: editor.action.trimTrailingWhitespace
NewProg/src/app/app.module.ts: Using EditorConfig core...
src/app/app.module.ts: editor.action.trimTrailingWhitespace
NewProg/src/app/app.module.ts: Using EditorConfig core...
src/app/app.module.ts: editor.action.trimTrailingWhitespace
NewProg/src/app/app.module.ts: Using EditorConfig core...
src/app/app.module.ts: editor.action.trimTrailingWhitespace
NewProg/src/app/app.module.ts: Using EditorConfig core...
src/app/app.module.ts: editor.action.trimTrailingWhitespace
NewProg/src/app/app.module.ts: Using EditorConfig core...
src/app/app.module.ts: editor.action.trimTrailingWhitespace
NewProg/src/app/app.module.ts: Using EditorConfig core...
src/app/app.module.ts: editor.action.trimTrailingWhitespace
NewProg/src/app/app.module.ts: Using EditorConfig core...
src/app/app.module.ts: editor.action.trimTrailingWhitespace
NewProg/src/app/app.module.ts: Using EditorConfig core...
src/app/app.module.ts: editor.action.trimTrailingWhitespace
NewProg/src/app/app.module.ts: Using EditorConfig core...
src/app/app.module.ts: editor.action.trimTrailingWhitespace
NewProg/src/app/app.module.ts: Using EditorConfig core...
src/app/app.module.ts: editor.action.trimTrailingWhitespace
NewProg/src/app/app.module.ts: Using EditorConfig core...
src/app/app.module.ts: editor.action.trimTrailingWhitespace
NewProg/src/app/app.module.ts: Using EditorConfig core...
src/app/app.module.ts: editor.action.trimTrailingWhitespace
NewProg/src/app/app.module.ts: Using EditorConfig core...
src/app/app.module.ts: editor.action.trimTrailingWhitespace
NewProg/src/app/app.module.ts: Using EditorConfig core...
src/app/app.module.ts: editor.action.trimTrailingWhitespace
NewProg/src/app/app.module.ts: Using EditorConfig core...
src/app/app.module.ts: editor.action.trimTrailingWhitespace
NewProg/src/app/app.module.ts: Using EditorConfig core...
src/app/app.module.ts: editor.action.trimTrailingWhitespace
NewProg/src/app/app.module.ts: Using EditorConfig core...
src/app/app.module.ts: editor.action.trimTrailingWhitespace
NewProg/src/app/app.module.ts: Using EditorConfig core...
src/app/app.module.ts: editor.action.trimTrailingWhitespace
NewProg/src/app/app.module.ts: Using EditorConfig core...
src/app/app.module.ts: editor.action.trimTrailingWhitespace
NewProg/src/app/order/order-create/order-create.component.html: {"insertSpaces":true,"tabSize":2}
NewProg/src/app/app.module.ts: {"insertSpaces":true,"tabSize":2}
NewProg/src/app/app.module.ts: Using EditorConfig core...
src/app/app.module.ts: editor.action.trimTrailingWhitespace
NewProg/src/app/order/order-create/order-create.component.html: {"insertSpaces":true,"tabSize":2}
NewProg/src/app/order/order-create/order-create.component.html: Using EditorConfig core...
src/app/order/order-create/order-create.component.html: editor.action.trimTrailingWhitespace
NewProg/src/app/order/order-create/order-create.component.html: Using EditorConfig core...
src/app/order/order-create/order-create.component.html: editor.action.trimTrailingWhitespace
NewProg/src/app/order/order-create/order-create.component.html: Using EditorConfig core...
src/app/order/order-create/order-create.component.html: editor.action.trimTrailingWhitespace
NewProg/src/app/order/order-create/order-create.component.html: Using EditorConfig core...
src/app/order/order-create/order-create.component.html: editor.action.trimTrailingWhitespace
NewProg/src/app/order/order-create/order-create.component.html: Using EditorConfig core...
src/app/order/order-create/order-create.component.html: editor.action.trimTrailingWhitespace
NewProg/src/app/order/order-create/order-create.component.html: Using EditorConfig core...
src/app/order/order-create/order-create.component.html: editor.action.trimTrailingWhitespace
NewProg/src/app/order/order-create/order-create.component.html: Using EditorConfig core...
src/app/order/order-create/order-create.component.html: editor.action.trimTrailingWhitespace
NewProg/src/app/order/order-create/order-create.component.html: {"insertSpaces":true,"tabSize":2}
NewProg/src/app/order/order-create/order-create.component.html: {"insertSpaces":true,"tabSize":2}
NewProg/src/app/app.module.ts: {"insertSpaces":true,"tabSize":2}
NewProg/src/app/app.module.ts: Using EditorConfig core...
src/app/app.module.ts: editor.action.trimTrailingWhitespace
NewProg/src/app/app.module.ts: Using EditorConfig core...
src/app/app.module.ts: editor.action.trimTrailingWhitespace
NewProg/src/app/order/order-create/order-create.component.html: {"insertSpaces":true,"tabSize":2}
NewProg/src/app/order/order-create/order-create.component.html: Using EditorConfig core...
src/app/order/order-create/order-create.component.html: editor.action.trimTrailingWhitespace
NewProg/src/app/order/order-create/order-create.component.html: Using EditorConfig core...
src/app/order/order-create/order-create.component.html: editor.action.trimTrailingWhitespace
NewProg/src/app/order/order-create/order-create.component.html: Using EditorConfig core...
src/app/order/order-create/order-create.component.html: editor.action.trimTrailingWhitespace
NewProg/src/app/order/order-create/order-create.component.html: Using EditorConfig core...
src/app/order/order-create/order-create.component.html: editor.action.trimTrailingWhitespace
NewProg/src/app/order/order-create/order-create.component.html: Using EditorConfig core...
src/app/order/order-create/order-create.component.html: editor.action.trimTrailingWhitespace
NewProg/src/app/order/order-create/order-create.component.html: Using EditorConfig core...
src/app/order/order-create/order-create.component.html: editor.action.trimTrailingWhitespace
NewProg/src/app/order/order-create/order-create.component.html: Using EditorConfig core...
src/app/order/order-create/order-create.component.html: editor.action.trimTrailingWhitespace
NewProg/src/app/order/order-create/order-create.component.html: Using EditorConfig core...
src/app/order/order-create/order-create.component.html: editor.action.trimTrailingWhitespace
NewProg/src/app/order/order-create/order-create.component.html: Using EditorConfig core...
src/app/order/order-create/order-create.component.html: editor.action.trimTrailingWhitespace
NewProg/src/app/order/order-create/order-create.component.html: {"insertSpaces":true,"tabSize":2}
NewProg/src/app/order/order-create/order-create.component.html: Using EditorConfig core...
src/app/order/order-create/order-create.component.html: editor.action.trimTrailingWhitespace
NewProg/src/app/order/order-create/order-create.component.html: Using EditorConfig core...
src/app/order/order-create/order-create.component.html: editor.action.trimTrailingWhitespace
NewProg/src/app/order/order-create/order-create.component.html: Using EditorConfig core...
src/app/order/order-create/order-create.component.html: editor.action.trimTrailingWhitespace
NewProg/src/app/order/order-create/order-create.component.html: Using EditorConfig core...
src/app/order/order-create/order-create.component.html: editor.action.trimTrailingWhitespace
NewProg/src/app/order/order-create/order-create.component.html: Using EditorConfig core...
src/app/order/order-create/order-create.component.html: editor.action.trimTrailingWhitespace
NewProg/src/app/order/order-create/order-create.component.html: Using EditorConfig core...
src/app/order/order-create/order-create.component.html: editor.action.trimTrailingWhitespace
NewProg/src/app/order/order-create/order-create.component.html: Using EditorConfig core...
src/app/order/order-create/order-create.component.html: editor.action.trimTrailingWhitespace
NewProg/src/app/order/order-create/order-create.component.html: Using EditorConfig core...
src/app/order/order-create/order-create.component.html: editor.action.trimTrailingWhitespace
NewProg/src/app/order/order-create/order-create.component.html: Using EditorConfig core...
src/app/order/order-create/order-create.component.html: editor.action.trimTrailingWhitespace
NewProg/src/app/order/order-create/order-create.component.html: Using EditorConfig core...
src/app/order/order-create/order-create.component.html: editor.action.trimTrailingWhitespace
NewProg/src/app/order/order-create/order-create.component.html: Using EditorConfig core...
src/app/order/order-create/order-create.component.html: editor.action.trimTrailingWhitespace
NewProg/src/app/order/order-create/order-create.component.html: Using EditorConfig core...
src/app/order/order-create/order-create.component.html: editor.action.trimTrailingWhitespace
NewProg/src/app/order/order-create/order-create.component.html: Using EditorConfig core...
src/app/order/order-create/order-create.component.html: editor.action.trimTrailingWhitespace
NewProg/src/app/order/order-create/order-create.component.html: Using EditorConfig core...
src/app/order/order-create/order-create.component.html: editor.action.trimTrailingWhitespace
NewProg/src/app/order/order-create/order-create.component.html: Using EditorConfig core...
src/app/order/order-create/order-create.component.html: editor.action.trimTrailingWhitespace
NewProg/src/app/order/order-create/order-create.component.html: Using EditorConfig core...
src/app/order/order-create/order-create.component.html: editor.action.trimTrailingWhitespace
NewProg/src/app/order/order-create/order-create.component.html: Using EditorConfig core...
src/app/order/order-create/order-create.component.html: editor.action.trimTrailingWhitespace
NewProg/src/app/order/order-create/order-create.component.html: Using EditorConfig core...
src/app/order/order-create/order-create.component.html: editor.action.trimTrailingWhitespace
NewProg/src/app/order/order-create/order-create.component.html: Using EditorConfig core...
src/app/order/order-create/order-create.component.html: editor.action.trimTrailingWhitespace
NewProg/src/app/order/order-create/order-create.component.html: Using EditorConfig core...
src/app/order/order-create/order-create.component.html: editor.action.trimTrailingWhitespace
NewProg/src/app/order/order-create/order-create.component.html: Using EditorConfig core...
src/app/order/order-create/order-create.component.html: editor.action.trimTrailingWhitespace
NewProg/src/app/order/order-create/order-create.component.html: Using EditorConfig core...
src/app/order/order-create/order-create.component.html: editor.action.trimTrailingWhitespace
NewProg/src/app/order/order-create/order-create.component.html: Using EditorConfig core...
src/app/order/order-create/order-create.component.html: editor.action.trimTrailingWhitespace
NewProg/src/app/order/order-create/order-create.component.html: Using EditorConfig core...
src/app/order/order-create/order-create.component.html: editor.action.trimTrailingWhitespace
NewProg/src/app/order/order-create/order-create.component.html: Using EditorConfig core...
src/app/order/order-create/order-create.component.html: editor.action.trimTrailingWhitespace
NewProg/src/app/order/order-create/order-create.component.html: {"insertSpaces":true,"tabSize":2}
NewProg/src/app/app.module.ts: {"insertSpaces":true,"tabSize":2}
NewProg/src/app/order/order-create/order-create.component.html: {"insertSpaces":true,"tabSize":2}
NewProg/src/app/app.module.ts: {"insertSpaces":true,"tabSize":2}
NewProg/src/app/app.module.ts: Using EditorConfig core...
src/app/app.module.ts: editor.action.trimTrailingWhitespace
NewProg/src/app/app.module.ts: Using EditorConfig core...
src/app/app.module.ts: editor.action.trimTrailingWhitespace
NewProg/src/app/app.module.ts: Using EditorConfig core...
src/app/app.module.ts: editor.action.trimTrailingWhitespace
NewProg/src/app/app.module.ts: Using EditorConfig core...
src/app/app.module.ts: editor.action.trimTrailingWhitespace
NewProg/src/app/app.module.ts: Using EditorConfig core...
src/app/app.module.ts: editor.action.trimTrailingWhitespace
NewProg/src/app/app.module.ts: Using EditorConfig core...
src/app/app.module.ts: editor.action.trimTrailingWhitespace
NewProg/src/app/app.module.ts: Using EditorConfig core...
src/app/app.module.ts: editor.action.trimTrailingWhitespace
NewProg/src/app/app.module.ts: Using EditorConfig core...
src/app/app.module.ts: editor.action.trimTrailingWhitespace
NewProg/src/app/app.module.ts: Using EditorConfig core...
src/app/app.module.ts: editor.action.trimTrailingWhitespace
NewProg/src/app/app.module.ts: Using EditorConfig core...
src/app/app.module.ts: editor.action.trimTrailingWhitespace
NewProg/src/app/app.module.ts: Using EditorConfig core...
src/app/app.module.ts: editor.action.trimTrailingWhitespace
NewProg/src/app/app.module.ts: Using EditorConfig core...
src/app/app.module.ts: editor.action.trimTrailingWhitespace
NewProg/src/app/app.module.ts: Using EditorConfig core...
src/app/app.module.ts: editor.action.trimTrailingWhitespace
NewProg/src/app/app.module.ts: Using EditorConfig core...
src/app/app.module.ts: editor.action.trimTrailingWhitespace
NewProg/src/app/app.module.ts: Using EditorConfig core...
src/app/app.module.ts: editor.action.trimTrailingWhitespace
NewProg/src/app/app.module.ts: Using EditorConfig core...
src/app/app.module.ts: editor.action.trimTrailingWhitespace
NewProg/src/app/app.module.ts: Using EditorConfig core...
src/app/app.module.ts: editor.action.trimTrailingWhitespace
NewProg/src/app/app.module.ts: Using EditorConfig core...
src/app/app.module.ts: editor.action.trimTrailingWhitespace
NewProg/src/app/app.module.ts: {"insertSpaces":true,"tabSize":2}
NewProg/src/app/order/order-create/order-create.component.html: {"insertSpaces":true,"tabSize":2}
NewProg/src/app/order/order-create/order-create.component.html: {"insertSpaces":true,"tabSize":2}
NewProg/src/app/order/order-create/order-create.component.html: Using EditorConfig core...
src/app/order/order-create/order-create.component.html: editor.action.trimTrailingWhitespace
NewProg/src/app/order/order-create/order-create.component.html: Using EditorConfig core...
src/app/order/order-create/order-create.component.html: editor.action.trimTrailingWhitespace
NewProg/src/app/order/order-create/order-create.component.html: {"insertSpaces":true,"tabSize":2}
NewProg/src/app/order/order-create/order-create.component.html: Using EditorConfig core...
src/app/order/order-create/order-create.component.html: editor.action.trimTrailingWhitespace
NewProg/src/app/order/order-create/order-create.component.html: Using EditorConfig core...
src/app/order/order-create/order-create.component.html: editor.action.trimTrailingWhitespace
NewProg/src/app/order/order-create/order-create.component.html: Using EditorConfig core...
src/app/order/order-create/order-create.component.html: editor.action.trimTrailingWhitespace
NewProg/src/app/order/order-create/order-create.component.html: Using EditorConfig core...
src/app/order/order-create/order-create.component.html: editor.action.trimTrailingWhitespace
