Initializing document watcher...
NewProg/src/app/order/order.model.ts: {"insertSpaces":true,"tabSize":2}
NewProg/src/app/order/order.model.ts: Using EditorConfig core...
src/app/order/order.model.ts: editor.action.trimTrailingWhitespace
src/app/order/order.model.ts: insertFinalNewline(LF)
NewProg/src/app/order/order.model.ts: Using EditorConfig core...
src/app/order/order.model.ts: editor.action.trimTrailingWhitespace
src/app/order/order.model.ts: insertFinalNewline(LF)
NewProg/src/app/order/order.model.ts: Using EditorConfig core...
src/app/order/order.model.ts: editor.action.trimTrailingWhitespace
NewProg/src/app/order/order.model.ts: Using EditorConfig core...
src/app/order/order.model.ts: editor.action.trimTrailingWhitespace
NewProg/src/app/order/order.model.ts: Using EditorConfig core...
src/app/order/order.model.ts: editor.action.trimTrailingWhitespace
NewProg/src/app/order/order.model.ts: Using EditorConfig core...
src/app/order/order.model.ts: editor.action.trimTrailingWhitespace
NewProg/src/app/order/order.model.ts: Using EditorConfig core...
src/app/order/order.model.ts: editor.action.trimTrailingWhitespace
NewProg/src/app/order/order.model.ts: Using EditorConfig core...
src/app/order/order.model.ts: editor.action.trimTrailingWhitespace
NewProg/src/app/order/order.model.ts: Using EditorConfig core...
src/app/order/order.model.ts: editor.action.trimTrailingWhitespace
NewProg/src/app/order/order.model.ts: Using EditorConfig core...
src/app/order/order.model.ts: editor.action.trimTrailingWhitespace
NewProg/src/app/order/order.model.ts: Using EditorConfig core...
src/app/order/order.model.ts: editor.action.trimTrailingWhitespace
NewProg/src/app/order/order.model.ts: Using EditorConfig core...
src/app/order/order.model.ts: editor.action.trimTrailingWhitespace
NewProg/src/app/order/order.model.ts: Using EditorConfig core...
src/app/order/order.model.ts: editor.action.trimTrailingWhitespace
NewProg/src/app/app.component.ts: {"insertSpaces":true,"tabSize":2}
NewProg/src/app/app.component.ts: Using EditorConfig core...
src/app/app.component.ts: editor.action.trimTrailingWhitespace
NewProg/src/app/app.component.ts: Using EditorConfig core...
src/app/app.component.ts: editor.action.trimTrailingWhitespace
NewProg/src/app/app.component.ts: Using EditorConfig core...
src/app/app.component.ts: editor.action.trimTrailingWhitespace
NewProg/src/app/app.component.ts: Using EditorConfig core...
src/app/app.component.ts: editor.action.trimTrailingWhitespace
NewProg/src/app/app.component.ts: Using EditorConfig core...
src/app/app.component.ts: editor.action.trimTrailingWhitespace
NewProg/src/app/app.component.ts: Using EditorConfig core...
src/app/app.component.ts: editor.action.trimTrailingWhitespace
NewProg/src/app/app.component.ts: Using EditorConfig core...
src/app/app.component.ts: editor.action.trimTrailingWhitespace
NewProg/src/app/app.component.ts: Using EditorConfig core...
src/app/app.component.ts: editor.action.trimTrailingWhitespace
NewProg/src/app/app.component.ts: Using EditorConfig core...
src/app/app.component.ts: editor.action.trimTrailingWhitespace
NewProg/src/app/app.component.ts: Using EditorConfig core...
src/app/app.component.ts: editor.action.trimTrailingWhitespace
NewProg/src/app/app.component.ts: Using EditorConfig core...
src/app/app.component.ts: editor.action.trimTrailingWhitespace
NewProg/src/app/app.component.ts: Using EditorConfig core...
src/app/app.component.ts: editor.action.trimTrailingWhitespace
NewProg/src/app/app.component.ts: Using EditorConfig core...
src/app/app.component.ts: editor.action.trimTrailingWhitespace
NewProg/src/app/app.component.ts: Using EditorConfig core...
src/app/app.component.ts: editor.action.trimTrailingWhitespace
NewProg/src/app/app.component.ts: Using EditorConfig core...
src/app/app.component.ts: editor.action.trimTrailingWhitespace
NewProg/src/app/app.component.ts: Using EditorConfig core...
src/app/app.component.ts: editor.action.trimTrailingWhitespace
NewProg/src/app/app.component.ts: Using EditorConfig core...
src/app/app.component.ts: editor.action.trimTrailingWhitespace
NewProg/src/app/order/order-placed/order-placed.component.ts: {"insertSpaces":true,"tabSize":2}
NewProg/src/app/order/order-placed/order-placed.component.ts: Using EditorConfig core...
src/app/order/order-placed/order-placed.component.ts: editor.action.trimTrailingWhitespace
NewProg/src/app/order/order-placed/order-placed.component.ts: Using EditorConfig core...
src/app/order/order-placed/order-placed.component.ts: editor.action.trimTrailingWhitespace
NewProg/src/app/order/order-placed/order-placed.component.ts: Using EditorConfig core...
src/app/order/order-placed/order-placed.component.ts: editor.action.trimTrailingWhitespace
NewProg/src/app/order/order-placed/order-placed.component.ts: Using EditorConfig core...
src/app/order/order-placed/order-placed.component.ts: editor.action.trimTrailingWhitespace
NewProg/src/app/order/order-placed/order-placed.component.ts: Using EditorConfig core...
src/app/order/order-placed/order-placed.component.ts: editor.action.trimTrailingWhitespace
NewProg/src/app/order/order-placed/order-placed.component.ts: Using EditorConfig core...
src/app/order/order-placed/order-placed.component.ts: editor.action.trimTrailingWhitespace
NewProg/src/app/order/order-placed/order-placed.component.ts: Using EditorConfig core...
src/app/order/order-placed/order-placed.component.ts: editor.action.trimTrailingWhitespace
NewProg/src/app/order/order-create/order-create.component.ts: {"insertSpaces":true,"tabSize":2}
NewProg/src/app/order/order-create/order-create.component.ts: Using EditorConfig core...
src/app/order/order-create/order-create.component.ts: editor.action.trimTrailingWhitespace
NewProg/src/app/order/order-create/order-create.component.ts: Using EditorConfig core...
src/app/order/order-create/order-create.component.ts: editor.action.trimTrailingWhitespace
NewProg/src/app/order/order-create/order-create.component.ts: Using EditorConfig core...
src/app/order/order-create/order-create.component.ts: editor.action.trimTrailingWhitespace
NewProg/src/app/order/order-create/order-create.component.ts: Using EditorConfig core...
src/app/order/order-create/order-create.component.ts: editor.action.trimTrailingWhitespace
NewProg/src/app/order/order-create/order-create.component.ts: Using EditorConfig core...
src/app/order/order-create/order-create.component.ts: editor.action.trimTrailingWhitespace
NewProg/src/app/order/order-create/order-create.component.ts: Using EditorConfig core...
src/app/order/order-create/order-create.component.ts: editor.action.trimTrailingWhitespace
NewProg/src/app/order/order-create/order-create.component.ts: Using EditorConfig core...
src/app/order/order-create/order-create.component.ts: editor.action.trimTrailingWhitespace
NewProg/src/app/order/order-create/order-create.component.ts: Using EditorConfig core...
src/app/order/order-create/order-create.component.ts: editor.action.trimTrailingWhitespace
NewProg/src/app/order/order-create/order-create.component.ts: Using EditorConfig core...
src/app/order/order-create/order-create.component.ts: editor.action.trimTrailingWhitespace
NewProg/src/app/order/order-placed/order-placed.component.ts: {"insertSpaces":true,"tabSize":2}
NewProg/src/app/order/order-placed/order-placed.component.ts: Using EditorConfig core...
src/app/order/order-placed/order-placed.component.ts: editor.action.trimTrailingWhitespace
NewProg/src/app/order/order-placed/order-placed.component.ts: Using EditorConfig core...
src/app/order/order-placed/order-placed.component.ts: editor.action.trimTrailingWhitespace
NewProg/src/app/order/order-placed/order-placed.component.ts: Using EditorConfig core...
src/app/order/order-placed/order-placed.component.ts: editor.action.trimTrailingWhitespace
NewProg/src/app/order/order-placed/order-placed.component.ts: Using EditorConfig core...
src/app/order/order-placed/order-placed.component.ts: editor.action.trimTrailingWhitespace
NewProg/src/app/order/order-placed/order-placed.component.ts: Using EditorConfig core...
src/app/order/order-placed/order-placed.component.ts: editor.action.trimTrailingWhitespace
NewProg/src/app/order/order-placed/order-placed.component.ts: Using EditorConfig core...
src/app/order/order-placed/order-placed.component.ts: editor.action.trimTrailingWhitespace
NewProg/src/app/order/order-placed/order-placed.component.ts: Using EditorConfig core...
src/app/order/order-placed/order-placed.component.ts: editor.action.trimTrailingWhitespace
NewProg/src/app/order/order-placed/order-placed.component.ts: Using EditorConfig core...
src/app/order/order-placed/order-placed.component.ts: editor.action.trimTrailingWhitespace
NewProg/src/app/order/order-placed/order-placed.component.ts: Using EditorConfig core...
src/app/order/order-placed/order-placed.component.ts: editor.action.trimTrailingWhitespace
NewProg/src/app/order/order-placed/order-placed.component.ts: Using EditorConfig core...
src/app/order/order-placed/order-placed.component.ts: editor.action.trimTrailingWhitespace
NewProg/src/app/order/order-placed/order-placed.component.ts: Using EditorConfig core...
src/app/order/order-placed/order-placed.component.ts: editor.action.trimTrailingWhitespace
NewProg/src/app/order/order-placed/order-placed.component.ts: Using EditorConfig core...
src/app/order/order-placed/order-placed.component.ts: editor.action.trimTrailingWhitespace
NewProg/src/app/order/order-placed/order-placed.component.ts: Using EditorConfig core...
src/app/order/order-placed/order-placed.component.ts: editor.action.trimTrailingWhitespace
NewProg/src/app/order/order-create/order-create.component.ts: {"insertSpaces":true,"tabSize":2}
NewProg/src/app/order/order-placed/order-placed.component.ts: {"insertSpaces":true,"tabSize":2}
NewProg/src/app/order/order-create/order-create.component.ts: {"insertSpaces":true,"tabSize":2}
NewProg/src/app/order/order-create/order-create.component.ts: Using EditorConfig core...
src/app/order/order-create/order-create.component.ts: editor.action.trimTrailingWhitespace
NewProg/src/app/order/order-create/order-create.component.ts: Using EditorConfig core...
src/app/order/order-create/order-create.component.ts: editor.action.trimTrailingWhitespace
NewProg/src/app/order/order-placed/order-placed.component.ts: {"insertSpaces":true,"tabSize":2}
NewProg/src/app/order/order.model.ts: {"insertSpaces":true,"tabSize":2}
NewProg/src/app/order/order-create/order-create.component.ts: {"insertSpaces":true,"tabSize":2}
NewProg/src/app/app.component.ts: {"insertSpaces":true,"tabSize":2}
NewProg/src/app/app.component.ts: Using EditorConfig core...
src/app/app.component.ts: editor.action.trimTrailingWhitespace
NewProg/src/app/app.component.ts: Using EditorConfig core...
src/app/app.component.ts: editor.action.trimTrailingWhitespace
NewProg/src/app/app.component.ts: Using EditorConfig core...
src/app/app.component.ts: editor.action.trimTrailingWhitespace
NewProg/src/app/app.component.ts: Using EditorConfig core...
src/app/app.component.ts: editor.action.trimTrailingWhitespace
NewProg/src/app/app.component.ts: Using EditorConfig core...
src/app/app.component.ts: editor.action.trimTrailingWhitespace
NewProg/src/app/app.component.ts: Using EditorConfig core...
src/app/app.component.ts: editor.action.trimTrailingWhitespace
NewProg/src/app/app.component.ts: Using EditorConfig core...
src/app/app.component.ts: editor.action.trimTrailingWhitespace
NewProg/src/app/app.component.ts: Using EditorConfig core...
src/app/app.component.ts: editor.action.trimTrailingWhitespace
NewProg/src/app/order/order-placed/order-placed.component.ts: {"insertSpaces":true,"tabSize":2}
NewProg/src/app/order/order-create/order-create.component.ts: {"insertSpaces":true,"tabSize":2}
NewProg/src/app/order/order-placed/order-placed.component.ts: {"insertSpaces":true,"tabSize":2}
NewProg/src/app/order/order-create/order-create.component.ts: {"insertSpaces":true,"tabSize":2}
NewProg/src/app/order/order-create/order-create.component.ts: Using EditorConfig core...
src/app/order/order-create/order-create.component.ts: editor.action.trimTrailingWhitespace
NewProg/src/app/order/order-create/order-create.component.ts: Using EditorConfig core...
src/app/order/order-create/order-create.component.ts: editor.action.trimTrailingWhitespace
NewProg/src/app/order/order-placed/order-placed.component.ts: {"insertSpaces":true,"tabSize":2}
NewProg/src/app/app.component.html: {"insertSpaces":true,"tabSize":2}
NewProg/src/app/app.component.ts: {"insertSpaces":true,"tabSize":2}
NewProg/src/app/app.component.ts: Using EditorConfig core...
src/app/app.component.ts: editor.action.trimTrailingWhitespace
NewProg/src/app/order/order-placed/order-placed.component.ts: {"insertSpaces":true,"tabSize":2}
NewProg/src/app/order/order-placed/order-placed.component.ts: Using EditorConfig core...
src/app/order/order-placed/order-placed.component.ts: editor.action.trimTrailingWhitespace
NewProg/src/app/order/order-placed/order-placed.component.ts: Using EditorConfig core...
src/app/order/order-placed/order-placed.component.ts: editor.action.trimTrailingWhitespace
NewProg/src/app/order/order-create/order-create.component.html: {"insertSpaces":true,"tabSize":2}
NewProg/src/app/order/order-create/order-create.component.html: Using EditorConfig core...
src/app/order/order-create/order-create.component.html: editor.action.trimTrailingWhitespace
NewProg/src/app/order/order-create/order-create.component.html: Using EditorConfig core...
src/app/order/order-create/order-create.component.html: editor.action.trimTrailingWhitespace
NewProg/src/app/order/order-create/order-create.component.html: Using EditorConfig core...
src/app/order/order-create/order-create.component.html: editor.action.trimTrailingWhitespace
NewProg/src/app/order/order-create/order-create.component.html: Using EditorConfig core...
src/app/order/order-create/order-create.component.html: editor.action.trimTrailingWhitespace
NewProg/src/app/order/order-create/order-create.component.html: Using EditorConfig core...
src/app/order/order-create/order-create.component.html: editor.action.trimTrailingWhitespace
NewProg/src/app/order/order-create/order-create.component.html: Using EditorConfig core...
src/app/order/order-create/order-create.component.html: editor.action.trimTrailingWhitespace
NewProg/src/app/order/order-create/order-create.component.html: Using EditorConfig core...
src/app/order/order-create/order-create.component.html: editor.action.trimTrailingWhitespace
NewProg/src/app/order/order-create/order-create.component.html: Using EditorConfig core...
src/app/order/order-create/order-create.component.html: editor.action.trimTrailingWhitespace
NewProg/src/app/order/order-create/order-create.component.html: Using EditorConfig core...
src/app/order/order-create/order-create.component.html: editor.action.trimTrailingWhitespace
NewProg/src/app/order/order-create/order-create.component.html: Using EditorConfig core...
src/app/order/order-create/order-create.component.html: editor.action.trimTrailingWhitespace
NewProg/src/app/order/order-create/order-create.component.html: Using EditorConfig core...
src/app/order/order-create/order-create.component.html: editor.action.trimTrailingWhitespace
NewProg/src/app/order/order-create/order-create.component.html: Using EditorConfig core...
src/app/order/order-create/order-create.component.html: editor.action.trimTrailingWhitespace
NewProg/src/app/order/order-create/order-create.component.html: Using EditorConfig core...
src/app/order/order-create/order-create.component.html: editor.action.trimTrailingWhitespace
NewProg/src/app/order/order-create/order-create.component.html: Using EditorConfig core...
src/app/order/order-create/order-create.component.html: editor.action.trimTrailingWhitespace
NewProg/src/app/order/order-create/order-create.component.html: Using EditorConfig core...
src/app/order/order-create/order-create.component.html: editor.action.trimTrailingWhitespace
NewProg/src/app/order/order-create/order-create.component.html: Using EditorConfig core...
src/app/order/order-create/order-create.component.html: editor.action.trimTrailingWhitespace
NewProg/src/app/order/order-create/order-create.component.html: Using EditorConfig core...
src/app/order/order-create/order-create.component.html: editor.action.trimTrailingWhitespace
NewProg/src/app/order/order-create/order-create.component.html: Using EditorConfig core...
src/app/order/order-create/order-create.component.html: editor.action.trimTrailingWhitespace
NewProg/src/app/order/order-create/order-create.component.html: Using EditorConfig core...
src/app/order/order-create/order-create.component.html: editor.action.trimTrailingWhitespace
NewProg/src/app/order/order-create/order-create.component.html: Using EditorConfig core...
src/app/order/order-create/order-create.component.html: editor.action.trimTrailingWhitespace
NewProg/src/app/order/order-create/order-create.component.html: Using EditorConfig core...
src/app/order/order-create/order-create.component.html: editor.action.trimTrailingWhitespace
NewProg/src/app/order/order-create/order-create.component.html: Using EditorConfig core...
src/app/order/order-create/order-create.component.html: editor.action.trimTrailingWhitespace
NewProg/src/app/order/order-create/order-create.component.html: Using EditorConfig core...
src/app/order/order-create/order-create.component.html: editor.action.trimTrailingWhitespace
NewProg/src/app/order/order-create/order-create.component.html: Using EditorConfig core...
src/app/order/order-create/order-create.component.html: editor.action.trimTrailingWhitespace
NewProg/src/app/order/order-create/order-create.component.html: Using EditorConfig core...
src/app/order/order-create/order-create.component.html: editor.action.trimTrailingWhitespace
NewProg/src/app/order/order-create/order-create.component.html: Using EditorConfig core...
src/app/order/order-create/order-create.component.html: editor.action.trimTrailingWhitespace
NewProg/src/app/order/order-create/order-create.component.html: Using EditorConfig core...
src/app/order/order-create/order-create.component.html: editor.action.trimTrailingWhitespace
NewProg/src/app/order/order-create/order-create.component.html: Using EditorConfig core...
src/app/order/order-create/order-create.component.html: editor.action.trimTrailingWhitespace
NewProg/src/app/order/order-create/order-create.component.html: Using EditorConfig core...
src/app/order/order-create/order-create.component.html: editor.action.trimTrailingWhitespace
NewProg/src/app/order/order-create/order-create.component.html: Using EditorConfig core...
src/app/order/order-create/order-create.component.html: editor.action.trimTrailingWhitespace
NewProg/src/app/order/order-create/order-create.component.html: Using EditorConfig core...
src/app/order/order-create/order-create.component.html: editor.action.trimTrailingWhitespace
NewProg/src/app/order/order-create/order-create.component.html: Using EditorConfig core...
src/app/order/order-create/order-create.component.html: editor.action.trimTrailingWhitespace
NewProg/src/app/order/order-create/order-create.component.html: Using EditorConfig core...
src/app/order/order-create/order-create.component.html: editor.action.trimTrailingWhitespace
NewProg/src/app/order/order-create/order-create.component.html: Using EditorConfig core...
src/app/order/order-create/order-create.component.html: editor.action.trimTrailingWhitespace
NewProg/src/app/order/order-create/order-create.component.html: Using EditorConfig core...
src/app/order/order-create/order-create.component.html: editor.action.trimTrailingWhitespace
NewProg/src/app/order/order-create/order-create.component.html: Using EditorConfig core...
src/app/order/order-create/order-create.component.html: editor.action.trimTrailingWhitespace
NewProg/src/app/order/order-create/order-create.component.html: Using EditorConfig core...
src/app/order/order-create/order-create.component.html: editor.action.trimTrailingWhitespace
NewProg/src/app/order/order-create/order-create.component.html: Using EditorConfig core...
src/app/order/order-create/order-create.component.html: editor.action.trimTrailingWhitespace
NewProg/src/app/order/order-create/order-create.component.html: Using EditorConfig core...
src/app/order/order-create/order-create.component.html: editor.action.trimTrailingWhitespace
NewProg/src/app/order/order-create/order-create.component.html: Using EditorConfig core...
src/app/order/order-create/order-create.component.html: editor.action.trimTrailingWhitespace
NewProg/src/app/order/order-create/order-create.component.html: Using EditorConfig core...
src/app/order/order-create/order-create.component.html: editor.action.trimTrailingWhitespace
NewProg/src/app/order/order-create/order-create.component.html: Using EditorConfig core...
src/app/order/order-create/order-create.component.html: editor.action.trimTrailingWhitespace
NewProg/src/app/order/order-create/order-create.component.html: Using EditorConfig core...
src/app/order/order-create/order-create.component.html: editor.action.trimTrailingWhitespace
NewProg/src/app/order/order-create/order-create.component.html: Using EditorConfig core...
src/app/order/order-create/order-create.component.html: editor.action.trimTrailingWhitespace
NewProg/src/app/order/order-create/order-create.component.html: Using EditorConfig core...
src/app/order/order-create/order-create.component.html: editor.action.trimTrailingWhitespace
NewProg/src/app/order/order-create/order-create.component.html: Using EditorConfig core...
src/app/order/order-create/order-create.component.html: editor.action.trimTrailingWhitespace
NewProg/src/app/order/order-create/order-create.component.html: Using EditorConfig core...
src/app/order/order-create/order-create.component.html: editor.action.trimTrailingWhitespace
NewProg/src/app/order/order-create/order-create.component.html: Using EditorConfig core...
src/app/order/order-create/order-create.component.html: editor.action.trimTrailingWhitespace
NewProg/src/app/order/order-create/order-create.component.html: Using EditorConfig core...
src/app/order/order-create/order-create.component.html: editor.action.trimTrailingWhitespace
NewProg/src/app/order/order-create/order-create.component.html: Using EditorConfig core...
src/app/order/order-create/order-create.component.html: editor.action.trimTrailingWhitespace
NewProg/src/app/order/order-create/order-create.component.html: Using EditorConfig core...
src/app/order/order-create/order-create.component.html: editor.action.trimTrailingWhitespace
NewProg/src/app/order/order-create/order-create.component.html: Using EditorConfig core...
src/app/order/order-create/order-create.component.html: editor.action.trimTrailingWhitespace
NewProg/src/app/order/order-create/order-create.component.html: Using EditorConfig core...
src/app/order/order-create/order-create.component.html: editor.action.trimTrailingWhitespace
NewProg/src/app/order/order-create/order-create.component.html: Using EditorConfig core...
src/app/order/order-create/order-create.component.html: editor.action.trimTrailingWhitespace
NewProg/src/app/order/order-create/order-create.component.html: Using EditorConfig core...
src/app/order/order-create/order-create.component.html: editor.action.trimTrailingWhitespace
NewProg/src/app/order/order-create/order-create.component.html: Using EditorConfig core...
src/app/order/order-create/order-create.component.html: editor.action.trimTrailingWhitespace
NewProg/src/app/order/order-create/order-create.component.html: Using EditorConfig core...
src/app/order/order-create/order-create.component.html: editor.action.trimTrailingWhitespace
NewProg/src/app/order/order-create/order-create.component.html: Using EditorConfig core...
src/app/order/order-create/order-create.component.html: editor.action.trimTrailingWhitespace
NewProg/src/app/order/order-create/order-create.component.html: Using EditorConfig core...
src/app/order/order-create/order-create.component.html: editor.action.trimTrailingWhitespace
NewProg/src/app/order/order-create/order-create.component.html: Using EditorConfig core...
src/app/order/order-create/order-create.component.html: editor.action.trimTrailingWhitespace
NewProg/src/app/order/order-create/order-create.component.html: Using EditorConfig core...
src/app/order/order-create/order-create.component.html: editor.action.trimTrailingWhitespace
NewProg/src/app/order/order-create/order-create.component.html: Using EditorConfig core...
src/app/order/order-create/order-create.component.html: editor.action.trimTrailingWhitespace
NewProg/src/app/order/order-create/order-create.component.html: Using EditorConfig core...
src/app/order/order-create/order-create.component.html: editor.action.trimTrailingWhitespace
NewProg/src/app/order/order-create/order-create.component.html: Using EditorConfig core...
src/app/order/order-create/order-create.component.html: editor.action.trimTrailingWhitespace
NewProg/src/app/order/order-create/order-create.component.html: Using EditorConfig core...
src/app/order/order-create/order-create.component.html: editor.action.trimTrailingWhitespace
NewProg/src/app/order/order-create/order-create.component.html: Using EditorConfig core...
src/app/order/order-create/order-create.component.html: editor.action.trimTrailingWhitespace
NewProg/src/app/order/order-create/order-create.component.html: Using EditorConfig core...
src/app/order/order-create/order-create.component.html: editor.action.trimTrailingWhitespace
NewProg/src/app/order/order-create/order-create.component.html: Using EditorConfig core...
src/app/order/order-create/order-create.component.html: editor.action.trimTrailingWhitespace
NewProg/src/app/order/order-create/order-create.component.html: Using EditorConfig core...
src/app/order/order-create/order-create.component.html: editor.action.trimTrailingWhitespace
NewProg/src/app/order/order-create/order-create.component.html: Using EditorConfig core...
src/app/order/order-create/order-create.component.html: editor.action.trimTrailingWhitespace
NewProg/src/app/order/order-create/order-create.component.html: Using EditorConfig core...
src/app/order/order-create/order-create.component.html: editor.action.trimTrailingWhitespace
NewProg/src/app/order/order-create/order-create.component.html: Using EditorConfig core...
src/app/order/order-create/order-create.component.html: editor.action.trimTrailingWhitespace
NewProg/src/app/order/order-create/order-create.component.html: Using EditorConfig core...
src/app/order/order-create/order-create.component.html: editor.action.trimTrailingWhitespace
NewProg/src/app/order/order-create/order-create.component.html: Using EditorConfig core...
src/app/order/order-create/order-create.component.html: editor.action.trimTrailingWhitespace
NewProg/src/app/order/order-create/order-create.component.html: Using EditorConfig core...
src/app/order/order-create/order-create.component.html: editor.action.trimTrailingWhitespace
NewProg/src/app/order/order-placed/order-placed.component.ts: {"insertSpaces":true,"tabSize":2}
NewProg/src/app/order/order-create/order-create.component.html: {"insertSpaces":true,"tabSize":2}
NewProg/src/app/order/order-create/order-create.component.ts: {"insertSpaces":true,"tabSize":2}
NewProg/src/app/order/order-create/order-create.component.ts: Using EditorConfig core...
src/app/order/order-create/order-create.component.ts: editor.action.trimTrailingWhitespace
NewProg/src/app/order/order-create/order-create.component.ts: Using EditorConfig core...
src/app/order/order-create/order-create.component.ts: editor.action.trimTrailingWhitespace
NewProg/src/app/order/order-create/order-create.component.ts: Using EditorConfig core...
src/app/order/order-create/order-create.component.ts: editor.action.trimTrailingWhitespace
NewProg/src/app/order/order-create/order-create.component.ts: Using EditorConfig core...
src/app/order/order-create/order-create.component.ts: editor.action.trimTrailingWhitespace
NewProg/src/app/order/order-create/order-create.component.ts: Using EditorConfig core...
src/app/order/order-create/order-create.component.ts: editor.action.trimTrailingWhitespace
NewProg/src/app/order/order-create/order-create.component.ts: Using EditorConfig core...
src/app/order/order-create/order-create.component.ts: editor.action.trimTrailingWhitespace
NewProg/src/app/order/order-create/order-create.component.ts: Using EditorConfig core...
src/app/order/order-create/order-create.component.ts: editor.action.trimTrailingWhitespace
NewProg/src/app/order/order-create/order-create.component.ts: Using EditorConfig core...
src/app/order/order-create/order-create.component.ts: editor.action.trimTrailingWhitespace
NewProg/src/app/order/order-create/order-create.component.ts: Using EditorConfig core...
src/app/order/order-create/order-create.component.ts: editor.action.trimTrailingWhitespace
NewProg/src/app/order/order-create/order-create.component.ts: Using EditorConfig core...
src/app/order/order-create/order-create.component.ts: editor.action.trimTrailingWhitespace
NewProg/src/app/order/order-create/order-create.component.ts: Using EditorConfig core...
src/app/order/order-create/order-create.component.ts: editor.action.trimTrailingWhitespace
NewProg/src/app/order/order-create/order-create.component.ts: Using EditorConfig core...
src/app/order/order-create/order-create.component.ts: editor.action.trimTrailingWhitespace
NewProg/src/app/order/order-create/order-create.component.ts: Using EditorConfig core...
src/app/order/order-create/order-create.component.ts: editor.action.trimTrailingWhitespace
NewProg/src/app/order/order-create/order-create.component.ts: Using EditorConfig core...
src/app/order/order-create/order-create.component.ts: editor.action.trimTrailingWhitespace
NewProg/src/app/order/order-create/order-create.component.ts: Using EditorConfig core...
src/app/order/order-create/order-create.component.ts: editor.action.trimTrailingWhitespace
NewProg/src/app/order/order-create/order-create.component.ts: Using EditorConfig core...
src/app/order/order-create/order-create.component.ts: editor.action.trimTrailingWhitespace
NewProg/src/app/order/order-create/order-create.component.ts: Using EditorConfig core...
src/app/order/order-create/order-create.component.ts: editor.action.trimTrailingWhitespace
NewProg/src/app/order/order-create/order-create.component.ts: Using EditorConfig core...
src/app/order/order-create/order-create.component.ts: editor.action.trimTrailingWhitespace
NewProg/src/app/order/order-create/order-create.component.ts: Using EditorConfig core...
src/app/order/order-create/order-create.component.ts: editor.action.trimTrailingWhitespace
NewProg/src/app/order/order-create/order-create.component.ts: Using EditorConfig core...
src/app/order/order-create/order-create.component.ts: editor.action.trimTrailingWhitespace
NewProg/src/app/order/order-create/order-create.component.ts: Using EditorConfig core...
src/app/order/order-create/order-create.component.ts: editor.action.trimTrailingWhitespace
NewProg/src/app/order/order-create/order-create.component.ts: Using EditorConfig core...
src/app/order/order-create/order-create.component.ts: editor.action.trimTrailingWhitespace
NewProg/src/app/order/order-create/order-create.component.ts: Using EditorConfig core...
src/app/order/order-create/order-create.component.ts: editor.action.trimTrailingWhitespace
NewProg/src/app/order/order-create/order-create.component.ts: Using EditorConfig core...
src/app/order/order-create/order-create.component.ts: editor.action.trimTrailingWhitespace
NewProg/src/app/order/order-create/order-create.component.ts: Using EditorConfig core...
src/app/order/order-create/order-create.component.ts: editor.action.trimTrailingWhitespace
NewProg/src/app/order/order-create/order-create.component.ts: Using EditorConfig core...
src/app/order/order-create/order-create.component.ts: editor.action.trimTrailingWhitespace
NewProg/src/app/order/order-create/order-create.component.ts: Using EditorConfig core...
src/app/order/order-create/order-create.component.ts: editor.action.trimTrailingWhitespace
NewProg/src/app/order/order-create/order-create.component.html: {"insertSpaces":true,"tabSize":2}
NewProg/src/app/order/order-create/order-create.component.ts: {"insertSpaces":true,"tabSize":2}
NewProg/src/app/order/order-create/order-create.component.html: {"insertSpaces":true,"tabSize":2}
NewProg/src/app/order/order-create/order-create.component.html: {"insertSpaces":true,"tabSize":2}
NewProg/src/app/order/order-create/order-create.component.html: Using EditorConfig core...
src/app/order/order-create/order-create.component.html: editor.action.trimTrailingWhitespace
NewProg/src/app/order/order-create/order-create.component.html: Using EditorConfig core...
src/app/order/order-create/order-create.component.html: editor.action.trimTrailingWhitespace
NewProg/src/app/order/order-create/order-create.component.html: Using EditorConfig core...
src/app/order/order-create/order-create.component.html: editor.action.trimTrailingWhitespace
NewProg/src/app/order/order-create/order-create.component.html: Using EditorConfig core...
src/app/order/order-create/order-create.component.html: editor.action.trimTrailingWhitespace
NewProg/src/app/order/order-create/order-create.component.html: Using EditorConfig core...
src/app/order/order-create/order-create.component.html: editor.action.trimTrailingWhitespace
NewProg/src/app/order/order-create/order-create.component.html: Using EditorConfig core...
src/app/order/order-create/order-create.component.html: editor.action.trimTrailingWhitespace
NewProg/src/app/order/order-create/order-create.component.html: Using EditorConfig core...
src/app/order/order-create/order-create.component.html: editor.action.trimTrailingWhitespace
NewProg/src/app/order/order-create/order-create.component.html: Using EditorConfig core...
src/app/order/order-create/order-create.component.html: editor.action.trimTrailingWhitespace
NewProg/src/app/order/order-create/order-create.component.html: Using EditorConfig core...
src/app/order/order-create/order-create.component.html: editor.action.trimTrailingWhitespace
NewProg/src/app/order/order-create/order-create.component.html: Using EditorConfig core...
src/app/order/order-create/order-create.component.html: editor.action.trimTrailingWhitespace
NewProg/src/app/order/order-create/order-create.component.html: Using EditorConfig core...
src/app/order/order-create/order-create.component.html: editor.action.trimTrailingWhitespace
NewProg/src/app/order/order-create/order-create.component.html: Using EditorConfig core...
src/app/order/order-create/order-create.component.html: editor.action.trimTrailingWhitespace
NewProg/src/app/order/order-create/order-create.component.html: Using EditorConfig core...
src/app/order/order-create/order-create.component.html: editor.action.trimTrailingWhitespace
NewProg/src/app/order/order-create/order-create.component.html: Using EditorConfig core...
src/app/order/order-create/order-create.component.html: editor.action.trimTrailingWhitespace
NewProg/src/app/order/order-create/order-create.component.html: Using EditorConfig core...
src/app/order/order-create/order-create.component.html: editor.action.trimTrailingWhitespace
NewProg/src/app/order/order-create/order-create.component.html: {"insertSpaces":true,"tabSize":2}
NewProg/src/app/order/order-placed/order-placed.component.ts: {"insertSpaces":true,"tabSize":2}
NewProg/src/app/order/order-placed/order-placed.component.ts: Using EditorConfig core...
src/app/order/order-placed/order-placed.component.ts: editor.action.trimTrailingWhitespace
NewProg/src/app/order/order-placed/order-placed.component.ts: Using EditorConfig core...
src/app/order/order-placed/order-placed.component.ts: editor.action.trimTrailingWhitespace
NewProg/src/app/order/order-placed/order-placed.component.ts: Using EditorConfig core...
src/app/order/order-placed/order-placed.component.ts: editor.action.trimTrailingWhitespace
NewProg/src/app/order/order-placed/order-placed.component.ts: {"insertSpaces":true,"tabSize":2}
NewProg/src/app/app.component.ts: {"insertSpaces":true,"tabSize":2}
NewProg/src/app/order/order-create/order-create.component.ts: {"insertSpaces":true,"tabSize":2}
NewProg/src/app/order/order-create/order-create.component.ts: Using EditorConfig core...
src/app/order/order-create/order-create.component.ts: editor.action.trimTrailingWhitespace
NewProg/src/app/order/order-create/order-create.component.ts: Using EditorConfig core...
src/app/order/order-create/order-create.component.ts: editor.action.trimTrailingWhitespace
NewProg/src/app/order/order-create/order-create.component.ts: Using EditorConfig core...
src/app/order/order-create/order-create.component.ts: editor.action.trimTrailingWhitespace
NewProg/src/app/order/order-create/order-create.component.ts: Using EditorConfig core...
src/app/order/order-create/order-create.component.ts: editor.action.trimTrailingWhitespace
NewProg/src/app/order/order-create/order-create.component.ts: Using EditorConfig core...
src/app/order/order-create/order-create.component.ts: editor.action.trimTrailingWhitespace
NewProg/src/app/order/order-create/order-create.component.ts: Using EditorConfig core...
src/app/order/order-create/order-create.component.ts: editor.action.trimTrailingWhitespace
NewProg/src/app/order/order-create/order-create.component.ts: Using EditorConfig core...
src/app/order/order-create/order-create.component.ts: editor.action.trimTrailingWhitespace
NewProg/src/app/order/order-create/order-create.component.ts: Using EditorConfig core...
src/app/order/order-create/order-create.component.ts: editor.action.trimTrailingWhitespace
NewProg/src/app/order/order-create/order-create.component.ts: Using EditorConfig core...
src/app/order/order-create/order-create.component.ts: editor.action.trimTrailingWhitespace
NewProg/src/app/order/order-create/order-create.component.ts: Using EditorConfig core...
src/app/order/order-create/order-create.component.ts: editor.action.trimTrailingWhitespace
NewProg/src/app/order/order-create/order-create.component.ts: Using EditorConfig core...
src/app/order/order-create/order-create.component.ts: editor.action.trimTrailingWhitespace
NewProg/src/app/order/order-create/order-create.component.ts: Using EditorConfig core...
src/app/order/order-create/order-create.component.ts: editor.action.trimTrailingWhitespace
NewProg/src/app/order/order-create/order-create.component.ts: Using EditorConfig core...
src/app/order/order-create/order-create.component.ts: editor.action.trimTrailingWhitespace
NewProg/src/app/order/order-create/order-create.component.ts: Using EditorConfig core...
src/app/order/order-create/order-create.component.ts: editor.action.trimTrailingWhitespace
NewProg/src/app/order/order-create/order-create.component.ts: Using EditorConfig core...
src/app/order/order-create/order-create.component.ts: editor.action.trimTrailingWhitespace
NewProg/src/app/order/order-create/order-create.component.ts: Using EditorConfig core...
src/app/order/order-create/order-create.component.ts: editor.action.trimTrailingWhitespace
NewProg/src/app/order/order-create/order-create.component.ts: Using EditorConfig core...
src/app/order/order-create/order-create.component.ts: editor.action.trimTrailingWhitespace
NewProg/src/app/order/order-create/order-create.component.ts: Using EditorConfig core...
src/app/order/order-create/order-create.component.ts: editor.action.trimTrailingWhitespace
NewProg/src/app/order/order-create/order-create.component.ts: Using EditorConfig core...
src/app/order/order-create/order-create.component.ts: editor.action.trimTrailingWhitespace
NewProg/src/app/order/order-create/order-create.component.ts: Using EditorConfig core...
src/app/order/order-create/order-create.component.ts: editor.action.trimTrailingWhitespace
NewProg/src/app/order/order-create/order-create.component.ts: Using EditorConfig core...
src/app/order/order-create/order-create.component.ts: editor.action.trimTrailingWhitespace
NewProg/src/app/order/order-create/order-create.component.ts: Using EditorConfig core...
src/app/order/order-create/order-create.component.ts: editor.action.trimTrailingWhitespace
NewProg/src/app/order/order-create/order-create.component.ts: Using EditorConfig core...
src/app/order/order-create/order-create.component.ts: editor.action.trimTrailingWhitespace
NewProg/src/app/order/order-create/order-create.component.ts: Using EditorConfig core...
src/app/order/order-create/order-create.component.ts: editor.action.trimTrailingWhitespace
NewProg/src/app/order/order-create/order-create.component.ts: Using EditorConfig core...
src/app/order/order-create/order-create.component.ts: editor.action.trimTrailingWhitespace
NewProg/src/app/order/order-create/order-create.component.ts: Using EditorConfig core...
src/app/order/order-create/order-create.component.ts: editor.action.trimTrailingWhitespace
NewProg/src/app/order/order-create/order-create.component.ts: Using EditorConfig core...
src/app/order/order-create/order-create.component.ts: editor.action.trimTrailingWhitespace
NewProg/src/app/order/order-create/order-create.component.ts: Using EditorConfig core...
src/app/order/order-create/order-create.component.ts: editor.action.trimTrailingWhitespace
NewProg/src/app/order/order-create/order-create.component.ts: Using EditorConfig core...
src/app/order/order-create/order-create.component.ts: editor.action.trimTrailingWhitespace
NewProg/src/app/order/order-create/order-create.component.ts: Using EditorConfig core...
src/app/order/order-create/order-create.component.ts: editor.action.trimTrailingWhitespace
NewProg/src/app/order/order-create/order-create.component.ts: Using EditorConfig core...
src/app/order/order-create/order-create.component.ts: editor.action.trimTrailingWhitespace
NewProg/src/app/order/order-create/order-create.component.ts: Using EditorConfig core...
src/app/order/order-create/order-create.component.ts: editor.action.trimTrailingWhitespace
NewProg/src/app/order/order-create/order-create.component.ts: Using EditorConfig core...
src/app/order/order-create/order-create.component.ts: editor.action.trimTrailingWhitespace
NewProg/src/app/order/order-create/order-create.component.ts: Using EditorConfig core...
src/app/order/order-create/order-create.component.ts: editor.action.trimTrailingWhitespace
NewProg/src/app/order/order-create/order-create.component.ts: Using EditorConfig core...
src/app/order/order-create/order-create.component.ts: editor.action.trimTrailingWhitespace
NewProg/src/app/order/order-create/order-create.component.ts: Using EditorConfig core...
src/app/order/order-create/order-create.component.ts: editor.action.trimTrailingWhitespace
NewProg/src/app/order/order-create/order-create.component.ts: Using EditorConfig core...
src/app/order/order-create/order-create.component.ts: editor.action.trimTrailingWhitespace
NewProg/src/app/order/order-create/order-create.component.ts: Using EditorConfig core...
src/app/order/order-create/order-create.component.ts: editor.action.trimTrailingWhitespace
NewProg/src/app/order/order-create/order-create.component.html: {"insertSpaces":true,"tabSize":2}
NewProg/src/app/order/order-create/order-create.component.html: Using EditorConfig core...
src/app/order/order-create/order-create.component.html: editor.action.trimTrailingWhitespace
NewProg/src/app/order/order-create/order-create.component.html: Using EditorConfig core...
src/app/order/order-create/order-create.component.html: editor.action.trimTrailingWhitespace
NewProg/src/app/order/order-create/order-create.component.html: Using EditorConfig core...
src/app/order/order-create/order-create.component.html: editor.action.trimTrailingWhitespace
NewProg/src/app/order/order-create/order-create.component.html: Using EditorConfig core...
src/app/order/order-create/order-create.component.html: editor.action.trimTrailingWhitespace
NewProg/src/app/order/order-create/order-create.component.html: Using EditorConfig core...
src/app/order/order-create/order-create.component.html: editor.action.trimTrailingWhitespace
NewProg/src/app/order/order-create/order-create.component.html: Using EditorConfig core...
src/app/order/order-create/order-create.component.html: editor.action.trimTrailingWhitespace
NewProg/src/app/order/order-create/order-create.component.html: Using EditorConfig core...
src/app/order/order-create/order-create.component.html: editor.action.trimTrailingWhitespace
NewProg/src/app/order/order-create/order-create.component.html: Using EditorConfig core...
src/app/order/order-create/order-create.component.html: editor.action.trimTrailingWhitespace
NewProg/src/app/order/order-create/order-create.component.html: Using EditorConfig core...
src/app/order/order-create/order-create.component.html: editor.action.trimTrailingWhitespace
NewProg/src/app/order/order-create/order-create.component.html: Using EditorConfig core...
src/app/order/order-create/order-create.component.html: editor.action.trimTrailingWhitespace
NewProg/src/app/order/order-create/order-create.component.html: Using EditorConfig core...
src/app/order/order-create/order-create.component.html: editor.action.trimTrailingWhitespace
NewProg/src/app/order/order-create/order-create.component.html: Using EditorConfig core...
src/app/order/order-create/order-create.component.html: editor.action.trimTrailingWhitespace
NewProg/src/app/order/order-create/order-create.component.html: Using EditorConfig core...
src/app/order/order-create/order-create.component.html: editor.action.trimTrailingWhitespace
NewProg/src/app/order/order-create/order-create.component.html: Using EditorConfig core...
src/app/order/order-create/order-create.component.html: editor.action.trimTrailingWhitespace
NewProg/src/app/order/order-create/order-create.component.html: Using EditorConfig core...
src/app/order/order-create/order-create.component.html: editor.action.trimTrailingWhitespace
NewProg/src/app/order/order-create/order-create.component.html: Using EditorConfig core...
src/app/order/order-create/order-create.component.html: editor.action.trimTrailingWhitespace
NewProg/src/app/order/order-create/order-create.component.html: Using EditorConfig core...
src/app/order/order-create/order-create.component.html: editor.action.trimTrailingWhitespace
NewProg/src/app/order/order-create/order-create.component.html: Using EditorConfig core...
src/app/order/order-create/order-create.component.html: editor.action.trimTrailingWhitespace
NewProg/src/app/order/order-create/order-create.component.html: Using EditorConfig core...
src/app/order/order-create/order-create.component.html: editor.action.trimTrailingWhitespace
NewProg/src/app/order/order-create/order-create.component.html: Using EditorConfig core...
src/app/order/order-create/order-create.component.html: editor.action.trimTrailingWhitespace
NewProg/src/app/order/order-create/order-create.component.html: Using EditorConfig core...
src/app/order/order-create/order-create.component.html: editor.action.trimTrailingWhitespace
NewProg/src/app/order/order-create/order-create.component.html: Using EditorConfig core...
src/app/order/order-create/order-create.component.html: editor.action.trimTrailingWhitespace
NewProg/src/app/order/order-create/order-create.component.html: Using EditorConfig core...
src/app/order/order-create/order-create.component.html: editor.action.trimTrailingWhitespace
NewProg/src/app/order/order-create/order-create.component.html: Using EditorConfig core...
src/app/order/order-create/order-create.component.html: editor.action.trimTrailingWhitespace
NewProg/src/app/order/order-create/order-create.component.html: Using EditorConfig core...
src/app/order/order-create/order-create.component.html: editor.action.trimTrailingWhitespace
NewProg/src/app/order/order-create/order-create.component.html: Using EditorConfig core...
src/app/order/order-create/order-create.component.html: editor.action.trimTrailingWhitespace
NewProg/src/app/order/order-create/order-create.component.html: Using EditorConfig core...
src/app/order/order-create/order-create.component.html: editor.action.trimTrailingWhitespace
NewProg/src/app/order/order-create/order-create.component.html: Using EditorConfig core...
src/app/order/order-create/order-create.component.html: editor.action.trimTrailingWhitespace
NewProg/src/app/order/order-create/order-create.component.html: Using EditorConfig core...
src/app/order/order-create/order-create.component.html: editor.action.trimTrailingWhitespace
NewProg/src/app/order/order-create/order-create.component.html: Using EditorConfig core...
src/app/order/order-create/order-create.component.html: editor.action.trimTrailingWhitespace
NewProg/src/app/order/order-placed/order-placed.component.ts: {"insertSpaces":true,"tabSize":2}
NewProg/src/app/order/order-create/order-create.component.html: {"insertSpaces":true,"tabSize":2}
NewProg/src/app/order/order-create/order-create.component.ts: {"insertSpaces":true,"tabSize":2}
NewProg/src/app/order/order-create/order-create.component.html: {"insertSpaces":true,"tabSize":2}
NewProg/src/app/order/order-create/order-create.component.ts: {"insertSpaces":true,"tabSize":2}
NewProg/src/app/order/order-create/order-create.component.html: {"insertSpaces":true,"tabSize":2}
NewProg/src/app/order/order-create/order-create.component.html: {"insertSpaces":true,"tabSize":2}
NewProg/src/app/order/order-create/order-create.component.html: Using EditorConfig core...
src/app/order/order-create/order-create.component.html: editor.action.trimTrailingWhitespace
NewProg/src/app/order/order-create/order-create.component.html: Using EditorConfig core...
src/app/order/order-create/order-create.component.html: editor.action.trimTrailingWhitespace
NewProg/src/app/order/order-create/order-create.component.html: Using EditorConfig core...
src/app/order/order-create/order-create.component.html: editor.action.trimTrailingWhitespace
