[2021-05-13 11:04:35.204] [exthost] [info] extension host started
[2021-05-13 11:04:36.920] [exthost] [info] ExtensionService#_doActivateExtension vscode.microsoft-authentication {"startup":false,"extensionId":{"value":"vscode.microsoft-authentication","_lower":"vscode.microsoft-authentication"},"activationEvent":"onAuthenticationRequest:microsoft"}
[2021-05-13 11:04:36.920] [exthost] [info] ExtensionService#loadCommonJSModule file:///snap/code/64/usr/share/code/resources/app/extensions/microsoft-authentication/dist/extension.js
[2021-05-13 11:04:36.985] [exthost] [info] ExtensionService#_doActivateExtension vscode.extension-editing {"startup":false,"extensionId":{"value":"vscode.extension-editing","_lower":"vscode.extension-editing"},"activationEvent":"onLanguage:typescript"}
[2021-05-13 11:04:36.995] [exthost] [info] ExtensionService#loadCommonJSModule file:///snap/code/64/usr/share/code/resources/app/extensions/extension-editing/dist/extensionEditingMain
[2021-05-13 11:04:37.057] [exthost] [info] ExtensionService#_doActivateExtension vscode.typescript-language-features {"startup":false,"extensionId":{"value":"vscode.typescript-language-features","_lower":"vscode.typescript-language-features"},"activationEvent":"onLanguage:typescript"}
[2021-05-13 11:04:37.058] [exthost] [info] ExtensionService#loadCommonJSModule file:///snap/code/64/usr/share/code/resources/app/extensions/typescript-language-features/dist/extension
[2021-05-13 11:04:37.161] [exthost] [info] ExtensionService#_doActivateExtension Angular.ng-template {"startup":false,"extensionId":{"value":"Angular.ng-template","_lower":"angular.ng-template"},"activationEvent":"onLanguage:typescript"}
[2021-05-13 11:04:37.171] [exthost] [info] ExtensionService#loadCommonJSModule file:///home/luke/.vscode/extensions/angular.ng-template-11.2.14/index
[2021-05-13 11:04:38.552] [exthost] [info] ExtensionService#_doActivateExtension vscode.debug-auto-launch {"startup":true,"extensionId":{"value":"vscode.debug-auto-launch","_lower":"vscode.debug-auto-launch"},"activationEvent":"*"}
[2021-05-13 11:04:38.552] [exthost] [info] ExtensionService#loadCommonJSModule file:///snap/code/64/usr/share/code/resources/app/extensions/debug-auto-launch/dist/extension
[2021-05-13 11:04:38.558] [exthost] [info] ExtensionService#_doActivateExtension vscode.git {"startup":true,"extensionId":{"value":"vscode.github","_lower":"vscode.github"},"activationEvent":"*"}
[2021-05-13 11:04:38.559] [exthost] [info] ExtensionService#loadCommonJSModule file:///snap/code/64/usr/share/code/resources/app/extensions/git/dist/main
[2021-05-13 11:04:38.729] [exthost] [info] ExtensionService#_doActivateExtension EditorConfig.EditorConfig {"startup":true,"extensionId":{"value":"EditorConfig.EditorConfig","_lower":"editorconfig.editorconfig"},"activationEvent":"*"}
[2021-05-13 11:04:38.735] [exthost] [info] ExtensionService#loadCommonJSModule file:///home/luke/.vscode/extensions/editorconfig.editorconfig-0.16.4/out/editorConfigMain.js
[2021-05-13 11:04:38.816] [exthost] [info] ExtensionService#_doActivateExtension johnpapa.vscode-peacock {"startup":true,"extensionId":{"value":"johnpapa.vscode-peacock","_lower":"johnpapa.vscode-peacock"},"activationEvent":"*"}
[2021-05-13 11:04:38.816] [exthost] [info] ExtensionService#loadCommonJSModule file:///home/luke/.vscode/extensions/johnpapa.vscode-peacock-3.9.1/dist/extension
[2021-05-13 11:04:38.832] [exthost] [info] ExtensionService#_doActivateExtension nrwl.angular-console {"startup":true,"extensionId":{"value":"nrwl.angular-console","_lower":"nrwl.angular-console"},"activationEvent":"*"}
[2021-05-13 11:04:38.832] [exthost] [info] ExtensionService#loadCommonJSModule file:///home/luke/.vscode/extensions/nrwl.angular-console-17.3.0/main.js
[2021-05-13 11:04:40.650] [exthost] [info] ExtensionService#_doActivateExtension PKief.material-icon-theme {"startup":true,"extensionId":{"value":"PKief.material-icon-theme","_lower":"pkief.material-icon-theme"},"activationEvent":"*"}
[2021-05-13 11:04:40.650] [exthost] [info] ExtensionService#loadCommonJSModule file:///home/luke/.vscode/extensions/pkief.material-icon-theme-4.6.0/dist/extension
[2021-05-13 11:04:40.678] [exthost] [info] ExtensionService#_doActivateExtension vscode.npm {"startup":true,"extensionId":{"value":"vscode.npm","_lower":"vscode.npm"},"activationEvent":"workspaceContains:package.json"}
[2021-05-13 11:04:40.678] [exthost] [info] ExtensionService#loadCommonJSModule file:///snap/code/64/usr/share/code/resources/app/extensions/npm/dist/npmMain
[2021-05-13 11:04:40.732] [exthost] [info] ExtensionService#_doActivateExtension vscode.configuration-editing {"startup":false,"extensionId":{"value":"vscode.configuration-editing","_lower":"vscode.configuration-editing"},"activationEvent":"onLanguage:json"}
[2021-05-13 11:04:40.734] [exthost] [info] ExtensionService#loadCommonJSModule file:///snap/code/64/usr/share/code/resources/app/extensions/configuration-editing/dist/configurationEditingMain
[2021-05-13 11:04:40.737] [exthost] [info] ExtensionService#_doActivateExtension vscode.json-language-features {"startup":false,"extensionId":{"value":"vscode.json-language-features","_lower":"vscode.json-language-features"},"activationEvent":"onLanguage:json"}
[2021-05-13 11:04:40.737] [exthost] [info] ExtensionService#loadCommonJSModule file:///snap/code/64/usr/share/code/resources/app/extensions/json-language-features/client/dist/node/jsonClientMain
[2021-05-13 11:04:40.764] [exthost] [info] ExtensionService#_doActivateExtension eg2.vscode-npm-script {"startup":false,"extensionId":{"value":"eg2.vscode-npm-script","_lower":"eg2.vscode-npm-script"},"activationEvent":"onLanguage:json"}
[2021-05-13 11:04:40.764] [exthost] [info] ExtensionService#loadCommonJSModule file:///home/luke/.vscode/extensions/eg2.vscode-npm-script-0.3.21/dist/extension
[2021-05-13 11:04:46.785] [exthost] [info] ExtensionService#_doActivateExtension vscode.github {"startup":true,"extensionId":{"value":"vscode.github","_lower":"vscode.github"},"activationEvent":"*"}
[2021-05-13 11:04:46.819] [exthost] [info] ExtensionService#loadCommonJSModule file:///snap/code/64/usr/share/code/resources/app/extensions/github/dist/extension.js
[2021-05-13 11:04:47.456] [exthost] [info] ExtensionService#_doActivateExtension vscode.emmet {"startup":false,"extensionId":{"value":"vscode.emmet","_lower":"vscode.emmet"},"activationEvent":"onStartupFinished"}
[2021-05-13 11:04:47.456] [exthost] [info] ExtensionService#loadCommonJSModule file:///snap/code/64/usr/share/code/resources/app/extensions/emmet/dist/node/emmetNodeMain
[2021-05-13 11:04:47.861] [exthost] [info] ExtensionService#_doActivateExtension vscode.merge-conflict {"startup":false,"extensionId":{"value":"vscode.merge-conflict","_lower":"vscode.merge-conflict"},"activationEvent":"onStartupFinished"}
[2021-05-13 11:04:47.877] [exthost] [info] ExtensionService#loadCommonJSModule file:///snap/code/64/usr/share/code/resources/app/extensions/merge-conflict/dist/mergeConflictMain
[2021-05-13 11:04:47.910] [exthost] [info] ExtensionService#_doActivateExtension vscode.testing-editor-contributions {"startup":false,"extensionId":{"value":"vscode.testing-editor-contributions","_lower":"vscode.testing-editor-contributions"},"activationEvent":"onStartupFinished"}
[2021-05-13 11:04:47.976] [exthost] [info] ExtensionService#loadCommonJSModule file:///snap/code/64/usr/share/code/resources/app/extensions/testing-editor-contributions/dist/extension.js
[2021-05-13 11:04:47.992] [exthost] [info] ExtensionService#_doActivateExtension dbaeumer.vscode-eslint {"startup":false,"extensionId":{"value":"dbaeumer.vscode-eslint","_lower":"dbaeumer.vscode-eslint"},"activationEvent":"onStartupFinished"}
[2021-05-13 11:04:47.992] [exthost] [info] ExtensionService#loadCommonJSModule file:///home/luke/.vscode/extensions/dbaeumer.vscode-eslint-2.1.20/client/out/extension
[2021-05-13 11:04:48.494] [exthost] [info] ExtensionService#_doActivateExtension esbenp.prettier-vscode {"startup":false,"extensionId":{"value":"esbenp.prettier-vscode","_lower":"esbenp.prettier-vscode"},"activationEvent":"onStartupFinished"}
[2021-05-13 11:04:48.536] [exthost] [info] ExtensionService#loadCommonJSModule file:///home/luke/.vscode/extensions/esbenp.prettier-vscode-6.4.0/dist/extension
[2021-05-13 11:04:50.334] [exthost] [info] ExtensionService#_doActivateExtension ms-vscode.js-debug {"startup":false,"extensionId":{"value":"ms-vscode.js-debug","_lower":"ms-vscode.js-debug"},"activationEvent":"onCommand:extension.js-debug.clearAutoAttachVariables"}
[2021-05-13 11:04:50.374] [exthost] [info] ExtensionService#loadCommonJSModule file:///snap/code/64/usr/share/code/resources/app/extensions/ms-vscode.js-debug/src/extension.js
[2021-05-13 11:05:01.631] [exthost] [info] ExtensionService#_doActivateExtension vscode.github-authentication {"startup":false,"extensionId":{"value":"vscode.github-authentication","_lower":"vscode.github-authentication"},"activationEvent":"onAuthenticationRequest:github"}
[2021-05-13 11:05:01.633] [exthost] [info] ExtensionService#loadCommonJSModule file:///snap/code/64/usr/share/code/resources/app/extensions/github-authentication/dist/extension.js
[2021-05-13 11:05:03.727] [exthost] [info] eager extensions activated
[2021-05-13 11:05:06.887] [exthost] [warning] [Decorations] CAPPING events from decorations provider vscode.git 5000
[2021-05-13 14:05:04.458] [exthost] [info] ExtensionService#_doActivateExtension auchenberg.vscode-browser-preview {"startup":false,"extensionId":{"value":"auchenberg.vscode-browser-preview","_lower":"auchenberg.vscode-browser-preview"},"activationEvent":"onDebug"}
[2021-05-13 14:05:04.459] [exthost] [info] ExtensionService#loadCommonJSModule file:///home/luke/.vscode/extensions/auchenberg.vscode-browser-preview-0.7.1/build/ext-src/extension.js
[2021-05-13 14:05:05.143] [exthost] [info] ExtensionService#_doActivateExtension msjsdiag.debugger-for-edge {"startup":false,"extensionId":{"value":"msjsdiag.debugger-for-edge","_lower":"msjsdiag.debugger-for-edge"},"activationEvent":"onDebug"}
[2021-05-13 14:05:05.143] [exthost] [info] ExtensionService#loadCommonJSModule file:///home/luke/.vscode/extensions/msjsdiag.debugger-for-edge-1.0.15/out/src/extension
[2021-05-13 14:05:07.502] [exthost] [info] ExtensionService#_doActivateExtension vscode.debug-server-ready {"startup":false,"extensionId":{"value":"vscode.debug-server-ready","_lower":"vscode.debug-server-ready"},"activationEvent":"onDebugResolve"}
[2021-05-13 14:05:07.502] [exthost] [info] ExtensionService#loadCommonJSModule file:///snap/code/64/usr/share/code/resources/app/extensions/debug-server-ready/dist/extension
[2021-05-13 14:05:07.511] [exthost] [info] ExtensionService#_doActivateExtension ms-vscode.node-debug2 {"startup":false,"extensionId":{"value":"ms-vscode.node-debug","_lower":"ms-vscode.node-debug"},"activationEvent":"onDebugInitialConfigurations"}
[2021-05-13 14:05:07.511] [exthost] [info] ExtensionService#loadCommonJSModule file:///snap/code/64/usr/share/code/resources/app/extensions/ms-vscode.node-debug2/out/src/extension
[2021-05-13 14:05:07.513] [exthost] [info] ExtensionService#_doActivateExtension ms-dotnettools.csharp {"startup":false,"extensionId":{"value":"ms-dotnettools.csharp","_lower":"ms-dotnettools.csharp"},"activationEvent":"onDebugInitialConfigurations"}
[2021-05-13 14:05:07.513] [exthost] [info] ExtensionService#loadCommonJSModule file:///home/luke/.vscode/extensions/ms-dotnettools.csharp-1.23.11/dist/extension
[2021-05-13 14:05:07.601] [exthost] [info] ExtensionService#_doActivateExtension msjsdiag.debugger-for-chrome {"startup":false,"extensionId":{"value":"msjsdiag.debugger-for-chrome","_lower":"msjsdiag.debugger-for-chrome"},"activationEvent":"onDebugInitialConfigurations"}
[2021-05-13 14:05:07.601] [exthost] [info] ExtensionService#loadCommonJSModule file:///home/luke/.vscode/extensions/msjsdiag.debugger-for-chrome-4.12.12/out/src/extension
[2021-05-13 14:05:42.320] [exthost] [info] ExtensionService#_doActivateExtension ms-vscode.node-debug {"startup":false,"extensionId":{"value":"ms-vscode.node-debug","_lower":"ms-vscode.node-debug"},"activationEvent":"onDebugInitialConfigurations"}
[2021-05-13 14:05:42.324] [exthost] [info] ExtensionService#loadCommonJSModule file:///snap/code/64/usr/share/code/resources/app/extensions/ms-vscode.node-debug/dist/extension.js
