Initializing document watcher...
NewProj/.browserslistrc: {"insertSpaces":true,"tabSize":2}
NewProj/.browserslistrc: {"insertSpaces":true,"tabSize":2}
NewProj/.browserslistrc: {"insertSpaces":true,"tabSize":2}
NewProj/.browserslistrc: {"insertSpaces":true,"tabSize":2}
NewProj/src/app/orders/order-create/ordersorder-create.component.css: {"insertSpaces":true,"tabSize":2}
NewProj/src/app/orders/order-create/order-create.component.css: {"insertSpaces":true,"tabSize":2}
NewProj/src/app/orders/order-create/ordersorder-create.component.spec.ts: {"insertSpaces":true,"tabSize":2}
NewProj/src/app/orders/order-create/order-create.component.spec.ts: {"insertSpaces":true,"tabSize":2}
NewProj/src/app/orders/order-create/ordersorder-create.component.ts: {"insertSpaces":true,"tabSize":2}
NewProj/src/app/orders/order-create/order-create.component.ts: {"insertSpaces":true,"tabSize":2}
NewProj/src/app/orders/order-create/order-create.component.ts: {"insertSpaces":true,"tabSize":2}
NewProj/src/app/orders/order-create/order-create.component.spec.ts: Using EditorConfig core...
src/app/orders/order-create/order-create.component.spec.ts: trimTrailingWhitespace()
NewProj/src/app/orders/order-create/order-create.component.ts: {"insertSpaces":true,"tabSize":2}
NewProj/src/app/orders/order-create/order-create.component.ts: Using EditorConfig core...
src/app/orders/order-create/order-create.component.ts: editor.action.trimTrailingWhitespace
NewProj/src/app/orders/order-create/order-create.component.ts: Using EditorConfig core...
src/app/orders/order-create/order-create.component.ts: editor.action.trimTrailingWhitespace
NewProj/src/app/orders/order-create/order-create.component.ts: Using EditorConfig core...
src/app/orders/order-create/order-create.component.ts: editor.action.trimTrailingWhitespace
NewProj/src/app/orders/order-create/order-create.component.ts: Using EditorConfig core...
src/app/orders/order-create/order-create.component.ts: editor.action.trimTrailingWhitespace
NewProj/src/app/orders/order-create/order-create.component.ts: {"insertSpaces":true,"tabSize":2}
NewProj/src/app/orders/order-create/order-create.component.ts: {"insertSpaces":true,"tabSize":2}
NewProj/src/app/orders/order-create/order-create.component.ts: {"insertSpaces":true,"tabSize":2}
NewProj/src/app/order-create/order-create.component.ts: {"insertSpaces":true,"tabSize":2}
NewProj/src/app/order-create/order-create.component.ts: {"insertSpaces":true,"tabSize":2}
NewProj/src/app/app.component.css: {"insertSpaces":true,"tabSize":2}
NewProj/src/app/app.component.html: {"insertSpaces":true,"tabSize":2}
NewProj/src/app/app.component.spec.ts: {"insertSpaces":true,"tabSize":2}
NewProj/src/app/app.component.ts: {"insertSpaces":true,"tabSize":2}
NewProj/src/app/app.module.ts: {"insertSpaces":true,"tabSize":2}
NewProj/src/app/app.component.html: {"insertSpaces":true,"tabSize":2}
NewProj/src/app/app.component.spec.ts: {"insertSpaces":true,"tabSize":2}
NewProj/src/app/app.component.html: {"insertSpaces":true,"tabSize":2}
