[2021-05-12 15:56:56.346] [exthost] [info] extension host started
[2021-05-12 15:56:57.167] [exthost] [info] ExtensionService#_doActivateExtension vscode.microsoft-authentication {"startup":false,"extensionId":{"value":"vscode.microsoft-authentication","_lower":"vscode.microsoft-authentication"},"activationEvent":"onAuthenticationRequest:microsoft"}
[2021-05-12 15:56:57.167] [exthost] [info] ExtensionService#loadCommonJSModule file:///snap/code/60/usr/share/code/resources/app/extensions/microsoft-authentication/dist/extension.js
[2021-05-12 15:56:57.209] [exthost] [info] ExtensionService#_doActivateExtension vscode.emmet {"startup":false,"extensionId":{"value":"vscode.emmet","_lower":"vscode.emmet"},"activationEvent":"onLanguage:html"}
[2021-05-12 15:56:57.214] [exthost] [info] ExtensionService#loadCommonJSModule file:///snap/code/60/usr/share/code/resources/app/extensions/emmet/dist/node/emmetNodeMain
[2021-05-12 15:56:57.316] [exthost] [info] ExtensionService#_doActivateExtension vscode.html-language-features {"startup":false,"extensionId":{"value":"vscode.html-language-features","_lower":"vscode.html-language-features"},"activationEvent":"onLanguage:html"}
[2021-05-12 15:56:57.316] [exthost] [info] ExtensionService#loadCommonJSModule file:///snap/code/60/usr/share/code/resources/app/extensions/html-language-features/client/dist/node/htmlClientMain
[2021-05-12 15:56:57.468] [exthost] [info] ExtensionService#_doActivateExtension Angular.ng-template {"startup":false,"extensionId":{"value":"Angular.ng-template","_lower":"angular.ng-template"},"activationEvent":"onLanguage:html"}
[2021-05-12 15:56:57.468] [exthost] [info] ExtensionService#loadCommonJSModule file:///home/luke/.vscode/extensions/angular.ng-template-11.2.9/index
[2021-05-12 15:57:00.671] [exthost] [info] ExtensionService#_doActivateExtension vscode.debug-auto-launch {"startup":true,"extensionId":{"value":"vscode.debug-auto-launch","_lower":"vscode.debug-auto-launch"},"activationEvent":"*"}
[2021-05-12 15:57:00.671] [exthost] [info] ExtensionService#loadCommonJSModule file:///snap/code/60/usr/share/code/resources/app/extensions/debug-auto-launch/dist/extension
[2021-05-12 15:57:00.684] [exthost] [info] ExtensionService#_doActivateExtension vscode.git {"startup":true,"extensionId":{"value":"vscode.github","_lower":"vscode.github"},"activationEvent":"*"}
[2021-05-12 15:57:00.684] [exthost] [info] ExtensionService#loadCommonJSModule file:///snap/code/60/usr/share/code/resources/app/extensions/git/dist/main
[2021-05-12 15:57:00.866] [exthost] [info] ExtensionService#_doActivateExtension EditorConfig.EditorConfig {"startup":true,"extensionId":{"value":"EditorConfig.EditorConfig","_lower":"editorconfig.editorconfig"},"activationEvent":"*"}
[2021-05-12 15:57:00.873] [exthost] [info] ExtensionService#loadCommonJSModule file:///home/luke/.vscode/extensions/editorconfig.editorconfig-0.16.4/out/editorConfigMain.js
[2021-05-12 15:57:00.981] [exthost] [info] ExtensionService#_doActivateExtension johnpapa.vscode-peacock {"startup":true,"extensionId":{"value":"johnpapa.vscode-peacock","_lower":"johnpapa.vscode-peacock"},"activationEvent":"*"}
[2021-05-12 15:57:00.981] [exthost] [info] ExtensionService#loadCommonJSModule file:///home/luke/.vscode/extensions/johnpapa.vscode-peacock-3.9.1/dist/extension
[2021-05-12 15:57:00.999] [exthost] [info] ExtensionService#_doActivateExtension nrwl.angular-console {"startup":true,"extensionId":{"value":"nrwl.angular-console","_lower":"nrwl.angular-console"},"activationEvent":"*"}
[2021-05-12 15:57:01.004] [exthost] [info] ExtensionService#loadCommonJSModule file:///home/luke/.vscode/extensions/nrwl.angular-console-17.1.0/main.js
[2021-05-12 15:57:01.951] [exthost] [info] ExtensionService#_doActivateExtension PKief.material-icon-theme {"startup":true,"extensionId":{"value":"PKief.material-icon-theme","_lower":"pkief.material-icon-theme"},"activationEvent":"*"}
[2021-05-12 15:57:01.951] [exthost] [info] ExtensionService#loadCommonJSModule file:///home/luke/.vscode/extensions/pkief.material-icon-theme-4.6.0/dist/extension
[2021-05-12 15:57:01.963] [exthost] [info] ExtensionService#_doActivateExtension vscode.npm {"startup":true,"extensionId":{"value":"vscode.npm","_lower":"vscode.npm"},"activationEvent":"workspaceContains:package.json"}
[2021-05-12 15:57:01.963] [exthost] [info] ExtensionService#loadCommonJSModule file:///snap/code/60/usr/share/code/resources/app/extensions/npm/dist/npmMain
[2021-05-12 15:57:02.118] [exthost] [info] ExtensionService#_doActivateExtension vscode.extension-editing {"startup":false,"extensionId":{"value":"vscode.extension-editing","_lower":"vscode.extension-editing"},"activationEvent":"onLanguage:typescript"}
[2021-05-12 15:57:02.125] [exthost] [info] ExtensionService#loadCommonJSModule file:///snap/code/60/usr/share/code/resources/app/extensions/extension-editing/dist/extensionEditingMain
[2021-05-12 15:57:02.217] [exthost] [info] ExtensionService#_doActivateExtension vscode.typescript-language-features {"startup":false,"extensionId":{"value":"vscode.typescript-language-features","_lower":"vscode.typescript-language-features"},"activationEvent":"onLanguage:typescript"}
[2021-05-12 15:57:02.225] [exthost] [info] ExtensionService#loadCommonJSModule file:///snap/code/60/usr/share/code/resources/app/extensions/typescript-language-features/dist/extension
[2021-05-12 15:57:02.469] [exthost] [info] ExtensionService#_doActivateExtension vscode.grunt {"startup":false,"extensionId":{"value":"vscode.grunt","_lower":"vscode.grunt"},"activationEvent":"onCommand:workbench.action.tasks.runTask"}
[2021-05-12 15:57:02.469] [exthost] [info] ExtensionService#loadCommonJSModule file:///snap/code/60/usr/share/code/resources/app/extensions/grunt/dist/main
[2021-05-12 15:57:02.484] [exthost] [info] ExtensionService#_doActivateExtension vscode.gulp {"startup":false,"extensionId":{"value":"vscode.gulp","_lower":"vscode.gulp"},"activationEvent":"onCommand:workbench.action.tasks.runTask"}
[2021-05-12 15:57:02.485] [exthost] [info] ExtensionService#loadCommonJSModule file:///snap/code/60/usr/share/code/resources/app/extensions/gulp/dist/main
[2021-05-12 15:57:02.520] [exthost] [info] ExtensionService#_doActivateExtension vscode.jake {"startup":false,"extensionId":{"value":"vscode.jake","_lower":"vscode.jake"},"activationEvent":"onCommand:workbench.action.tasks.runTask"}
[2021-05-12 15:57:02.520] [exthost] [info] ExtensionService#loadCommonJSModule file:///snap/code/60/usr/share/code/resources/app/extensions/jake/dist/main
[2021-05-12 15:57:04.675] [exthost] [info] ExtensionService#_doActivateExtension vscode.github {"startup":true,"extensionId":{"value":"vscode.github","_lower":"vscode.github"},"activationEvent":"*"}
[2021-05-12 15:57:04.681] [exthost] [info] ExtensionService#loadCommonJSModule file:///snap/code/60/usr/share/code/resources/app/extensions/github/dist/extension.js
[2021-05-12 15:57:10.133] [exthost] [info] ExtensionService#_doActivateExtension ms-vscode.js-debug {"startup":false,"extensionId":{"value":"ms-vscode.js-debug","_lower":"ms-vscode.js-debug"},"activationEvent":"onCommand:extension.js-debug.clearAutoAttachVariables"}
[2021-05-12 15:57:10.133] [exthost] [info] ExtensionService#loadCommonJSModule file:///snap/code/60/usr/share/code/resources/app/extensions/ms-vscode.js-debug/src/extension.js
[2021-05-12 15:57:12.768] [exthost] [info] eager extensions activated
[2021-05-12 15:57:15.247] [exthost] [info] ExtensionService#_doActivateExtension vscode.merge-conflict {"startup":false,"extensionId":{"value":"vscode.merge-conflict","_lower":"vscode.merge-conflict"},"activationEvent":"onStartupFinished"}
[2021-05-12 15:57:15.247] [exthost] [info] ExtensionService#loadCommonJSModule file:///snap/code/60/usr/share/code/resources/app/extensions/merge-conflict/dist/mergeConflictMain
[2021-05-12 15:57:15.305] [exthost] [info] ExtensionService#_doActivateExtension vscode.testing-editor-contributions {"startup":false,"extensionId":{"value":"vscode.testing-editor-contributions","_lower":"vscode.testing-editor-contributions"},"activationEvent":"onStartupFinished"}
[2021-05-12 15:57:15.322] [exthost] [info] ExtensionService#loadCommonJSModule file:///snap/code/60/usr/share/code/resources/app/extensions/testing-editor-contributions/dist/extension.js
[2021-05-12 15:57:15.334] [exthost] [info] ExtensionService#_doActivateExtension dbaeumer.vscode-eslint {"startup":false,"extensionId":{"value":"dbaeumer.vscode-eslint","_lower":"dbaeumer.vscode-eslint"},"activationEvent":"onStartupFinished"}
[2021-05-12 15:57:15.334] [exthost] [info] ExtensionService#loadCommonJSModule file:///home/luke/.vscode/extensions/dbaeumer.vscode-eslint-2.1.19/client/out/extension
[2021-05-12 15:57:15.629] [exthost] [info] ExtensionService#_doActivateExtension esbenp.prettier-vscode {"startup":false,"extensionId":{"value":"esbenp.prettier-vscode","_lower":"esbenp.prettier-vscode"},"activationEvent":"onStartupFinished"}
[2021-05-12 15:57:15.629] [exthost] [info] ExtensionService#loadCommonJSModule file:///home/luke/.vscode/extensions/esbenp.prettier-vscode-6.3.2/dist/extension
[2021-05-12 15:57:21.485] [exthost] [info] ExtensionService#_doActivateExtension vscode.github-authentication {"startup":false,"extensionId":{"value":"vscode.github-authentication","_lower":"vscode.github-authentication"},"activationEvent":"onAuthenticationRequest:github"}
[2021-05-12 15:57:21.485] [exthost] [info] ExtensionService#loadCommonJSModule file:///snap/code/60/usr/share/code/resources/app/extensions/github-authentication/dist/extension.js
[2021-05-12 15:57:27.618] [exthost] [warning] [Decorations] CAPPING events from decorations provider vscode.git 5000
[2021-05-12 15:57:38.753] [exthost] [info] ExtensionService#_doActivateExtension vscode.configuration-editing {"startup":false,"extensionId":{"value":"vscode.configuration-editing","_lower":"vscode.configuration-editing"},"activationEvent":"onLanguage:jsonc"}
[2021-05-12 15:57:38.753] [exthost] [info] ExtensionService#loadCommonJSModule file:///snap/code/60/usr/share/code/resources/app/extensions/configuration-editing/dist/configurationEditingMain
[2021-05-12 15:57:40.095] [exthost] [info] ExtensionService#_doActivateExtension vscode.json-language-features {"startup":false,"extensionId":{"value":"vscode.json-language-features","_lower":"vscode.json-language-features"},"activationEvent":"onLanguage:jsonc"}
[2021-05-12 15:57:40.096] [exthost] [info] ExtensionService#loadCommonJSModule file:///snap/code/60/usr/share/code/resources/app/extensions/json-language-features/client/dist/node/jsonClientMain
[2021-05-12 16:00:03.950] [exthost] [info] ExtensionService#_doActivateExtension vscode.css-language-features {"startup":false,"extensionId":{"value":"vscode.css-language-features","_lower":"vscode.css-language-features"},"activationEvent":"onLanguage:css"}
[2021-05-12 16:00:03.950] [exthost] [info] ExtensionService#loadCommonJSModule file:///snap/code/60/usr/share/code/resources/app/extensions/css-language-features/client/dist/node/cssClientMain
[2021-05-12 17:08:03.208] [exthost] [error] [vscode.emmet] provider FAILED
[2021-05-12 17:08:03.212] [exthost] [error] Error: Unable to find matching pair for ( at char 92
	at t.a.error (/snap/code/60/usr/share/code/resources/app/extensions/emmet/dist/node/emmetNodeMain.js:1:14574)
	at f (/snap/code/60/usr/share/code/resources/app/extensions/emmet/dist/node/emmetNodeMain.js:1:3423)
	at c (/snap/code/60/usr/share/code/resources/app/extensions/emmet/dist/node/emmetNodeMain.js:1:46869)
	at l (/snap/code/60/usr/share/code/resources/app/extensions/emmet/dist/node/emmetNodeMain.js:1:46943)
	at /snap/code/60/usr/share/code/resources/app/extensions/emmet/dist/node/emmetNodeMain.js:1:47569
	at h (/snap/code/60/usr/share/code/resources/app/extensions/emmet/dist/node/emmetNodeMain.js:1:47676)
	at C (/snap/code/60/usr/share/code/resources/app/extensions/emmet/dist/node/emmetNodeMain.js:1:48607)
	at t.default (/snap/code/60/usr/share/code/resources/app/extensions/emmet/dist/node/emmetNodeMain.js:1:49017)
	at t.getRootNode (/snap/code/60/usr/share/code/resources/app/extensions/emmet/dist/node/emmetNodeMain.js:1:13697)
	at t.DefaultCompletionItemProvider.provideCompletionItemsInternal (/snap/code/60/usr/share/code/resources/app/extensions/emmet/dist/node/emmetNodeMain.js:1:60648)
	at t.DefaultCompletionItemProvider.provideCompletionItems (/snap/code/60/usr/share/code/resources/app/extensions/emmet/dist/node/emmetNodeMain.js:1:59521)
	at /snap/code/60/usr/share/code/resources/app/out/vs/workbench/services/extensions/node/extensionHostProcess.js:86:170887
	at /snap/code/60/usr/share/code/resources/app/out/vs/workbench/services/extensions/node/extensionHostProcess.js:64:12046
	at new Promise (<anonymous>)
	at g (/snap/code/60/usr/share/code/resources/app/out/vs/workbench/services/extensions/node/extensionHostProcess.js:64:12018)
	at M.provideCompletionItems (/snap/code/60/usr/share/code/resources/app/out/vs/workbench/services/extensions/node/extensionHostProcess.js:86:170867)
	at /snap/code/60/usr/share/code/resources/app/out/vs/workbench/services/extensions/node/extensionHostProcess.js:86:189350
	at Ie._withAdapter (/snap/code/60/usr/share/code/resources/app/out/vs/workbench/services/extensions/node/extensionHostProcess.js:86:179343)
	at Ie.$provideCompletionItems (/snap/code/60/usr/share/code/resources/app/out/vs/workbench/services/extensions/node/extensionHostProcess.js:86:189326)
	at u._doInvokeHandler (/snap/code/60/usr/share/code/resources/app/out/vs/workbench/services/extensions/node/extensionHostProcess.js:90:12794)
	at u._invokeHandler (/snap/code/60/usr/share/code/resources/app/out/vs/workbench/services/extensions/node/extensionHostProcess.js:90:12478)
	at u._receiveRequest (/snap/code/60/usr/share/code/resources/app/out/vs/workbench/services/extensions/node/extensionHostProcess.js:90:11094)
	at u._receiveOneMessage (/snap/code/60/usr/share/code/resources/app/out/vs/workbench/services/extensions/node/extensionHostProcess.js:90:9931)
	at /snap/code/60/usr/share/code/resources/app/out/vs/workbench/services/extensions/node/extensionHostProcess.js:90:8032
	at _.fire (/snap/code/60/usr/share/code/resources/app/out/vs/workbench/services/extensions/node/extensionHostProcess.js:57:1836)
	at E.fire (/snap/code/60/usr/share/code/resources/app/out/vs/workbench/services/extensions/node/extensionHostProcess.js:65:15496)
	at /snap/code/60/usr/share/code/resources/app/out/vs/workbench/services/extensions/node/extensionHostProcess.js:105:30083
	at _.fire (/snap/code/60/usr/share/code/resources/app/out/vs/workbench/services/extensions/node/extensionHostProcess.js:57:1836)
	at E.fire (/snap/code/60/usr/share/code/resources/app/out/vs/workbench/services/extensions/node/extensionHostProcess.js:65:15496)
	at t._receiveMessage (/snap/code/60/usr/share/code/resources/app/out/vs/workbench/services/extensions/node/extensionHostProcess.js:65:20754)
	at /snap/code/60/usr/share/code/resources/app/out/vs/workbench/services/extensions/node/extensionHostProcess.js:65:17640
	at _.fire (/snap/code/60/usr/share/code/resources/app/out/vs/workbench/services/extensions/node/extensionHostProcess.js:57:1836)
	at acceptChunk (/snap/code/60/usr/share/code/resources/app/out/vs/workbench/services/extensions/node/extensionHostProcess.js:65:12861)
	at /snap/code/60/usr/share/code/resources/app/out/vs/workbench/services/extensions/node/extensionHostProcess.js:65:12209
	at Socket.w (/snap/code/60/usr/share/code/resources/app/out/vs/workbench/services/extensions/node/extensionHostProcess.js:105:13173)
	at Socket.emit (events.js:315:20)
	at addChunk (_stream_readable.js:295:12)
	at readableAddChunk (_stream_readable.js:271:9)
	at Socket.Readable.push (_stream_readable.js:212:10)
	at Pipe.onStreamRead (internal/stream_base_commons.js:186:23)
[2021-05-12 17:08:06.967] [exthost] [error] [vscode.emmet] provider FAILED
[2021-05-12 17:08:06.967] [exthost] [error] Error: Unable to find matching pair for ( at char 92
	at t.a.error (/snap/code/60/usr/share/code/resources/app/extensions/emmet/dist/node/emmetNodeMain.js:1:14574)
	at f (/snap/code/60/usr/share/code/resources/app/extensions/emmet/dist/node/emmetNodeMain.js:1:3423)
	at c (/snap/code/60/usr/share/code/resources/app/extensions/emmet/dist/node/emmetNodeMain.js:1:46869)
	at l (/snap/code/60/usr/share/code/resources/app/extensions/emmet/dist/node/emmetNodeMain.js:1:46943)
	at /snap/code/60/usr/share/code/resources/app/extensions/emmet/dist/node/emmetNodeMain.js:1:47569
	at h (/snap/code/60/usr/share/code/resources/app/extensions/emmet/dist/node/emmetNodeMain.js:1:47676)
	at C (/snap/code/60/usr/share/code/resources/app/extensions/emmet/dist/node/emmetNodeMain.js:1:48607)
	at t.default (/snap/code/60/usr/share/code/resources/app/extensions/emmet/dist/node/emmetNodeMain.js:1:49017)
	at t.getRootNode (/snap/code/60/usr/share/code/resources/app/extensions/emmet/dist/node/emmetNodeMain.js:1:13697)
	at t.DefaultCompletionItemProvider.provideCompletionItemsInternal (/snap/code/60/usr/share/code/resources/app/extensions/emmet/dist/node/emmetNodeMain.js:1:60648)
	at t.DefaultCompletionItemProvider.provideCompletionItems (/snap/code/60/usr/share/code/resources/app/extensions/emmet/dist/node/emmetNodeMain.js:1:59521)
	at /snap/code/60/usr/share/code/resources/app/out/vs/workbench/services/extensions/node/extensionHostProcess.js:86:170887
	at /snap/code/60/usr/share/code/resources/app/out/vs/workbench/services/extensions/node/extensionHostProcess.js:64:12046
	at new Promise (<anonymous>)
	at g (/snap/code/60/usr/share/code/resources/app/out/vs/workbench/services/extensions/node/extensionHostProcess.js:64:12018)
	at M.provideCompletionItems (/snap/code/60/usr/share/code/resources/app/out/vs/workbench/services/extensions/node/extensionHostProcess.js:86:170867)
	at /snap/code/60/usr/share/code/resources/app/out/vs/workbench/services/extensions/node/extensionHostProcess.js:86:189350
	at Ie._withAdapter (/snap/code/60/usr/share/code/resources/app/out/vs/workbench/services/extensions/node/extensionHostProcess.js:86:179343)
	at Ie.$provideCompletionItems (/snap/code/60/usr/share/code/resources/app/out/vs/workbench/services/extensions/node/extensionHostProcess.js:86:189326)
	at u._doInvokeHandler (/snap/code/60/usr/share/code/resources/app/out/vs/workbench/services/extensions/node/extensionHostProcess.js:90:12794)
	at u._invokeHandler (/snap/code/60/usr/share/code/resources/app/out/vs/workbench/services/extensions/node/extensionHostProcess.js:90:12478)
	at u._receiveRequest (/snap/code/60/usr/share/code/resources/app/out/vs/workbench/services/extensions/node/extensionHostProcess.js:90:11094)
	at u._receiveOneMessage (/snap/code/60/usr/share/code/resources/app/out/vs/workbench/services/extensions/node/extensionHostProcess.js:90:9931)
	at /snap/code/60/usr/share/code/resources/app/out/vs/workbench/services/extensions/node/extensionHostProcess.js:90:8032
	at _.fire (/snap/code/60/usr/share/code/resources/app/out/vs/workbench/services/extensions/node/extensionHostProcess.js:57:1836)
	at E.fire (/snap/code/60/usr/share/code/resources/app/out/vs/workbench/services/extensions/node/extensionHostProcess.js:65:15496)
	at /snap/code/60/usr/share/code/resources/app/out/vs/workbench/services/extensions/node/extensionHostProcess.js:105:30083
	at _.fire (/snap/code/60/usr/share/code/resources/app/out/vs/workbench/services/extensions/node/extensionHostProcess.js:57:1836)
	at E.fire (/snap/code/60/usr/share/code/resources/app/out/vs/workbench/services/extensions/node/extensionHostProcess.js:65:15496)
	at t._receiveMessage (/snap/code/60/usr/share/code/resources/app/out/vs/workbench/services/extensions/node/extensionHostProcess.js:65:20754)
	at /snap/code/60/usr/share/code/resources/app/out/vs/workbench/services/extensions/node/extensionHostProcess.js:65:17640
	at _.fire (/snap/code/60/usr/share/code/resources/app/out/vs/workbench/services/extensions/node/extensionHostProcess.js:57:1836)
	at acceptChunk (/snap/code/60/usr/share/code/resources/app/out/vs/workbench/services/extensions/node/extensionHostProcess.js:65:12861)
	at /snap/code/60/usr/share/code/resources/app/out/vs/workbench/services/extensions/node/extensionHostProcess.js:65:12209
	at Socket.w (/snap/code/60/usr/share/code/resources/app/out/vs/workbench/services/extensions/node/extensionHostProcess.js:105:13173)
	at Socket.emit (events.js:315:20)
	at addChunk (_stream_readable.js:295:12)
	at readableAddChunk (_stream_readable.js:271:9)
	at Socket.Readable.push (_stream_readable.js:212:10)
	at Pipe.onStreamRead (internal/stream_base_commons.js:186:23)
[2021-05-12 17:08:07.897] [exthost] [error] [vscode.emmet] provider FAILED
[2021-05-12 17:08:07.897] [exthost] [error] Error: Unable to find matching pair for ( at char 92
	at t.a.error (/snap/code/60/usr/share/code/resources/app/extensions/emmet/dist/node/emmetNodeMain.js:1:14574)
	at f (/snap/code/60/usr/share/code/resources/app/extensions/emmet/dist/node/emmetNodeMain.js:1:3423)
	at c (/snap/code/60/usr/share/code/resources/app/extensions/emmet/dist/node/emmetNodeMain.js:1:46869)
	at l (/snap/code/60/usr/share/code/resources/app/extensions/emmet/dist/node/emmetNodeMain.js:1:46943)
	at /snap/code/60/usr/share/code/resources/app/extensions/emmet/dist/node/emmetNodeMain.js:1:47569
	at h (/snap/code/60/usr/share/code/resources/app/extensions/emmet/dist/node/emmetNodeMain.js:1:47676)
	at C (/snap/code/60/usr/share/code/resources/app/extensions/emmet/dist/node/emmetNodeMain.js:1:48607)
	at t.default (/snap/code/60/usr/share/code/resources/app/extensions/emmet/dist/node/emmetNodeMain.js:1:49017)
	at t.getRootNode (/snap/code/60/usr/share/code/resources/app/extensions/emmet/dist/node/emmetNodeMain.js:1:13697)
	at t.DefaultCompletionItemProvider.provideCompletionItemsInternal (/snap/code/60/usr/share/code/resources/app/extensions/emmet/dist/node/emmetNodeMain.js:1:60648)
	at t.DefaultCompletionItemProvider.provideCompletionItems (/snap/code/60/usr/share/code/resources/app/extensions/emmet/dist/node/emmetNodeMain.js:1:59521)
	at /snap/code/60/usr/share/code/resources/app/out/vs/workbench/services/extensions/node/extensionHostProcess.js:86:170887
	at /snap/code/60/usr/share/code/resources/app/out/vs/workbench/services/extensions/node/extensionHostProcess.js:64:12046
	at new Promise (<anonymous>)
	at g (/snap/code/60/usr/share/code/resources/app/out/vs/workbench/services/extensions/node/extensionHostProcess.js:64:12018)
	at M.provideCompletionItems (/snap/code/60/usr/share/code/resources/app/out/vs/workbench/services/extensions/node/extensionHostProcess.js:86:170867)
	at /snap/code/60/usr/share/code/resources/app/out/vs/workbench/services/extensions/node/extensionHostProcess.js:86:189350
	at Ie._withAdapter (/snap/code/60/usr/share/code/resources/app/out/vs/workbench/services/extensions/node/extensionHostProcess.js:86:179343)
	at Ie.$provideCompletionItems (/snap/code/60/usr/share/code/resources/app/out/vs/workbench/services/extensions/node/extensionHostProcess.js:86:189326)
	at u._doInvokeHandler (/snap/code/60/usr/share/code/resources/app/out/vs/workbench/services/extensions/node/extensionHostProcess.js:90:12794)
	at u._invokeHandler (/snap/code/60/usr/share/code/resources/app/out/vs/workbench/services/extensions/node/extensionHostProcess.js:90:12478)
	at u._receiveRequest (/snap/code/60/usr/share/code/resources/app/out/vs/workbench/services/extensions/node/extensionHostProcess.js:90:11094)
	at u._receiveOneMessage (/snap/code/60/usr/share/code/resources/app/out/vs/workbench/services/extensions/node/extensionHostProcess.js:90:9931)
	at /snap/code/60/usr/share/code/resources/app/out/vs/workbench/services/extensions/node/extensionHostProcess.js:90:8032
	at _.fire (/snap/code/60/usr/share/code/resources/app/out/vs/workbench/services/extensions/node/extensionHostProcess.js:57:1836)
	at E.fire (/snap/code/60/usr/share/code/resources/app/out/vs/workbench/services/extensions/node/extensionHostProcess.js:65:15496)
	at /snap/code/60/usr/share/code/resources/app/out/vs/workbench/services/extensions/node/extensionHostProcess.js:105:30083
	at _.fire (/snap/code/60/usr/share/code/resources/app/out/vs/workbench/services/extensions/node/extensionHostProcess.js:57:1836)
	at E.fire (/snap/code/60/usr/share/code/resources/app/out/vs/workbench/services/extensions/node/extensionHostProcess.js:65:15496)
	at t._receiveMessage (/snap/code/60/usr/share/code/resources/app/out/vs/workbench/services/extensions/node/extensionHostProcess.js:65:20754)
	at /snap/code/60/usr/share/code/resources/app/out/vs/workbench/services/extensions/node/extensionHostProcess.js:65:17640
	at _.fire (/snap/code/60/usr/share/code/resources/app/out/vs/workbench/services/extensions/node/extensionHostProcess.js:57:1836)
	at acceptChunk (/snap/code/60/usr/share/code/resources/app/out/vs/workbench/services/extensions/node/extensionHostProcess.js:65:12861)
	at /snap/code/60/usr/share/code/resources/app/out/vs/workbench/services/extensions/node/extensionHostProcess.js:65:12209
	at Socket.w (/snap/code/60/usr/share/code/resources/app/out/vs/workbench/services/extensions/node/extensionHostProcess.js:105:13173)
	at Socket.emit (events.js:315:20)
	at addChunk (_stream_readable.js:295:12)
	at readableAddChunk (_stream_readable.js:271:9)
	at Socket.Readable.push (_stream_readable.js:212:10)
	at Pipe.onStreamRead (internal/stream_base_commons.js:186:23)
[2021-05-12 17:08:08.047] [exthost] [error] [vscode.emmet] provider FAILED
[2021-05-12 17:08:08.047] [exthost] [error] Error: Unable to find matching pair for ( at char 92
	at t.a.error (/snap/code/60/usr/share/code/resources/app/extensions/emmet/dist/node/emmetNodeMain.js:1:14574)
	at f (/snap/code/60/usr/share/code/resources/app/extensions/emmet/dist/node/emmetNodeMain.js:1:3423)
	at c (/snap/code/60/usr/share/code/resources/app/extensions/emmet/dist/node/emmetNodeMain.js:1:46869)
	at l (/snap/code/60/usr/share/code/resources/app/extensions/emmet/dist/node/emmetNodeMain.js:1:46943)
	at /snap/code/60/usr/share/code/resources/app/extensions/emmet/dist/node/emmetNodeMain.js:1:47569
	at h (/snap/code/60/usr/share/code/resources/app/extensions/emmet/dist/node/emmetNodeMain.js:1:47676)
	at C (/snap/code/60/usr/share/code/resources/app/extensions/emmet/dist/node/emmetNodeMain.js:1:48607)
	at t.default (/snap/code/60/usr/share/code/resources/app/extensions/emmet/dist/node/emmetNodeMain.js:1:49017)
	at t.getRootNode (/snap/code/60/usr/share/code/resources/app/extensions/emmet/dist/node/emmetNodeMain.js:1:13697)
	at t.DefaultCompletionItemProvider.provideCompletionItemsInternal (/snap/code/60/usr/share/code/resources/app/extensions/emmet/dist/node/emmetNodeMain.js:1:60648)
	at t.DefaultCompletionItemProvider.provideCompletionItems (/snap/code/60/usr/share/code/resources/app/extensions/emmet/dist/node/emmetNodeMain.js:1:59521)
	at /snap/code/60/usr/share/code/resources/app/out/vs/workbench/services/extensions/node/extensionHostProcess.js:86:170887
	at /snap/code/60/usr/share/code/resources/app/out/vs/workbench/services/extensions/node/extensionHostProcess.js:64:12046
	at new Promise (<anonymous>)
	at g (/snap/code/60/usr/share/code/resources/app/out/vs/workbench/services/extensions/node/extensionHostProcess.js:64:12018)
	at M.provideCompletionItems (/snap/code/60/usr/share/code/resources/app/out/vs/workbench/services/extensions/node/extensionHostProcess.js:86:170867)
	at /snap/code/60/usr/share/code/resources/app/out/vs/workbench/services/extensions/node/extensionHostProcess.js:86:189350
	at Ie._withAdapter (/snap/code/60/usr/share/code/resources/app/out/vs/workbench/services/extensions/node/extensionHostProcess.js:86:179343)
	at Ie.$provideCompletionItems (/snap/code/60/usr/share/code/resources/app/out/vs/workbench/services/extensions/node/extensionHostProcess.js:86:189326)
	at u._doInvokeHandler (/snap/code/60/usr/share/code/resources/app/out/vs/workbench/services/extensions/node/extensionHostProcess.js:90:12794)
	at u._invokeHandler (/snap/code/60/usr/share/code/resources/app/out/vs/workbench/services/extensions/node/extensionHostProcess.js:90:12478)
	at u._receiveRequest (/snap/code/60/usr/share/code/resources/app/out/vs/workbench/services/extensions/node/extensionHostProcess.js:90:11094)
	at u._receiveOneMessage (/snap/code/60/usr/share/code/resources/app/out/vs/workbench/services/extensions/node/extensionHostProcess.js:90:9931)
	at /snap/code/60/usr/share/code/resources/app/out/vs/workbench/services/extensions/node/extensionHostProcess.js:90:8032
	at _.fire (/snap/code/60/usr/share/code/resources/app/out/vs/workbench/services/extensions/node/extensionHostProcess.js:57:1836)
	at E.fire (/snap/code/60/usr/share/code/resources/app/out/vs/workbench/services/extensions/node/extensionHostProcess.js:65:15496)
	at /snap/code/60/usr/share/code/resources/app/out/vs/workbench/services/extensions/node/extensionHostProcess.js:105:30083
	at _.fire (/snap/code/60/usr/share/code/resources/app/out/vs/workbench/services/extensions/node/extensionHostProcess.js:57:1836)
	at E.fire (/snap/code/60/usr/share/code/resources/app/out/vs/workbench/services/extensions/node/extensionHostProcess.js:65:15496)
	at t._receiveMessage (/snap/code/60/usr/share/code/resources/app/out/vs/workbench/services/extensions/node/extensionHostProcess.js:65:20754)
	at /snap/code/60/usr/share/code/resources/app/out/vs/workbench/services/extensions/node/extensionHostProcess.js:65:17640
	at _.fire (/snap/code/60/usr/share/code/resources/app/out/vs/workbench/services/extensions/node/extensionHostProcess.js:57:1836)
	at acceptChunk (/snap/code/60/usr/share/code/resources/app/out/vs/workbench/services/extensions/node/extensionHostProcess.js:65:12861)
	at /snap/code/60/usr/share/code/resources/app/out/vs/workbench/services/extensions/node/extensionHostProcess.js:65:12209
	at Socket.w (/snap/code/60/usr/share/code/resources/app/out/vs/workbench/services/extensions/node/extensionHostProcess.js:105:13173)
	at Socket.emit (events.js:315:20)
	at addChunk (_stream_readable.js:295:12)
	at readableAddChunk (_stream_readable.js:271:9)
	at Socket.Readable.push (_stream_readable.js:212:10)
	at Pipe.onStreamRead (internal/stream_base_commons.js:186:23)
[2021-05-12 17:08:08.233] [exthost] [error] [vscode.emmet] provider FAILED
[2021-05-12 17:08:08.233] [exthost] [error] Error: Unable to find matching pair for ( at char 92
	at t.a.error (/snap/code/60/usr/share/code/resources/app/extensions/emmet/dist/node/emmetNodeMain.js:1:14574)
	at f (/snap/code/60/usr/share/code/resources/app/extensions/emmet/dist/node/emmetNodeMain.js:1:3423)
	at c (/snap/code/60/usr/share/code/resources/app/extensions/emmet/dist/node/emmetNodeMain.js:1:46869)
	at l (/snap/code/60/usr/share/code/resources/app/extensions/emmet/dist/node/emmetNodeMain.js:1:46943)
	at /snap/code/60/usr/share/code/resources/app/extensions/emmet/dist/node/emmetNodeMain.js:1:47569
	at h (/snap/code/60/usr/share/code/resources/app/extensions/emmet/dist/node/emmetNodeMain.js:1:47676)
	at C (/snap/code/60/usr/share/code/resources/app/extensions/emmet/dist/node/emmetNodeMain.js:1:48607)
	at t.default (/snap/code/60/usr/share/code/resources/app/extensions/emmet/dist/node/emmetNodeMain.js:1:49017)
	at t.getRootNode (/snap/code/60/usr/share/code/resources/app/extensions/emmet/dist/node/emmetNodeMain.js:1:13697)
	at t.DefaultCompletionItemProvider.provideCompletionItemsInternal (/snap/code/60/usr/share/code/resources/app/extensions/emmet/dist/node/emmetNodeMain.js:1:60648)
	at t.DefaultCompletionItemProvider.provideCompletionItems (/snap/code/60/usr/share/code/resources/app/extensions/emmet/dist/node/emmetNodeMain.js:1:59521)
	at /snap/code/60/usr/share/code/resources/app/out/vs/workbench/services/extensions/node/extensionHostProcess.js:86:170887
	at /snap/code/60/usr/share/code/resources/app/out/vs/workbench/services/extensions/node/extensionHostProcess.js:64:12046
	at new Promise (<anonymous>)
	at g (/snap/code/60/usr/share/code/resources/app/out/vs/workbench/services/extensions/node/extensionHostProcess.js:64:12018)
	at M.provideCompletionItems (/snap/code/60/usr/share/code/resources/app/out/vs/workbench/services/extensions/node/extensionHostProcess.js:86:170867)
	at /snap/code/60/usr/share/code/resources/app/out/vs/workbench/services/extensions/node/extensionHostProcess.js:86:189350
	at Ie._withAdapter (/snap/code/60/usr/share/code/resources/app/out/vs/workbench/services/extensions/node/extensionHostProcess.js:86:179343)
	at Ie.$provideCompletionItems (/snap/code/60/usr/share/code/resources/app/out/vs/workbench/services/extensions/node/extensionHostProcess.js:86:189326)
	at u._doInvokeHandler (/snap/code/60/usr/share/code/resources/app/out/vs/workbench/services/extensions/node/extensionHostProcess.js:90:12794)
	at u._invokeHandler (/snap/code/60/usr/share/code/resources/app/out/vs/workbench/services/extensions/node/extensionHostProcess.js:90:12478)
	at u._receiveRequest (/snap/code/60/usr/share/code/resources/app/out/vs/workbench/services/extensions/node/extensionHostProcess.js:90:11094)
	at u._receiveOneMessage (/snap/code/60/usr/share/code/resources/app/out/vs/workbench/services/extensions/node/extensionHostProcess.js:90:9931)
	at /snap/code/60/usr/share/code/resources/app/out/vs/workbench/services/extensions/node/extensionHostProcess.js:90:8032
	at _.fire (/snap/code/60/usr/share/code/resources/app/out/vs/workbench/services/extensions/node/extensionHostProcess.js:57:1836)
	at E.fire (/snap/code/60/usr/share/code/resources/app/out/vs/workbench/services/extensions/node/extensionHostProcess.js:65:15496)
	at /snap/code/60/usr/share/code/resources/app/out/vs/workbench/services/extensions/node/extensionHostProcess.js:105:30083
	at _.fire (/snap/code/60/usr/share/code/resources/app/out/vs/workbench/services/extensions/node/extensionHostProcess.js:57:1836)
	at E.fire (/snap/code/60/usr/share/code/resources/app/out/vs/workbench/services/extensions/node/extensionHostProcess.js:65:15496)
	at t._receiveMessage (/snap/code/60/usr/share/code/resources/app/out/vs/workbench/services/extensions/node/extensionHostProcess.js:65:20754)
	at /snap/code/60/usr/share/code/resources/app/out/vs/workbench/services/extensions/node/extensionHostProcess.js:65:17640
	at _.fire (/snap/code/60/usr/share/code/resources/app/out/vs/workbench/services/extensions/node/extensionHostProcess.js:57:1836)
	at acceptChunk (/snap/code/60/usr/share/code/resources/app/out/vs/workbench/services/extensions/node/extensionHostProcess.js:65:12861)
	at /snap/code/60/usr/share/code/resources/app/out/vs/workbench/services/extensions/node/extensionHostProcess.js:65:12209
	at Socket.w (/snap/code/60/usr/share/code/resources/app/out/vs/workbench/services/extensions/node/extensionHostProcess.js:105:13173)
	at Socket.emit (events.js:315:20)
	at addChunk (_stream_readable.js:295:12)
	at readableAddChunk (_stream_readable.js:271:9)
	at Socket.Readable.push (_stream_readable.js:212:10)
	at Pipe.onStreamRead (internal/stream_base_commons.js:186:23)
[2021-05-12 17:08:08.629] [exthost] [error] [vscode.emmet] provider FAILED
[2021-05-12 17:08:08.629] [exthost] [error] Error: Unable to find matching pair for ( at char 92
	at t.a.error (/snap/code/60/usr/share/code/resources/app/extensions/emmet/dist/node/emmetNodeMain.js:1:14574)
	at f (/snap/code/60/usr/share/code/resources/app/extensions/emmet/dist/node/emmetNodeMain.js:1:3423)
	at c (/snap/code/60/usr/share/code/resources/app/extensions/emmet/dist/node/emmetNodeMain.js:1:46869)
	at l (/snap/code/60/usr/share/code/resources/app/extensions/emmet/dist/node/emmetNodeMain.js:1:46943)
	at /snap/code/60/usr/share/code/resources/app/extensions/emmet/dist/node/emmetNodeMain.js:1:47569
	at h (/snap/code/60/usr/share/code/resources/app/extensions/emmet/dist/node/emmetNodeMain.js:1:47676)
	at C (/snap/code/60/usr/share/code/resources/app/extensions/emmet/dist/node/emmetNodeMain.js:1:48607)
	at t.default (/snap/code/60/usr/share/code/resources/app/extensions/emmet/dist/node/emmetNodeMain.js:1:49017)
	at t.getRootNode (/snap/code/60/usr/share/code/resources/app/extensions/emmet/dist/node/emmetNodeMain.js:1:13697)
	at t.DefaultCompletionItemProvider.provideCompletionItemsInternal (/snap/code/60/usr/share/code/resources/app/extensions/emmet/dist/node/emmetNodeMain.js:1:60648)
	at t.DefaultCompletionItemProvider.provideCompletionItems (/snap/code/60/usr/share/code/resources/app/extensions/emmet/dist/node/emmetNodeMain.js:1:59521)
	at /snap/code/60/usr/share/code/resources/app/out/vs/workbench/services/extensions/node/extensionHostProcess.js:86:170887
	at /snap/code/60/usr/share/code/resources/app/out/vs/workbench/services/extensions/node/extensionHostProcess.js:64:12046
	at new Promise (<anonymous>)
	at g (/snap/code/60/usr/share/code/resources/app/out/vs/workbench/services/extensions/node/extensionHostProcess.js:64:12018)
	at M.provideCompletionItems (/snap/code/60/usr/share/code/resources/app/out/vs/workbench/services/extensions/node/extensionHostProcess.js:86:170867)
	at /snap/code/60/usr/share/code/resources/app/out/vs/workbench/services/extensions/node/extensionHostProcess.js:86:189350
	at Ie._withAdapter (/snap/code/60/usr/share/code/resources/app/out/vs/workbench/services/extensions/node/extensionHostProcess.js:86:179343)
	at Ie.$provideCompletionItems (/snap/code/60/usr/share/code/resources/app/out/vs/workbench/services/extensions/node/extensionHostProcess.js:86:189326)
	at u._doInvokeHandler (/snap/code/60/usr/share/code/resources/app/out/vs/workbench/services/extensions/node/extensionHostProcess.js:90:12794)
	at u._invokeHandler (/snap/code/60/usr/share/code/resources/app/out/vs/workbench/services/extensions/node/extensionHostProcess.js:90:12478)
	at u._receiveRequest (/snap/code/60/usr/share/code/resources/app/out/vs/workbench/services/extensions/node/extensionHostProcess.js:90:11094)
	at u._receiveOneMessage (/snap/code/60/usr/share/code/resources/app/out/vs/workbench/services/extensions/node/extensionHostProcess.js:90:9931)
	at /snap/code/60/usr/share/code/resources/app/out/vs/workbench/services/extensions/node/extensionHostProcess.js:90:8032
	at _.fire (/snap/code/60/usr/share/code/resources/app/out/vs/workbench/services/extensions/node/extensionHostProcess.js:57:1836)
	at E.fire (/snap/code/60/usr/share/code/resources/app/out/vs/workbench/services/extensions/node/extensionHostProcess.js:65:15496)
	at /snap/code/60/usr/share/code/resources/app/out/vs/workbench/services/extensions/node/extensionHostProcess.js:105:30083
	at _.fire (/snap/code/60/usr/share/code/resources/app/out/vs/workbench/services/extensions/node/extensionHostProcess.js:57:1836)
	at E.fire (/snap/code/60/usr/share/code/resources/app/out/vs/workbench/services/extensions/node/extensionHostProcess.js:65:15496)
	at t._receiveMessage (/snap/code/60/usr/share/code/resources/app/out/vs/workbench/services/extensions/node/extensionHostProcess.js:65:20754)
	at /snap/code/60/usr/share/code/resources/app/out/vs/workbench/services/extensions/node/extensionHostProcess.js:65:17640
	at _.fire (/snap/code/60/usr/share/code/resources/app/out/vs/workbench/services/extensions/node/extensionHostProcess.js:57:1836)
	at acceptChunk (/snap/code/60/usr/share/code/resources/app/out/vs/workbench/services/extensions/node/extensionHostProcess.js:65:12861)
	at /snap/code/60/usr/share/code/resources/app/out/vs/workbench/services/extensions/node/extensionHostProcess.js:65:12209
	at Socket.w (/snap/code/60/usr/share/code/resources/app/out/vs/workbench/services/extensions/node/extensionHostProcess.js:105:13173)
	at Socket.emit (events.js:315:20)
	at addChunk (_stream_readable.js:295:12)
	at readableAddChunk (_stream_readable.js:271:9)
	at Socket.Readable.push (_stream_readable.js:212:10)
	at Pipe.onStreamRead (internal/stream_base_commons.js:186:23)
[2021-05-12 17:08:10.049] [exthost] [error] [vscode.emmet] provider FAILED
[2021-05-12 17:08:10.049] [exthost] [error] Error: Unable to find matching pair for ( at char 92
	at t.a.error (/snap/code/60/usr/share/code/resources/app/extensions/emmet/dist/node/emmetNodeMain.js:1:14574)
	at f (/snap/code/60/usr/share/code/resources/app/extensions/emmet/dist/node/emmetNodeMain.js:1:3423)
	at c (/snap/code/60/usr/share/code/resources/app/extensions/emmet/dist/node/emmetNodeMain.js:1:46869)
	at l (/snap/code/60/usr/share/code/resources/app/extensions/emmet/dist/node/emmetNodeMain.js:1:46943)
	at /snap/code/60/usr/share/code/resources/app/extensions/emmet/dist/node/emmetNodeMain.js:1:47569
	at h (/snap/code/60/usr/share/code/resources/app/extensions/emmet/dist/node/emmetNodeMain.js:1:47676)
	at C (/snap/code/60/usr/share/code/resources/app/extensions/emmet/dist/node/emmetNodeMain.js:1:48607)
	at t.default (/snap/code/60/usr/share/code/resources/app/extensions/emmet/dist/node/emmetNodeMain.js:1:49017)
	at t.getRootNode (/snap/code/60/usr/share/code/resources/app/extensions/emmet/dist/node/emmetNodeMain.js:1:13697)
	at t.DefaultCompletionItemProvider.provideCompletionItemsInternal (/snap/code/60/usr/share/code/resources/app/extensions/emmet/dist/node/emmetNodeMain.js:1:60648)
	at t.DefaultCompletionItemProvider.provideCompletionItems (/snap/code/60/usr/share/code/resources/app/extensions/emmet/dist/node/emmetNodeMain.js:1:59521)
	at /snap/code/60/usr/share/code/resources/app/out/vs/workbench/services/extensions/node/extensionHostProcess.js:86:170887
	at /snap/code/60/usr/share/code/resources/app/out/vs/workbench/services/extensions/node/extensionHostProcess.js:64:12046
	at new Promise (<anonymous>)
	at g (/snap/code/60/usr/share/code/resources/app/out/vs/workbench/services/extensions/node/extensionHostProcess.js:64:12018)
	at M.provideCompletionItems (/snap/code/60/usr/share/code/resources/app/out/vs/workbench/services/extensions/node/extensionHostProcess.js:86:170867)
	at /snap/code/60/usr/share/code/resources/app/out/vs/workbench/services/extensions/node/extensionHostProcess.js:86:189350
	at Ie._withAdapter (/snap/code/60/usr/share/code/resources/app/out/vs/workbench/services/extensions/node/extensionHostProcess.js:86:179343)
	at Ie.$provideCompletionItems (/snap/code/60/usr/share/code/resources/app/out/vs/workbench/services/extensions/node/extensionHostProcess.js:86:189326)
	at u._doInvokeHandler (/snap/code/60/usr/share/code/resources/app/out/vs/workbench/services/extensions/node/extensionHostProcess.js:90:12794)
	at u._invokeHandler (/snap/code/60/usr/share/code/resources/app/out/vs/workbench/services/extensions/node/extensionHostProcess.js:90:12478)
	at u._receiveRequest (/snap/code/60/usr/share/code/resources/app/out/vs/workbench/services/extensions/node/extensionHostProcess.js:90:11094)
	at u._receiveOneMessage (/snap/code/60/usr/share/code/resources/app/out/vs/workbench/services/extensions/node/extensionHostProcess.js:90:9931)
	at /snap/code/60/usr/share/code/resources/app/out/vs/workbench/services/extensions/node/extensionHostProcess.js:90:8032
	at _.fire (/snap/code/60/usr/share/code/resources/app/out/vs/workbench/services/extensions/node/extensionHostProcess.js:57:1836)
	at E.fire (/snap/code/60/usr/share/code/resources/app/out/vs/workbench/services/extensions/node/extensionHostProcess.js:65:15496)
	at /snap/code/60/usr/share/code/resources/app/out/vs/workbench/services/extensions/node/extensionHostProcess.js:105:30083
	at _.fire (/snap/code/60/usr/share/code/resources/app/out/vs/workbench/services/extensions/node/extensionHostProcess.js:57:1836)
	at E.fire (/snap/code/60/usr/share/code/resources/app/out/vs/workbench/services/extensions/node/extensionHostProcess.js:65:15496)
	at t._receiveMessage (/snap/code/60/usr/share/code/resources/app/out/vs/workbench/services/extensions/node/extensionHostProcess.js:65:20754)
	at /snap/code/60/usr/share/code/resources/app/out/vs/workbench/services/extensions/node/extensionHostProcess.js:65:17640
	at _.fire (/snap/code/60/usr/share/code/resources/app/out/vs/workbench/services/extensions/node/extensionHostProcess.js:57:1836)
	at acceptChunk (/snap/code/60/usr/share/code/resources/app/out/vs/workbench/services/extensions/node/extensionHostProcess.js:65:12861)
	at /snap/code/60/usr/share/code/resources/app/out/vs/workbench/services/extensions/node/extensionHostProcess.js:65:12209
	at Socket.w (/snap/code/60/usr/share/code/resources/app/out/vs/workbench/services/extensions/node/extensionHostProcess.js:105:13173)
	at Socket.emit (events.js:315:20)
	at addChunk (_stream_readable.js:295:12)
	at readableAddChunk (_stream_readable.js:271:9)
	at Socket.Readable.push (_stream_readable.js:212:10)
	at Pipe.onStreamRead (internal/stream_base_commons.js:186:23)
                                                                                                                                                                                                                          