Initializing document watcher...
NewProg/src/app/order/order.service.ts: {"insertSpaces":true,"tabSize":2}
NewProg/.vscode/launch.json: {"insertSpaces":true,"tabSize":2}
NewProg/.vscode/launch.json: {"insertSpaces":true,"tabSize":2}
NewProg/src/app/order/order.service.ts: {"insertSpaces":true,"tabSize":2}
NewProg/src/app/order/order-create/order-create.component.ts: {"insertSpaces":true,"tabSize":2}
NewProg/src/app/order/order.service.ts: {"insertSpaces":true,"tabSize":2}
NewProg/src/app/order/order-create/order-create.component.spec.ts: {"insertSpaces":true,"tabSize":2}
NewProg/src/app/order/order.service.ts: {"insertSpaces":true,"tabSize":2}
NewProg/.vscode/launch.json: {"insertSpaces":true,"tabSize":2}
NewProg/.vscode/launch.json: Using EditorConfig core...
.vscode/launch.json: editor.action.trimTrailingWhitespace
.vscode/launch.json: insertFinalNewline(LF)
NewProg/.vscode/launch.json: Using EditorConfig core...
.vscode/launch.json: editor.action.trimTrailingWhitespace
NewProg/.vscode/launch.json: {"insertSpaces":true,"tabSize":2}
NewProg/.vscode/launch.json: Using EditorConfig core...
.vscode/launch.json: editor.action.trimTrailingWhitespace
NewProg/src/app/order/order.service.ts: {"insertSpaces":true,"tabSize":2}
NewProg/src/app/order/order.service.ts: {"insertSpaces":true,"tabSize":2}
NewProg/.vscode/launch.json: {"insertSpaces":true,"tabSize":2}
NewProg/src/app/order/order.service.ts: {"insertSpaces":true,"tabSize":2}
NewProg/src/app/order/order.service.ts: {"insertSpaces":true,"tabSize":2}
NewProg/src/app/order/order.service.ts: {"insertSpaces":true,"tabSize":2}
NewProg/src/server.js: {"insertSpaces":true,"tabSize":2}
NewProg/src/app/order/order.service.ts: {"insertSpaces":true,"tabSize":2}
NewProg/src/app/order/order-placed/order-placed.component.ts: {"insertSpaces":true,"tabSize":2}
NewProg/src/app/order/order-placed/order-placed.component.ts: Using EditorConfig core...
src/app/order/order-placed/order-placed.component.ts: editor.action.trimTrailingWhitespace
NewProg/src/app/order/order-placed/order-placed.component.ts: Using EditorConfig core...
src/app/order/order-placed/order-placed.component.ts: editor.action.trimTrailingWhitespace
NewProg/src/app/order/order-placed/order-placed.component.ts: Using EditorConfig core...
src/app/order/order-placed/order-placed.component.ts: editor.action.trimTrailingWhitespace
NewProg/src/app/order/order-placed/order-placed.component.ts: Using EditorConfig core...
src/app/order/order-placed/order-placed.component.ts: editor.action.trimTrailingWhitespace
NewProg/src/app/order/order-placed/order-placed.component.ts: Using EditorConfig core...
src/app/order/order-placed/order-placed.component.ts: editor.action.trimTrailingWhitespace
NewProg/src/app/order/order-placed/order-placed.component.ts: Using EditorConfig core...
src/app/order/order-placed/order-placed.component.ts: editor.action.trimTrailingWhitespace
NewProg/src/app/order/order-placed/order-placed.component.ts: Using EditorConfig core...
src/app/order/order-placed/order-placed.component.ts: editor.action.trimTrailingWhitespace
NewProg/src/app/order/order-placed/order-placed.component.ts: Using EditorConfig core...
src/app/order/order-placed/order-placed.component.ts: editor.action.trimTrailingWhitespace
NewProg/src/app/order/order-placed/order-placed.component.ts: Using EditorConfig core...
src/app/order/order-placed/order-placed.component.ts: editor.action.trimTrailingWhitespace
NewProg/src/app/order/order-placed/order-placed.component.ts: Using EditorConfig core...
src/app/order/order-placed/order-placed.component.ts: editor.action.trimTrailingWhitespace
NewProg/src/app/order/order-placed/order-placed.component.ts: Using EditorConfig core...
src/app/order/order-placed/order-placed.component.ts: editor.action.trimTrailingWhitespace
NewProg/src/app/order/order-placed/order-placed.component.ts: Using EditorConfig core...
src/app/order/order-placed/order-placed.component.ts: editor.action.trimTrailingWhitespace
NewProg/src/app/order/order-placed/order-placed.component.ts: Using EditorConfig core...
src/app/order/order-placed/order-placed.component.ts: editor.action.trimTrailingWhitespace
NewProg/src/app/order/order-placed/order-placed.component.ts: Using EditorConfig core...
src/app/order/order-placed/order-placed.component.ts: editor.action.trimTrailingWhitespace
NewProg/src/app/order/order-placed/order-placed.component.ts: Using EditorConfig core...
src/app/order/order-placed/order-placed.component.ts: editor.action.trimTrailingWhitespace
NewProg/src/app/order/order-placed/order-placed.component.ts: Using EditorConfig core...
src/app/order/order-placed/order-placed.component.ts: editor.action.trimTrailingWhitespace
NewProg/src/app/order/order-placed/order-placed.component.ts: Using EditorConfig core...
src/app/order/order-placed/order-placed.component.ts: editor.action.trimTrailingWhitespace
NewProg/src/app/order/order-placed/order-placed.component.ts: Using EditorConfig core...
src/app/order/order-placed/order-placed.component.ts: editor.action.trimTrailingWhitespace
NewProg/src/app/order/order-placed/order-placed.component.ts: Using EditorConfig core...
src/app/order/order-placed/order-placed.component.ts: editor.action.trimTrailingWhitespace
NewProg/src/app/order/order-placed/order-placed.component.ts: Using EditorConfig core...
src/app/order/order-placed/order-placed.component.ts: editor.action.trimTrailingWhitespace
NewProg/src/app/order/order-placed/order-placed.component.ts: Using EditorConfig core...
src/app/order/order-placed/order-placed.component.ts: editor.action.trimTrailingWhitespace
NewProg/src/app/order/order-placed/order-placed.component.ts: Using EditorConfig core...
src/app/order/order-placed/order-placed.component.ts: editor.action.trimTrailingWhitespace
NewProg/src/app/order/order-placed/order-placed.component.ts: Using EditorConfig core...
src/app/order/order-placed/order-placed.component.ts: editor.action.trimTrailingWhitespace
NewProg/src/app/order/order-placed/order-placed.component.ts: Using EditorConfig core...
src/app/order/order-placed/order-placed.component.ts: editor.action.trimTrailingWhitespace
NewProg/src/app/order/order-placed/order-placed.component.ts: Using EditorConfig core...
src/app/order/order-placed/order-placed.component.ts: editor.action.trimTrailingWhitespace
NewProg/src/app/order/order-placed/order-placed.component.ts: Using EditorConfig core...
src/app/order/order-placed/order-placed.component.ts: editor.action.trimTrailingWhitespace
NewProg/src/app/order/order-placed/order-placed.component.ts: Using EditorConfig core...
src/app/order/order-placed/order-placed.component.ts: editor.action.trimTrailingWhitespace
NewProg/src/app/order/order-placed/order-placed.component.ts: Using EditorConfig core...
src/app/order/order-placed/order-placed.component.ts: editor.action.trimTrailingWhitespace
NewProg/src/app/order/order-placed/order-placed.component.ts: Using EditorConfig core...
src/app/order/order-placed/order-placed.component.ts: editor.action.trimTrailingWhitespace
NewProg/src/app/order/order-placed/order-placed.component.ts: Using EditorConfig core...
src/app/order/order-placed/order-placed.component.ts: editor.action.trimTrailingWhitespace
NewProg/src/app/order/order-placed/order-placed.component.ts: Using EditorConfig core...
src/app/order/order-placed/order-placed.component.ts: editor.action.trimTrailingWhitespace
NewProg/src/app/order/order-placed/order-placed.component.ts: Using EditorConfig core...
src/app/order/order-placed/order-placed.component.ts: editor.action.trimTrailingWhitespace
NewProg/src/app/order/order-placed/order-placed.component.ts: Using EditorConfig core...
src/app/order/order-placed/order-placed.component.ts: editor.action.trimTrailingWhitespace
NewProg/src/app/order/order-placed/order-placed.component.ts: Using EditorConfig core...
src/app/order/order-placed/order-placed.component.ts: editor.action.trimTrailingWhitespace
NewProg/src/app/order/order-placed/order-placed.component.ts: Using EditorConfig core...
src/app/order/order-placed/order-placed.component.ts: editor.action.trimTrailingWhitespace
NewProg/src/app/order/order-placed/order-placed.component.ts: Using EditorConfig core...
src/app/order/order-placed/order-placed.component.ts: editor.action.trimTrailingWhitespace
NewProg/src/app/order/order-placed/order-placed.component.ts: Using EditorConfig core...
src/app/order/order-placed/order-placed.component.ts: editor.action.trimTrailingWhitespace
NewProg/src/app/order/order-placed/order-placed.component.ts: Using EditorConfig core...
src/app/order/order-placed/order-placed.component.ts: editor.action.trimTrailingWhitespace
NewProg/src/app/order/order-placed/order-placed.component.ts: Using EditorConfig core...
src/app/order/order-placed/order-placed.component.ts: editor.action.trimTrailingWhitespace
NewProg/src/app/order/order.service.ts: {"insertSpaces":true,"tabSize":2}
NewProg/src/app/order/order-create/order-create.component.ts: {"insertSpaces":true,"tabSize":2}
NewProg/src/app/order/order.service.ts: {"insertSpaces":true,"tabSize":2}
NewProg/src/app/order/order-placed/order-placed.component.ts: {"insertSpaces":true,"tabSize":2}
NewProg/src/app/order/order-placed/order-placed.component.ts: Using EditorConfig core...
src/app/order/order-placed/order-placed.component.ts: editor.action.trimTrailingWhitespace
NewProg/src/app/order/order-placed/order-placed.component.ts: Using EditorConfig core...
src/app/order/order-placed/order-placed.component.ts: editor.action.trimTrailingWhitespace
NewProg/src/app/order/order-placed/order-placed.component.ts: Using EditorConfig core...
src/app/order/order-placed/order-placed.component.ts: editor.action.trimTrailingWhitespace
NewProg/src/app/order/order-placed/order-placed.component.ts: Using EditorConfig core...
src/app/order/order-placed/order-placed.component.ts: editor.action.trimTrailingWhitespace
NewProg/src/app/order/order-placed/order-placed.component.ts: Using EditorConfig core...
src/app/order/order-placed/order-placed.component.ts: editor.action.trimTrailingWhitespace
NewProg/src/app/order/order-placed/order-placed.component.ts: Using EditorConfig core...
src/app/order/order-placed/order-placed.component.ts: editor.action.trimTrailingWhitespace
NewProg/src/app/order/order-placed/order-placed.component.ts: Using EditorConfig core...
src/app/order/order-placed/order-placed.component.ts: editor.action.trimTrailingWhitespace
NewProg/src/app/order/order-placed/order-placed.component.ts: Using EditorConfig core...
src/app/order/order-placed/order-placed.component.ts: editor.action.trimTrailingWhitespace
NewProg/src/app/order/order-placed/order-placed.component.ts: Using EditorConfig core...
src/app/order/order-placed/order-placed.component.ts: editor.action.trimTrailingWhitespace
NewProg/src/app/order/order-placed/order-placed.component.ts: Using EditorConfig core...
src/app/order/order-placed/order-placed.component.ts: editor.action.trimTrailingWhitespace
NewProg/src/app/order/order-placed/order-placed.component.ts: Using EditorConfig core...
src/app/order/order-placed/order-placed.component.ts: editor.action.trimTrailingWhitespace
NewProg/src/app/order/order-placed/order-placed.component.ts: Using EditorConfig core...
src/app/order/order-placed/order-placed.component.ts: editor.action.trimTrailingWhitespace
NewProg/src/app/order/order-placed/order-placed.component.ts: Using EditorConfig core...
src/app/order/order-placed/order-placed.component.ts: editor.action.trimTrailingWhitespace
NewProg/src/app/order/order-placed/order-placed.component.ts: Using EditorConfig core...
src/app/order/order-placed/order-placed.component.ts: editor.action.trimTrailingWhitespace
NewProg/src/server.js: {"insertSpaces":true,"tabSize":2}
NewProg/src/server.js: Using EditorConfig core...
src/server.js: editor.action.trimTrailingWhitespace
src/server.js: insertFinalNewline(LF)
NewProg/src/server.js: Using EditorConfig core...
src/server.js: editor.action.trimTrailingWhitespace
src/server.js: insertFinalNewline(LF)
NewProg/src/server.js: Using EditorConfig core...
src/server.js: editor.action.trimTrailingWhitespace
NewProg/src/server.js: Using EditorConfig core...
src/server.js: editor.action.trimTrailingWhitespace
NewProg/src/server.js: Using EditorConfig core...
src/server.js: editor.action.trimTrailingWhitespace
NewProg/src/server.js: Using EditorConfig core...
src/server.js: editor.action.trimTrailingWhitespace
NewProg/src/server.js: Using EditorConfig core...
src/server.js: editor.action.trimTrailingWhitespace
NewProg/src/server.js: Using EditorConfig core...
src/server.js: editor.action.trimTrailingWhitespace
NewProg/src/server.js: Using EditorConfig core...
src/server.js: editor.action.trimTrailingWhitespace
NewProg/src/server.js: Using EditorConfig core...
src/server.js: editor.action.trimTrailingWhitespace
NewProg/src/server.js: Using EditorConfig core...
src/server.js: editor.action.trimTrailingWhitespace
NewProg/src/server.js: Using EditorConfig core...
src/server.js: editor.action.trimTrailingWhitespace
NewProg/src/server.js: Using EditorConfig core...
src/server.js: editor.action.trimTrailingWhitespace
NewProg/src/server.js: Using EditorConfig core...
src/server.js: editor.action.trimTrailingWhitespace
NewProg/src/server.js: Using EditorConfig core...
src/server.js: editor.action.trimTrailingWhitespace
NewProg/src/server.js: Using EditorConfig core...
src/server.js: editor.action.trimTrailingWhitespace
NewProg/src/server.js: Using EditorConfig core...
src/server.js: editor.action.trimTrailingWhitespace
NewProg/src/server.js: Using EditorConfig core...
src/server.js: editor.action.trimTrailingWhitespace
NewProg/src/server.js: Using EditorConfig core...
src/server.js: editor.action.trimTrailingWhitespace
NewProg/src/server.js: Using EditorConfig core...
src/server.js: editor.action.trimTrailingWhitespace
NewProg/src/server.js: Using EditorConfig core...
src/server.js: editor.action.trimTrailingWhitespace
NewProg/src/server.js: Using EditorConfig core...
src/server.js: editor.action.trimTrailingWhitespace
NewProg/src/server.js: Using EditorConfig core...
src/server.js: editor.action.trimTrailingWhitespace
NewProg/src/server.js: Using EditorConfig core...
src/server.js: editor.action.trimTrailingWhitespace
NewProg/src/server.js: Using EditorConfig core...
src/server.js: editor.action.trimTrailingWhitespace
NewProg/src/server.js: Using EditorConfig core...
src/server.js: editor.action.trimTrailingWhitespace
NewProg/src/server.js: Using EditorConfig core...
src/server.js: editor.action.trimTrailingWhitespace
NewProg/src/server.js: Using EditorConfig core...
src/server.js: editor.action.trimTrailingWhitespace
NewProg/src/server.js: Using EditorConfig core...
src/server.js: editor.action.trimTrailingWhitespace
NewProg/src/server.js: Using EditorConfig core...
src/server.js: editor.action.trimTrailingWhitespace
NewProg/src/server.js: Using EditorConfig core...
src/server.js: editor.action.trimTrailingWhitespace
NewProg/src/server.js: Using EditorConfig core...
src/server.js: editor.action.trimTrailingWhitespace
NewProg/src/server.js: Using EditorConfig core...
src/server.js: editor.action.trimTrailingWhitespace
NewProg/src/server.js: Using EditorConfig core...
src/server.js: editor.action.trimTrailingWhitespace
NewProg/src/server.js: Using EditorConfig core...
src/server.js: editor.action.trimTrailingWhitespace
NewProg/src/server.js: Using EditorConfig core...
src/server.js: editor.action.trimTrailingWhitespace
NewProg/src/server.js: Using EditorConfig core...
src/server.js: editor.action.trimTrailingWhitespace
NewProg/src/server.js: Using EditorConfig core...
src/server.js: editor.action.trimTrailingWhitespace
NewProg/src/server.js: Using EditorConfig core...
src/server.js: editor.action.trimTrailingWhitespace
NewProg/src/server.js: Using EditorConfig core...
src/server.js: editor.action.trimTrailingWhitespace
NewProg/src/server.js: Using EditorConfig core...
src/server.js: editor.action.trimTrailingWhitespace
